 Process in group number            4
 A PDF is used, so alpha_s(MZ) is going to be modified
 Old value of alpha_s from param_card:   0.13000000000000003     
  ****************************************
 
       NNPDFDriver version 1.0.3
   Grid: NNPDF23_lo_as_0130_qed_mem0.grid
  ****************************************
 New value of alpha_s from PDF nn23lo1:  0.13000000000000000     
 Warning! ptj set to xqcut=   20.000000000000000       to improve integration efficiency
 Note that this might affect non-radiated jets,
 e.g. from decays. Use cut_decays=F in run_card.
 Warning! mmjj set to xqcut=   20.000000000000000       to improve integration efficiency
 Note that this might affect non-radiated jets,
 e.g. from decays. Use cut_decays=F in run_card.
 Define smin to   5200.0000000000000     
 Define smin to   5200.0000000000000     
 Define smin to   5200.0000000000000     
 Define smin to   5200.0000000000000     
 *****************************************************
 *               MadGraph/MadEvent                   *
 *        --------------------------------           *
 *          http://madgraph.hep.uiuc.edu             *
 *          http://madgraph.phys.ucl.ac.be           *
 *          http://madgraph.roma2.infn.it            *
 *        --------------------------------           *
 *                                                   *
 *          PARAMETER AND COUPLING VALUES            *
 *                                                   *
 *****************************************************

  External Params
  ---------------------------------
  
 aEWM1 =    132.50700000000001     
 mdl_Gf =    1.1663900000000000E-005
 aS =   0.13000000000000003     
 mdl_ymb =    4.7000000000000002     
 mdl_ymt =    173.00000000000000     
 mdl_ymtau =    1.7769999999999999     
 mdl_MZ =    91.188000000000002     
 mdl_MT =    173.00000000000000     
 mdl_MB =    4.7000000000000002     
 mdl_MH =    125.00000000000000     
 mdl_MTA =    1.7769999999999999     
 mdl_WZ =    2.4414039999999999     
 mdl_WW =    2.0476000000000001     
 mdl_WT =    1.4915000000000000     
 mdl_WH =    6.3823389999999999E-003
  Internal Params
  ---------------------------------
  
 mdl_conjg__CKM3x3 =    1.0000000000000000     
 mdl_CKM3x3 =    1.0000000000000000     
 mdl_conjg__CKM1x1 =    1.0000000000000000     
 mdl_complexi =                (0.0000000000000000,1.0000000000000000)
 mdl_MZ__exp__2 =    8315.2513440000002     
 mdl_MZ__exp__4 =    69143404.913893804     
 mdl_sqrt__2 =    1.4142135623730951     
 mdl_MH__exp__2 =    15625.000000000000     
 mdl_aEW =    7.5467711139788835E-003
 mdl_MW =    80.419002445756163     
 mdl_sqrt__aEW =    8.6872153846781555E-002
 mdl_ee =   0.30795376724436879     
 mdl_MW__exp__2 =    6467.2159543705357     
 mdl_sw2 =   0.22224648578577766     
 mdl_cw =   0.88190334743339216     
 mdl_sqrt__sw2 =   0.47143025548407230     
 mdl_sw =   0.47143025548407230     
 mdl_g1 =   0.34919219678733299     
 mdl_gw =   0.65323293034757990     
 mdl_vev =    246.21845810181637     
 mdl_vev__exp__2 =    60623.529110035903     
 mdl_lam =   0.12886910601690263     
 mdl_yb =    2.6995554250465490E-002
 mdl_yt =   0.99366614581500623     
 mdl_ytau =    1.0206617000654717E-002
 mdl_muH =    88.388347648318430     
 mdl_I1x33 =          (2.69955542504654901E-002,0.0000000000000000)
 mdl_I2x33 =               (0.99366614581500623,0.0000000000000000)
 mdl_I3x33 =               (0.99366614581500623,0.0000000000000000)
 mdl_I4x33 =          (2.69955542504654901E-002,0.0000000000000000)
 mdl_ee__exp__2 =    9.4835522759998875E-002
 mdl_sw__exp__2 =   0.22224648578577769     
 mdl_cw__exp__2 =   0.77775351421422245     
  Internal Params evaluated point by point
  ----------------------------------------
  
 mdl_sqrt__aS =   0.36055512754639896     
 mdl_G__exp__2 =    1.6336281798666927     
  Couplings of sm
  ---------------------------------
  
        GC_10 =  -0.12781E+01   0.00000E+00
        GC_11 =   0.00000E+00   0.12781E+01
        GC_50 =  -0.00000E+00  -0.28804E+00
        GC_53 =   0.00000E+00   0.57609E+00
        GC_58 =  -0.00000E+00  -0.27437E-01
        GC_59 =   0.00000E+00   0.82310E-01
       GC_100 =   0.00000E+00   0.46191E+00

 Collider parameters:
 --------------------

 Running at P P   machine @    13000.000000000000       GeV
 PDF set = nn23lo1
 alpha_s(Mz)= 0.1300 running at 2 loops.
 alpha_s(Mz)= 0.1300 running at 2 loops.
 Renormalization scale set on event-by-event basis
 Factorization   scale set on event-by-event basis


 getting user params
Enter number of events and max and min iterations: 
 Number of events and iterations         1000           5           3
Enter desired fractional accuracy: 
 Desired fractional accuracy:   0.10000000000000001     
Enter 0 for fixed, 2 for adjustable grid: 
Suppress amplitude (0 no, 1 yes)? 
 Using suppressed amplitude.
Exact helicity sum (0 yes, n = number/event)? 
 Explicitly summing over helicities
Enter Configuration Number: 
Running Configuration Number:   26
 Not subdividing B.W.
 Attempting mappinvarients           1           8
 Determine nb_t
 T-channel found:            2
 Completed mapping           8
 about to integrate           16        1000           7           3          16           1
 Using non-zero grid deformation.
 16 dimensions   1000 events 16 invarients  7 iterations  1 config(s),  (0.99)
 Using h-tuple random number sequence.
 Error opening grid
 Using Uniform Grid!          32
 Using uniform alpha   1.0000000000000000     
 Grid defined OK
 Masses: 0.000E+00 0.000E+00 0.000E+00 0.000E+00 0.000E+00 0.000E+00 0.000E+00 0.000E+00
 Set CM energy to      13000.00
 Mapping Graph          26  to config          26
 Determine nb_t
 T-channel found:            2
Setting grid   1    0.23669E-05   1
 Setting BW          -2           1   91.188000000000002     
 Setting BW          -3           2   80.419002445756163     
Setting grid   4    0.94675E-05   1
Setting grid   5    0.14619E-04   1
 Transforming s_hat 1/s           15   1.2316209098858926E-004   5200.0000000000000        168999999.99999997     
 Got moffset           1
Using random seed offsets    26 :      6
  with seed                   39
 Ranmar initialization seeds       19288       12576
 
 ********************************************
 * You are using the DiscreteSampler module *
 *      part of the MG5_aMC framework       *
 *         Author: Valentin Hirschi         *
 ********************************************
 
  Particle       3       4       5       6       7       8
      Et >    20.0     0.0    20.0    20.0    20.0    20.0
       E >     0.0     0.0     0.0     0.0     0.0     0.0
     Eta <     2.5    -1.0     2.5     2.5     2.8     2.8
   xqcut:      0.0     0.0     0.0     0.0    20.0    20.0
d R # 3  >    -0.0     0.0     0.4     0.4     0.0     0.0
d R # 4  >    -0.0    -0.0     0.0     0.0     0.0     0.0
d R # 5  >    -0.0    -0.0    -0.0     0.4     0.0     0.0
d R # 6  >    -0.0    -0.0    -0.0    -0.0     0.0     0.0
d R # 7  >    -0.0    -0.0    -0.0    -0.0    -0.0     0.0
s min # 3>     0.0     0.0     0.0     0.0     0.0     0.0
s min # 4>     0.0     0.0     0.0     0.0     0.0     0.0
s min # 5>     0.0     0.0     0.0     0.0     0.0     0.0
s min # 6>     0.0     0.0     0.0     0.0     0.0     0.0
s min # 7>     0.0     0.0     0.0     0.0     0.0   400.0
xqcutij # 3>     0.0     0.0     0.0     0.0     0.0     0.0
xqcutij # 4>     0.0     0.0     0.0     0.0     0.0     0.0
xqcutij # 5>     0.0     0.0     0.0     0.0     0.0     0.0
xqcutij # 6>     0.0     0.0     0.0     0.0     0.0     0.0
xqcutij # 7>     0.0     0.0     0.0     0.0     0.0    20.0
 No cut BW           -2           1
 No cut BW           -3           2
 alpha_s for scale    98.428066096711092       is   0.12836366339956440     
 RESET CUMULATIVE VARIABLE
 Iteration  1   Mean: 0.1429E-02 Abs mean: 0.1429E-02   Fluctuation:  0.168E-03   0.785E-01     4.5%
  1    0.1429E-02 0.1429E-02 +- 0.1677E-03      3.71
 Writing out events   4.5821410326910174E-006   3.7115688243296336     
 Relative summed weights:
  0.1312E+00  0.2726E+00  0.1532E+00  0.2628E+00  0.3255E-01  0.6824E-01  0.2976E-01  0.4966E-01
 Relative number of events:
  0.1487E+00  0.1774E+00  0.1883E+00  0.1814E+00  0.7334E-01  0.9019E-01  0.6838E-01  0.7235E-01
 Events:
         150         179         190         183          74          91          69          73
 Iteration  2   Mean: 0.1344E-02 Abs mean: 0.1344E-02   Fluctuation:  0.127E-03   0.888E-01    13.5%
  2    0.1344E-02 0.1344E-02 +- 0.1271E-03      4.23
 Relative summed weights:
  0.1909E+00  0.3269E+00  0.1900E+00  0.1245E+00  0.5533E-01  0.5407E-01  0.2699E-01  0.3138E-01
 Relative number of events:
  0.1805E+00  0.1890E+00  0.1830E+00  0.1835E+00  0.6050E-01  0.6250E-01  0.7400E-01  0.6700E-01
 Events:
         361         378         366         367         121         125         148         134
 Iteration  3   Mean: 0.1625E-02 Abs mean: 0.1625E-02   Fluctuation:  0.385E-03   0.152E+01    15.6%
  3    0.1625E-02 0.1625E-02 +- 0.3853E-03     15.00
 Relative summed weights:
  0.1635E+00  0.4357E+00  0.1302E+00  0.1479E+00  0.3141E-01  0.2886E-01  0.2840E-01  0.3413E-01
 Relative number of events:
  0.1980E+00  0.1893E+00  0.1905E+00  0.1772E+00  0.5900E-01  0.6100E-01  0.6225E-01  0.6275E-01
 Events:
         792         757         762         709         236         244         249         251
 Accuracy:    0.041   0.100   0.070   0.336
 Finished due to accuracy    4.0741791893948456E-002  0.10000000000000001     

 -------------------------------------------------------------------------------
 Accumulated results:   Integral =  0.1399E-02
                        Std dev  =  0.9840E-04
                       Cross sec =  0.1399E-02
             Chi**2 per DoF.     =      0.3356
 -------------------------------------------------------------------------------
 Found         1181  events.
 Wrote            1  events.
 Actual xsec    1.3991220896012509E-003
 Correct abs xsec    1.3991220896012509E-003
 Event xsec    1.3991220896012509E-003
 Events wgts > 1:            1
 % Cross section > 1:    6.9609325898875585E-011   4.9752145589177432E-006
-------------------------------------------------
---------------------------
 Results Last   3 iters: Integral =   0.1399E-02
                     Abs integral =   0.1399E-02
                          Std dev =   0.9840E-04
                  Chi**2 per DoF. =      0.2825
-------------------------------------------------
---------------------------
 Status  0.10000000000000001                4           7

ls status:
events.lhe
ftn26
input_app.txt
input_sg.txt
moffset.dat
results.dat
run_02_log.txt
run1_app.log
