 Process in group number            3
 A PDF is used, so alpha_s(MZ) is going to be modified
 Old value of alpha_s from param_card:   0.13000000000000003     
  ****************************************
 
       NNPDFDriver version 1.0.3
   Grid: NNPDF23_lo_as_0130_qed_mem0.grid
  ****************************************
 New value of alpha_s from PDF nn23lo1:  0.13000000000000000     
 Warning! ptj set to xqcut=   20.000000000000000       to improve integration efficiency
 Note that this might affect non-radiated jets,
 e.g. from decays. Use cut_decays=F in run_card.
 Warning! mmjj set to xqcut=   20.000000000000000       to improve integration efficiency
 Note that this might affect non-radiated jets,
 e.g. from decays. Use cut_decays=F in run_card.
 Define smin to   4000.0000000000000     
 Define smin to   4000.0000000000000     
 Define smin to   4000.0000000000000     
 Define smin to   4000.0000000000000     
 Define smin to   4000.0000000000000     
 Define smin to   4000.0000000000000     
 Define smin to   4000.0000000000000     
 Define smin to   4000.0000000000000     
 Define smin to   4000.0000000000000     
 Define smin to   4000.0000000000000     
 Define smin to   4000.0000000000000     
 Define smin to   4000.0000000000000     
 Define smin to   4000.0000000000000     
 Define smin to   4000.0000000000000     
 Define smin to   4000.0000000000000     
 Define smin to   4000.0000000000000     
 *****************************************************
 *               MadGraph/MadEvent                   *
 *        --------------------------------           *
 *          http://madgraph.hep.uiuc.edu             *
 *          http://madgraph.phys.ucl.ac.be           *
 *          http://madgraph.roma2.infn.it            *
 *        --------------------------------           *
 *                                                   *
 *          PARAMETER AND COUPLING VALUES            *
 *                                                   *
 *****************************************************

  External Params
  ---------------------------------
  
 aEWM1 =    132.50700000000001     
 mdl_Gf =    1.1663900000000000E-005
 aS =   0.13000000000000003     
 mdl_ymb =    4.7000000000000002     
 mdl_ymt =    173.00000000000000     
 mdl_ymtau =    1.7769999999999999     
 mdl_MZ =    91.188000000000002     
 mdl_MT =    173.00000000000000     
 mdl_MB =    4.7000000000000002     
 mdl_MH =    125.00000000000000     
 mdl_MTA =    1.7769999999999999     
 mdl_WZ =    2.4414039999999999     
 mdl_WW =    2.0476000000000001     
 mdl_WT =    1.4915000000000000     
 mdl_WH =    6.3823389999999999E-003
  Internal Params
  ---------------------------------
  
 mdl_conjg__CKM1x1 =    1.0000000000000000     
 mdl_CKM3x3 =    1.0000000000000000     
 mdl_conjg__CKM3x3 =    1.0000000000000000     
 mdl_complexi =                (0.0000000000000000,1.0000000000000000)
 mdl_MZ__exp__2 =    8315.2513440000002     
 mdl_MZ__exp__4 =    69143404.913893804     
 mdl_sqrt__2 =    1.4142135623730951     
 mdl_MH__exp__2 =    15625.000000000000     
 mdl_aEW =    7.5467711139788835E-003
 mdl_MW =    80.419002445756163     
 mdl_sqrt__aEW =    8.6872153846781555E-002
 mdl_ee =   0.30795376724436879     
 mdl_MW__exp__2 =    6467.2159543705357     
 mdl_sw2 =   0.22224648578577766     
 mdl_cw =   0.88190334743339216     
 mdl_sqrt__sw2 =   0.47143025548407230     
 mdl_sw =   0.47143025548407230     
 mdl_g1 =   0.34919219678733299     
 mdl_gw =   0.65323293034757990     
 mdl_vev =    246.21845810181637     
 mdl_vev__exp__2 =    60623.529110035903     
 mdl_lam =   0.12886910601690263     
 mdl_yb =    2.6995554250465490E-002
 mdl_yt =   0.99366614581500623     
 mdl_ytau =    1.0206617000654717E-002
 mdl_muH =    88.388347648318430     
 mdl_I1x33 =          (2.69955542504654901E-002,0.0000000000000000)
 mdl_I2x33 =               (0.99366614581500623,0.0000000000000000)
 mdl_I3x33 =               (0.99366614581500623,0.0000000000000000)
 mdl_I4x33 =          (2.69955542504654901E-002,0.0000000000000000)
 mdl_ee__exp__2 =    9.4835522759998875E-002
 mdl_sw__exp__2 =   0.22224648578577769     
 mdl_cw__exp__2 =   0.77775351421422245     
  Internal Params evaluated point by point
  ----------------------------------------
  
 mdl_sqrt__aS =   0.36055512754639896     
 mdl_G__exp__2 =    1.6336281798666927     
  Couplings of sm
  ---------------------------------
  
        GC_10 =  -0.12781E+01   0.00000E+00
        GC_11 =   0.00000E+00   0.12781E+01
        GC_12 =   0.00000E+00   0.16336E+01
       GC_100 =   0.00000E+00   0.46191E+00

 Collider parameters:
 --------------------

 Running at P P   machine @    14000.000000000000       GeV
 PDF set = nn23lo1
 alpha_s(Mz)= 0.1300 running at 2 loops.
 alpha_s(Mz)= 0.1300 running at 2 loops.
 Renormalization scale set on event-by-event basis
 Factorization   scale set on event-by-event basis


 getting user params
Enter number of events and max and min iterations: 
 Number of events and iterations         1000           5           3
Enter desired fractional accuracy: 
 Desired fractional accuracy:   0.10000000000000001     
Enter 0 for fixed, 2 for adjustable grid: 
Suppress amplitude (0 no, 1 yes)? 
 Using suppressed amplitude.
Exact helicity sum (0 yes, n = number/event)? 
 Explicitly summing over helicities
Enter Configuration Number: 
Running Configuration Number:    8
 Not subdividing B.W.
 Attempting mappinvarients           1           7
 Determine nb_t
 T-channel found:            2
 Completed mapping           7
 about to integrate           13        1000           7           3          13           1
 Using non-zero grid deformation.
 13 dimensions   1000 events 13 invarients  7 iterations  1 config(s),  (0.99)
 Using h-tuple random number sequence.
 Error opening grid
 Using Uniform Grid!          28
 Using uniform alpha   1.0000000000000000     
 Grid defined OK
 Masses: 0.000E+00 0.000E+00 0.000E+00 0.000E+00 0.000E+00 0.000E+00 0.000E+00
 Set CM energy to      14000.00
 Mapping Graph           8  to config           8
 Determine nb_t
 T-channel found:            2
Setting grid   1    0.20408E-05   1
 Setting BW          -2           1   80.419002445756163     
Setting grid   3    0.20408E-05   1
Setting grid   4    0.81633E-05   1
 Transforming s_hat 1/s           12   6.1404018171547800E-005   4000.0000000000000        195999999.99999997     
Using random seed offsets     8 :      4
  with seed                   27
 Ranmar initialization seeds        4642        9405
 
 ********************************************
 * You are using the DiscreteSampler module *
 *      part of the MG5_aMC framework       *
 *         Author: Valentin Hirschi         *
 ********************************************
 
  Particle       3       4       5       6       7
      Et >    20.0     0.0    20.0    20.0    20.0
       E >     0.0     0.0     0.0     0.0     0.0
     Eta <     2.5    -1.0     2.8     2.8     2.8
   xqcut:      0.0     0.0    20.0    20.0    20.0
d R # 3  >    -0.0     0.0     0.0     0.0     0.0
d R # 4  >    -0.0    -0.0     0.0     0.0     0.0
d R # 5  >    -0.0    -0.0    -0.0     0.0     0.0
d R # 6  >    -0.0    -0.0    -0.0    -0.0     0.0
s min # 3>     0.0     0.0     0.0     0.0     0.0
s min # 4>     0.0     0.0     0.0     0.0     0.0
s min # 5>     0.0     0.0     0.0   400.0   400.0
s min # 6>     0.0     0.0     0.0     0.0   400.0
xqcutij # 3>     0.0     0.0     0.0     0.0     0.0
xqcutij # 4>     0.0     0.0     0.0     0.0     0.0
xqcutij # 5>     0.0     0.0     0.0    20.0    20.0
xqcutij # 6>     0.0     0.0    20.0     0.0    20.0
 No cut BW           -2           1
 alpha_s for scale    301.74626781976838       is   0.10843708958566592     
 RESET CUMULATIVE VARIABLE
 Iteration  1   Mean: 0.1919E+01 Abs mean: 0.1919E+01   Fluctuation:  0.481E+00   0.343E+03     3.5%
  1    0.1919E+01 0.1919E+01 +- 0.4809E+00      7.92
 Writing out events   7.9235530906775469E-003   7.9229322982443477     
 Relative summed weights:
  0.1293E-01  0.3141E-01  0.3765E-01  0.9141E-01  0.1801E-01  0.5616E-01  0.0000E+00  0.0000E+00  0.4532E-01  0.3554E-01  0.0000E+00  0.0000E+00  0.0000E+00  0.0000E+00  0.0000E+00  0.0000E+00  0.0000E+00  0.0000E+00  0.5825E-01  0.1366E+00  0.0000E+00  0.0000E+00  0.0000E+00  0.0000E+00  0.1261E+00  0.0000E+00  0.1183E-03  0.2676E-01  0.0000E+00  0.0000E+00  0.0000E+00  0.0000E+00
  0.2278E+00  0.4985E-01  0.0000E+00  0.0000E+00  0.0000E+00  0.0000E+00  0.0000E+00  0.0000E+00  0.0000E+00  0.0000E+00  0.4606E-01  0.0000E+00  0.0000E+00  0.0000E+00  0.0000E+00  0.0000E+00  0.0000E+00  0.0000E+00  0.0000E+00  0.0000E+00  0.0000E+00  0.0000E+00  0.0000E+00  0.0000E+00  0.0000E+00  0.0000E+00  0.0000E+00  0.0000E+00  0.0000E+00  0.0000E+00  0.0000E+00  0.0000E+00
 Relative number of events:
  0.3271E-01  0.3667E-01  0.7929E-01  0.8523E-01  0.6244E-01  0.7532E-01  0.0000E+00  0.0000E+00  0.7730E-01  0.6938E-01  0.0000E+00  0.0000E+00  0.0000E+00  0.0000E+00  0.0000E+00  0.0000E+00  0.0000E+00  0.0000E+00  0.3865E-01  0.4163E-01  0.0000E+00  0.0000E+00  0.0000E+00  0.0000E+00  0.6145E-01  0.0000E+00  0.2973E-02  0.4955E-02  0.0000E+00  0.0000E+00  0.0000E+00  0.0000E+00
  0.3469E-01  0.4460E-01  0.0000E+00  0.0000E+00  0.0000E+00  0.0000E+00  0.0000E+00  0.0000E+00  0.0000E+00  0.0000E+00  0.2527E+00  0.0000E+00  0.0000E+00  0.0000E+00  0.0000E+00  0.0000E+00  0.0000E+00  0.0000E+00  0.0000E+00  0.0000E+00  0.0000E+00  0.0000E+00  0.0000E+00  0.0000E+00  0.0000E+00  0.0000E+00  0.0000E+00  0.0000E+00  0.0000E+00  0.0000E+00  0.0000E+00  0.0000E+00
 Events:
          33          37          80          86          63          76           0           0          78          70           0           0           0           0           0           0           0           0          39          42           0           0           0           0          62           0           3           5           0           0           0           0
          35          45           0           0           0           0           0           0           0           0         255           0           0           0           0           0           0           0           0           0           0           0           0           0           0           0           0           0           0           0           0           0
 Iteration  2   Mean: 0.1020E+01 Abs mean: 0.1020E+01   Fluctuation:  0.132E+00   0.122E+03    15.4%
  2    0.1020E+01 0.1020E+01 +- 0.1323E+00      5.80
 Relative summed weights:
  0.3658E-01  0.8220E-01  0.8226E-01  0.1054E+00  0.8135E-01  0.4722E-01  0.0000E+00  0.0000E+00  0.8442E-01  0.4631E-01  0.0000E+00  0.0000E+00  0.0000E+00  0.0000E+00  0.0000E+00  0.0000E+00  0.0000E+00  0.0000E+00  0.5665E-01  0.3200E-01  0.0000E+00  0.0000E+00  0.0000E+00  0.0000E+00  0.5398E-01  0.0000E+00  0.5202E-01  0.2555E-01  0.0000E+00  0.0000E+00  0.0000E+00  0.0000E+00
  0.7731E-01  0.1341E-01  0.0000E+00  0.0000E+00  0.0000E+00  0.0000E+00  0.0000E+00  0.0000E+00  0.0000E+00  0.0000E+00  0.1234E+00  0.0000E+00  0.0000E+00  0.0000E+00  0.0000E+00  0.0000E+00  0.0000E+00  0.0000E+00  0.0000E+00  0.0000E+00  0.0000E+00  0.0000E+00  0.0000E+00  0.0000E+00  0.0000E+00  0.0000E+00  0.0000E+00  0.0000E+00  0.0000E+00  0.0000E+00  0.0000E+00  0.0000E+00
 Relative number of events:
  0.3850E-01  0.3300E-01  0.6800E-01  0.6200E-01  0.7200E-01  0.7300E-01  0.0000E+00  0.0000E+00  0.6850E-01  0.7350E-01  0.0000E+00  0.0000E+00  0.0000E+00  0.0000E+00  0.0000E+00  0.0000E+00  0.0000E+00  0.0000E+00  0.4950E-01  0.4400E-01  0.0000E+00  0.0000E+00  0.0000E+00  0.0000E+00  0.4950E-01  0.0000E+00  0.9500E-02  0.7500E-02  0.0000E+00  0.0000E+00  0.0000E+00  0.0000E+00
  0.3650E-01  0.3650E-01  0.0000E+00  0.0000E+00  0.0000E+00  0.0000E+00  0.0000E+00  0.0000E+00  0.0000E+00  0.0000E+00  0.2785E+00  0.0000E+00  0.0000E+00  0.0000E+00  0.0000E+00  0.0000E+00  0.0000E+00  0.0000E+00  0.0000E+00  0.0000E+00  0.0000E+00  0.0000E+00  0.0000E+00  0.0000E+00  0.0000E+00  0.0000E+00  0.0000E+00  0.0000E+00  0.0000E+00  0.0000E+00  0.0000E+00  0.0000E+00
 Events:
          77          66         136         124         144         146           0           0         137         147           0           0           0           0           0           0           0           0          99          88           0           0           0           0          99           0          19          15           0           0           0           0
          73          73           0           0           0           0           0           0           0           0         557           0           0           0           0           0           0           0           0           0           0           0           0           0           0           0           0           0           0           0           0           0
 Iteration  3   Mean: 0.1965E+01 Abs mean: 0.1965E+01   Fluctuation:  0.554E+00   0.208E+04    16.6%
  3    0.1965E+01 0.1965E+01 +- 0.5542E+00     17.84
 Relative summed weights:
  0.3839E-01  0.3653E-01  0.5031E-01  0.3402E-01  0.2932E-01  0.8647E-01  0.0000E+00  0.0000E+00  0.3527E-01  0.3106E+00  0.0000E+00  0.0000E+00  0.0000E+00  0.0000E+00  0.0000E+00  0.0000E+00  0.0000E+00  0.0000E+00  0.3013E-01  0.5243E-01  0.0000E+00  0.0000E+00  0.0000E+00  0.0000E+00  0.9743E-02  0.0000E+00  0.6746E-02  0.3682E-02  0.0000E+00  0.0000E+00  0.0000E+00  0.0000E+00
  0.5723E-01  0.8684E-01  0.0000E+00  0.0000E+00  0.0000E+00  0.0000E+00  0.0000E+00  0.0000E+00  0.0000E+00  0.0000E+00  0.1323E+00  0.0000E+00  0.0000E+00  0.0000E+00  0.0000E+00  0.0000E+00  0.0000E+00  0.0000E+00  0.0000E+00  0.0000E+00  0.0000E+00  0.0000E+00  0.0000E+00  0.0000E+00  0.0000E+00  0.0000E+00  0.0000E+00  0.0000E+00  0.0000E+00  0.0000E+00  0.0000E+00  0.0000E+00
 Relative number of events:
  0.3550E-01  0.3625E-01  0.7600E-01  0.6425E-01  0.7975E-01  0.7200E-01  0.0000E+00  0.0000E+00  0.7975E-01  0.7500E-01  0.0000E+00  0.0000E+00  0.0000E+00  0.0000E+00  0.0000E+00  0.0000E+00  0.0000E+00  0.0000E+00  0.4450E-01  0.4800E-01  0.0000E+00  0.0000E+00  0.0000E+00  0.0000E+00  0.3750E-01  0.0000E+00  0.5500E-02  0.6250E-02  0.0000E+00  0.0000E+00  0.0000E+00  0.0000E+00
  0.3675E-01  0.4100E-01  0.0000E+00  0.0000E+00  0.0000E+00  0.0000E+00  0.0000E+00  0.0000E+00  0.0000E+00  0.0000E+00  0.2620E+00  0.0000E+00  0.0000E+00  0.0000E+00  0.0000E+00  0.0000E+00  0.0000E+00  0.0000E+00  0.0000E+00  0.0000E+00  0.0000E+00  0.0000E+00  0.0000E+00  0.0000E+00  0.0000E+00  0.0000E+00  0.0000E+00  0.0000E+00  0.0000E+00  0.0000E+00  0.0000E+00  0.0000E+00
 Events:
         142         145         304         257         319         288           0           0         319         300           0           0           0           0           0           0           0           0         178         192           0           0           0           0         150           0          22          25           0           0           0           0
         147         164           0           0           0           0           0           0           0           0        1048           0           0           0           0           0           0           0           0           0           0           0           0           0           0           0           0           0           0           0           0           0
 Accuracy:    0.231   0.100   0.107   4.691
 Found          860  events.
 Wrote            3  events.
 Actual xsec    1.3180174521778594     
 Correct abs xsec    1.3180174521778594     
 Event xsec    1.3180174521778596     
 Events wgts > 1:            0
 % Cross section > 1:    0.0000000000000000        0.0000000000000000     
 Iteration  4   Mean: 0.1721E+01 Abs mean: 0.1721E+01   Fluctuation:  0.178E+00   0.954E+03    17.3%
  4    0.1721E+01 0.1721E+01 +- 0.1785E+00      9.28
 Relative summed weights:
  0.9732E-01  0.3684E-01  0.6023E-01  0.1271E+00  0.5096E-01  0.7487E-01  0.0000E+00  0.0000E+00  0.5681E-01  0.5876E-01  0.0000E+00  0.0000E+00  0.0000E+00  0.0000E+00  0.0000E+00  0.0000E+00  0.0000E+00  0.0000E+00  0.2740E-01  0.5487E-01  0.0000E+00  0.0000E+00  0.0000E+00  0.0000E+00  0.2191E-01  0.0000E+00  0.7233E-02  0.5859E-02  0.0000E+00  0.0000E+00  0.0000E+00  0.0000E+00
  0.1456E+00  0.5753E-01  0.0000E+00  0.0000E+00  0.0000E+00  0.0000E+00  0.0000E+00  0.0000E+00  0.0000E+00  0.0000E+00  0.1167E+00  0.0000E+00  0.0000E+00  0.0000E+00  0.0000E+00  0.0000E+00  0.0000E+00  0.0000E+00  0.0000E+00  0.0000E+00  0.0000E+00  0.0000E+00  0.0000E+00  0.0000E+00  0.0000E+00  0.0000E+00  0.0000E+00  0.0000E+00  0.0000E+00  0.0000E+00  0.0000E+00  0.0000E+00
 Relative number of events:
  0.3775E-01  0.3625E-01  0.7262E-01  0.7337E-01  0.7112E-01  0.7400E-01  0.0000E+00  0.0000E+00  0.7662E-01  0.7312E-01  0.0000E+00  0.0000E+00  0.0000E+00  0.0000E+00  0.0000E+00  0.0000E+00  0.0000E+00  0.0000E+00  0.4350E-01  0.4875E-01  0.0000E+00  0.0000E+00  0.0000E+00  0.0000E+00  0.4763E-01  0.0000E+00  0.6875E-02  0.7125E-02  0.0000E+00  0.0000E+00  0.0000E+00  0.0000E+00
  0.3750E-01  0.3537E-01  0.0000E+00  0.0000E+00  0.0000E+00  0.0000E+00  0.0000E+00  0.0000E+00  0.0000E+00  0.0000E+00  0.2584E+00  0.0000E+00  0.0000E+00  0.0000E+00  0.0000E+00  0.0000E+00  0.0000E+00  0.0000E+00  0.0000E+00  0.0000E+00  0.0000E+00  0.0000E+00  0.0000E+00  0.0000E+00  0.0000E+00  0.0000E+00  0.0000E+00  0.0000E+00  0.0000E+00  0.0000E+00  0.0000E+00  0.0000E+00
 Events:
         302         290         581         587         569         592           0           0         613         585           0           0           0           0           0           0           0           0         348         390           0           0           0           0         381           0          55          57           0           0           0           0
         300         283           0           0           0           0           0           0           0           0        2067           0           0           0           0           0           0           0           0           0           0           0           0           0           0           0           0           0           0           0           0           0
 Accuracy:    0.137   0.100   0.074   3.387
 Found         1276  events.
 Wrote           17  events.
 Actual xsec    1.4870723646432538     
 Correct abs xsec    1.4870723646432538     
 Event xsec    1.4870723646432529     
 Events wgts > 1:            0
 % Cross section > 1:    0.0000000000000000        0.0000000000000000     
 Iteration  5   Mean: 0.1583E+01 Abs mean: 0.1583E+01   Fluctuation:  0.793E-01   0.667E+03    16.4%
  5    0.1583E+01 0.1583E+01 +- 0.7928E-01      6.34
 Relative summed weights:
  0.7483E-01  0.7721E-01  0.1225E+00  0.8777E-01  0.6266E-01  0.5743E-01  0.0000E+00  0.0000E+00  0.6034E-01  0.7825E-01  0.0000E+00  0.0000E+00  0.0000E+00  0.0000E+00  0.0000E+00  0.0000E+00  0.0000E+00  0.0000E+00  0.5855E-01  0.4867E-01  0.0000E+00  0.0000E+00  0.0000E+00  0.0000E+00  0.1958E-01  0.0000E+00  0.4634E-02  0.2016E-02  0.0000E+00  0.0000E+00  0.0000E+00  0.0000E+00
  0.5983E-01  0.7739E-01  0.0000E+00  0.0000E+00  0.0000E+00  0.0000E+00  0.0000E+00  0.0000E+00  0.0000E+00  0.0000E+00  0.1083E+00  0.0000E+00  0.0000E+00  0.0000E+00  0.0000E+00  0.0000E+00  0.0000E+00  0.0000E+00  0.0000E+00  0.0000E+00  0.0000E+00  0.0000E+00  0.0000E+00  0.0000E+00  0.0000E+00  0.0000E+00  0.0000E+00  0.0000E+00  0.0000E+00  0.0000E+00  0.0000E+00  0.0000E+00
 Relative number of events:
  0.3662E-01  0.3931E-01  0.7444E-01  0.7375E-01  0.7400E-01  0.7181E-01  0.0000E+00  0.0000E+00  0.7256E-01  0.7306E-01  0.0000E+00  0.0000E+00  0.0000E+00  0.0000E+00  0.0000E+00  0.0000E+00  0.0000E+00  0.0000E+00  0.4950E-01  0.4944E-01  0.0000E+00  0.0000E+00  0.0000E+00  0.0000E+00  0.4294E-01  0.0000E+00  0.5437E-02  0.5875E-02  0.0000E+00  0.0000E+00  0.0000E+00  0.0000E+00
  0.3475E-01  0.3794E-01  0.0000E+00  0.0000E+00  0.0000E+00  0.0000E+00  0.0000E+00  0.0000E+00  0.0000E+00  0.0000E+00  0.2586E+00  0.0000E+00  0.0000E+00  0.0000E+00  0.0000E+00  0.0000E+00  0.0000E+00  0.0000E+00  0.0000E+00  0.0000E+00  0.0000E+00  0.0000E+00  0.0000E+00  0.0000E+00  0.0000E+00  0.0000E+00  0.0000E+00  0.0000E+00  0.0000E+00  0.0000E+00  0.0000E+00  0.0000E+00
 Events:
         586         629        1191        1180        1184        1149           0           0        1161        1169           0           0           0           0           0           0           0           0         792         791           0           0           0           0         687           0          87          94           0           0           0           0
         556         607           0           0           0           0           0           0           0           0        4137           0           0           0           0           0           0           0           0           0           0           0           0           0           0           0           0           0           0           0           0           0
 Accuracy:    0.065   0.100   0.042   2.455
 Finished due to accuracy    6.5086547416562376E-002  0.10000000000000001     

 -------------------------------------------------------------------------------
 Accumulated results:   Integral =  0.1565E+01
                        Std dev  =  0.6501E-01
                       Cross sec =  0.1565E+01
             Chi**2 per DoF.     =      2.4551
 -------------------------------------------------------------------------------
 Found         3207  events.
 Wrote           47  events.
 Actual xsec    1.6179780768625904     
 Correct abs xsec    1.6179780768625904     
 Event xsec    1.6179780768625884     
 Events wgts > 1:            2
 % Cross section > 1:    8.4727002360645218E-003  0.52365976753491517     
-------------------------------------------------
---------------------------
 Results Last   3 iters: Integral =   0.1618E+01
                     Abs integral =   0.1618E+01
                          Std dev =   0.7206E-01
                  Chi**2 per DoF. =      0.4596
-------------------------------------------------
---------------------------
 Status  0.10000000000000001                6           7

ls status:
events.lhe
ftn26
input_app.txt
log.txt
results.dat
run1_app.log
