 Process in group number            2
 A PDF is used, so alpha_s(MZ) is going to be modified
 Old value of alpha_s from param_card:   0.13000000000000003     
  ****************************************
 
       NNPDFDriver version 1.0.3
   Grid: NNPDF23_lo_as_0130_qed_mem0.grid
  ****************************************
 New value of alpha_s from PDF nn23lo1:  0.13000000000000000     
 Warning! ptj set to xqcut=   20.000000000000000       to improve integration efficiency
 Note that this might affect non-radiated jets,
 e.g. from decays. Use cut_decays=F in run_card.
 Warning! mmjj set to xqcut=   20.000000000000000       to improve integration efficiency
 Note that this might affect non-radiated jets,
 e.g. from decays. Use cut_decays=F in run_card.
 Define smin to   8000.0000000000000     
 Define smin to   8000.0000000000000     
 Define smin to   8000.0000000000000     
 Define smin to   8000.0000000000000     
 *****************************************************
 *               MadGraph/MadEvent                   *
 *        --------------------------------           *
 *          http://madgraph.hep.uiuc.edu             *
 *          http://madgraph.phys.ucl.ac.be           *
 *          http://madgraph.roma2.infn.it            *
 *        --------------------------------           *
 *                                                   *
 *          PARAMETER AND COUPLING VALUES            *
 *                                                   *
 *****************************************************

  External Params
  ---------------------------------
  
 aEWM1 =    132.50700000000001     
 mdl_Gf =    1.1663900000000000E-005
 aS =   0.13000000000000003     
 mdl_ymb =    4.7000000000000002     
 mdl_ymt =    173.00000000000000     
 mdl_ymtau =    1.7769999999999999     
 mdl_MZ =    91.188000000000002     
 mdl_MT =    173.00000000000000     
 mdl_MB =    4.7000000000000002     
 mdl_MH =    125.00000000000000     
 mdl_MTA =    1.7769999999999999     
 mdl_WZ =    2.4414039999999999     
 mdl_WW =    2.0476000000000001     
 mdl_WT =    1.4915000000000000     
 mdl_WH =    6.3823389999999999E-003
  Internal Params
  ---------------------------------
  
 mdl_conjg__CKM1x1 =    1.0000000000000000     
 mdl_CKM3x3 =    1.0000000000000000     
 mdl_conjg__CKM3x3 =    1.0000000000000000     
 mdl_complexi =                (0.0000000000000000,1.0000000000000000)
 mdl_MZ__exp__2 =    8315.2513440000002     
 mdl_MZ__exp__4 =    69143404.913893804     
 mdl_sqrt__2 =    1.4142135623730951     
 mdl_MH__exp__2 =    15625.000000000000     
 mdl_aEW =    7.5467711139788835E-003
 mdl_MW =    80.419002445756163     
 mdl_sqrt__aEW =    8.6872153846781555E-002
 mdl_ee =   0.30795376724436879     
 mdl_MW__exp__2 =    6467.2159543705357     
 mdl_sw2 =   0.22224648578577766     
 mdl_cw =   0.88190334743339216     
 mdl_sqrt__sw2 =   0.47143025548407230     
 mdl_sw =   0.47143025548407230     
 mdl_g1 =   0.34919219678733299     
 mdl_gw =   0.65323293034757990     
 mdl_vev =    246.21845810181637     
 mdl_vev__exp__2 =    60623.529110035903     
 mdl_lam =   0.12886910601690263     
 mdl_yb =    2.6995554250465490E-002
 mdl_yt =   0.99366614581500623     
 mdl_ytau =    1.0206617000654717E-002
 mdl_muH =    88.388347648318430     
 mdl_I1x33 =          (2.69955542504654901E-002,0.0000000000000000)
 mdl_I2x33 =               (0.99366614581500623,0.0000000000000000)
 mdl_I3x33 =               (0.99366614581500623,0.0000000000000000)
 mdl_I4x33 =          (2.69955542504654901E-002,0.0000000000000000)
 mdl_ee__exp__2 =    9.4835522759998875E-002
 mdl_sw__exp__2 =   0.22224648578577769     
 mdl_cw__exp__2 =   0.77775351421422245     
  Internal Params evaluated point by point
  ----------------------------------------
  
 mdl_sqrt__aS =   0.36055512754639896     
 mdl_G__exp__2 =    1.6336281798666927     
  Couplings of sm
  ---------------------------------
  
        GC_10 =  -0.12781E+01   0.00000E+00
        GC_11 =   0.00000E+00   0.12781E+01
        GC_50 =  -0.00000E+00  -0.28804E+00
        GC_58 =  -0.00000E+00  -0.27437E-01
        GC_59 =   0.00000E+00   0.82310E-01

 Collider parameters:
 --------------------

 Running at P P   machine @    13000.000000000000       GeV
 PDF set = nn23lo1
 alpha_s(Mz)= 0.1300 running at 2 loops.
 alpha_s(Mz)= 0.1300 running at 2 loops.
 Renormalization scale set on event-by-event basis
 Factorization   scale set on event-by-event basis


 getting user params
Enter number of events and max and min iterations: 
 Number of events and iterations         1000           5           3
Enter desired fractional accuracy: 
 Desired fractional accuracy:   0.10000000000000001     
Enter 0 for fixed, 2 for adjustable grid: 
Suppress amplitude (0 no, 1 yes)? 
 Using suppressed amplitude.
Exact helicity sum (0 yes, n = number/event)? 
 Explicitly summing over helicities
Enter Configuration Number: 
Running Configuration Number:    1
 Not subdividing B.W.
 Attempting mappinvarients           1           8
 Determine nb_t
 T-channel found:            2
 Completed mapping           8
 about to integrate           16        1000           7           3          16           1
 Using non-zero grid deformation.
 16 dimensions   1000 events 16 invarients  7 iterations  1 config(s),  (0.99)
 Using h-tuple random number sequence.
 Error opening grid
 Using Uniform Grid!          32
 Using uniform alpha   1.0000000000000000     
 Grid defined OK
 Masses: 0.000E+00 0.000E+00 0.000E+00 0.000E+00 0.000E+00 0.000E+00 0.000E+00 0.000E+00
 Set CM energy to      13000.00
 Mapping Graph           1  to config           1
 Determine nb_t
 T-channel found:            2
Setting grid   1    0.23669E-05   1
 Setting BW          -2           1   91.188000000000002     
 Setting BW          -3           2   91.188000000000002     
Setting grid   4    0.94675E-05   1
Setting grid   5    0.17619E-04   1
 Transforming s_hat 1/s           15   1.3160304238967098E-004   8000.0000000000000        168999999.99999997     
Using random seed offsets     1 :      4
  with seed                   30
 Ranmar initialization seeds        8292        9408
 
 ********************************************
 * You are using the DiscreteSampler module *
 *      part of the MG5_aMC framework       *
 *         Author: Valentin Hirschi         *
 ********************************************
 
  Particle       3       4       5       6       7       8
      Et >    20.0    20.0    20.0    20.0    20.0    20.0
       E >     0.0     0.0     0.0     0.0     0.0     0.0
     Eta <     2.5     2.5     2.5     2.5     2.8     2.8
   xqcut:      0.0     0.0     0.0     0.0    20.0    20.0
d R # 3  >    -0.0     0.4     0.4     0.4     0.0     0.0
d R # 4  >    -0.0    -0.0     0.4     0.4     0.0     0.0
d R # 5  >    -0.0    -0.0    -0.0     0.4     0.0     0.0
d R # 6  >    -0.0    -0.0    -0.0    -0.0     0.0     0.0
d R # 7  >    -0.0    -0.0    -0.0    -0.0    -0.0     0.0
s min # 3>     0.0     0.0     0.0     0.0     0.0     0.0
s min # 4>     0.0     0.0     0.0     0.0     0.0     0.0
s min # 5>     0.0     0.0     0.0     0.0     0.0     0.0
s min # 6>     0.0     0.0     0.0     0.0     0.0     0.0
s min # 7>     0.0     0.0     0.0     0.0     0.0   400.0
xqcutij # 3>     0.0     0.0     0.0     0.0     0.0     0.0
xqcutij # 4>     0.0     0.0     0.0     0.0     0.0     0.0
xqcutij # 5>     0.0     0.0     0.0     0.0     0.0     0.0
xqcutij # 6>     0.0     0.0     0.0     0.0     0.0     0.0
xqcutij # 7>     0.0     0.0     0.0     0.0     0.0    20.0
 No cut BW           -2           1
 No cut BW           -3           2
 alpha_s for scale    96.939950781381484       is   0.12868656273145035     
 RESET CUMULATIVE VARIABLE
 Iteration  1   Mean: 0.7468E-04 Abs mean: 0.7468E-04   Fluctuation:  0.702E-05   0.237E-02     3.5%
  1    0.7468E-04 0.7468E-04 +- 0.7020E-05      2.97
 Writing out events   3.0498858867344217E-007   2.9723491860191689     
 Relative summed weights:
  0.4185E-01  0.1455E-01  0.3261E-01  0.4817E-01  0.9923E-01  0.8312E-01  0.5373E-01  0.5127E-01
  0.3690E-01  0.8872E-01  0.5295E-01  0.6976E-01  0.8442E-01  0.9694E-01  0.5951E-01  0.8625E-01
 Relative number of events:
  0.4856E-01  0.3171E-01  0.4757E-01  0.5649E-01  0.8821E-01  0.7730E-01  0.7037E-01  0.6838E-01
  0.4460E-01  0.4856E-01  0.4361E-01  0.5352E-01  0.7334E-01  0.8622E-01  0.8424E-01  0.7730E-01
 Events:
          49          32          48          57          89          78          71          69
          45          49          44          54          74          87          85          78
 Iteration  2   Mean: 0.1056E-03 Abs mean: 0.1056E-03   Fluctuation:  0.115E-04   0.158E-01    10.9%
  2    0.1056E-03 0.1056E-03 +- 0.1147E-04      4.85
 Relative summed weights:
  0.5282E-01  0.5642E-01  0.5869E-01  0.1304E+00  0.6859E-01  0.1082E+00  0.4206E-01  0.8011E-01
  0.4923E-01  0.4818E-01  0.3325E-01  0.3949E-01  0.6489E-01  0.4559E-01  0.8089E-01  0.4117E-01
 Relative number of events:
  0.4550E-01  0.5100E-01  0.4150E-01  0.3750E-01  0.9050E-01  0.8550E-01  0.7650E-01  0.9300E-01
  0.4150E-01  0.4400E-01  0.4000E-01  0.4550E-01  0.6950E-01  0.8400E-01  0.7900E-01  0.7550E-01
 Events:
          91         102          83          75         181         171         153         186
          83          88          80          91         139         168         158         151
 Iteration  3   Mean: 0.1050E-03 Abs mean: 0.1050E-03   Fluctuation:  0.419E-05   0.435E-02    11.7%
  3    0.1050E-03 0.1050E-03 +- 0.4188E-05      2.52
 Relative summed weights:
  0.5545E-01  0.4587E-01  0.5098E-01  0.4269E-01  0.9495E-01  0.8124E-01  0.7858E-01  0.6435E-01
  0.4080E-01  0.4177E-01  0.4773E-01  0.4695E-01  0.7897E-01  0.7617E-01  0.8892E-01  0.6457E-01
 Relative number of events:
  0.4625E-01  0.4525E-01  0.4900E-01  0.5050E-01  0.8125E-01  0.8000E-01  0.7200E-01  0.7425E-01
  0.4575E-01  0.4450E-01  0.4000E-01  0.5050E-01  0.8125E-01  0.7525E-01  0.8050E-01  0.8375E-01
 Events:
         185         181         196         202         325         320         288         297
         183         178         160         202         325         301         322         335
 Accuracy:    0.073   0.100   0.035   4.430
 Finished due to accuracy    7.3216323610377845E-002  0.10000000000000001     

 -------------------------------------------------------------------------------
 Accumulated results:   Integral =  0.1009E-03
                        Std dev  =  0.3510E-05
                       Cross sec =  0.1009E-03
             Chi**2 per DoF.     =      4.4298
 -------------------------------------------------------------------------------
 Found         1583  events.
 Wrote          136  events.
 Actual xsec    1.0090199053863185E-004
 Correct abs xsec    1.0090199053863185E-004
 Event xsec    1.0090199053863202E-004
 Events wgts > 1:            4
 % Cross section > 1:    4.9127456917244218E-007  0.48688293119881459     
-------------------------------------------------
---------------------------
 Results Last   3 iters: Integral =   0.1009E-03
                     Abs integral =   0.1009E-03
                          Std dev =   0.3510E-05
                  Chi**2 per DoF. =      7.5370
-------------------------------------------------
---------------------------
 Status  0.10000000000000001                4           7

ls status:
events.lhe
ftn26
input_app.txt
results.dat
run_01_log.txt
run1_app.log
