 Process in group number            1
 A PDF is used, so alpha_s(MZ) is going to be modified
 Old value of alpha_s from param_card:   0.13000000000000003     
  ****************************************
 
       NNPDFDriver version 1.0.3
   Grid: NNPDF23_lo_as_0130_qed_mem0.grid
  ****************************************
 New value of alpha_s from PDF nn23lo1:  0.13000000000000000     
 Warning! ptj set to xqcut=   20.000000000000000       to improve integration efficiency
 Note that this might affect non-radiated jets,
 e.g. from decays. Use cut_decays=F in run_card.
 Warning! mmjj set to xqcut=   20.000000000000000       to improve integration efficiency
 Note that this might affect non-radiated jets,
 e.g. from decays. Use cut_decays=F in run_card.
 Define smin to   6800.0000000000000     
 Define smin to   6800.0000000000000     
 Define smin to   6800.0000000000000     
 Define smin to   6800.0000000000000     
 Define smin to   6800.0000000000000     
 Define smin to   6800.0000000000000     
 Define smin to   6800.0000000000000     
 Define smin to   6800.0000000000000     
 *****************************************************
 *               MadGraph/MadEvent                   *
 *        --------------------------------           *
 *          http://madgraph.hep.uiuc.edu             *
 *          http://madgraph.phys.ucl.ac.be           *
 *          http://madgraph.roma2.infn.it            *
 *        --------------------------------           *
 *                                                   *
 *          PARAMETER AND COUPLING VALUES            *
 *                                                   *
 *****************************************************

  External Params
  ---------------------------------
  
 aEWM1 =    132.50700000000001     
 mdl_Gf =    1.1663900000000000E-005
 aS =   0.13000000000000003     
 mdl_ymb =    4.7000000000000002     
 mdl_ymt =    173.00000000000000     
 mdl_ymtau =    1.7769999999999999     
 mdl_MZ =    91.188000000000002     
 mdl_MT =    173.00000000000000     
 mdl_MB =    4.7000000000000002     
 mdl_MH =    125.00000000000000     
 mdl_MTA =    1.7769999999999999     
 mdl_WZ =    2.4414039999999999     
 mdl_WW =    2.0476000000000001     
 mdl_WT =    1.4915000000000000     
 mdl_WH =    6.3823389999999999E-003
  Internal Params
  ---------------------------------
  
 mdl_conjg__CKM1x1 =    1.0000000000000000     
 mdl_CKM3x3 =    1.0000000000000000     
 mdl_conjg__CKM3x3 =    1.0000000000000000     
 mdl_complexi =                (0.0000000000000000,1.0000000000000000)
 mdl_MZ__exp__2 =    8315.2513440000002     
 mdl_MZ__exp__4 =    69143404.913893804     
 mdl_sqrt__2 =    1.4142135623730951     
 mdl_MH__exp__2 =    15625.000000000000     
 mdl_aEW =    7.5467711139788835E-003
 mdl_MW =    80.419002445756163     
 mdl_sqrt__aEW =    8.6872153846781555E-002
 mdl_ee =   0.30795376724436879     
 mdl_MW__exp__2 =    6467.2159543705357     
 mdl_sw2 =   0.22224648578577766     
 mdl_cw =   0.88190334743339216     
 mdl_sqrt__sw2 =   0.47143025548407230     
 mdl_sw =   0.47143025548407230     
 mdl_g1 =   0.34919219678733299     
 mdl_gw =   0.65323293034757990     
 mdl_vev =    246.21845810181637     
 mdl_vev__exp__2 =    60623.529110035903     
 mdl_lam =   0.12886910601690263     
 mdl_yb =    2.6995554250465490E-002
 mdl_yt =   0.99366614581500623     
 mdl_ytau =    1.0206617000654717E-002
 mdl_muH =    88.388347648318430     
 mdl_I1x33 =          (2.69955542504654901E-002,0.0000000000000000)
 mdl_I2x33 =               (0.99366614581500623,0.0000000000000000)
 mdl_I3x33 =               (0.99366614581500623,0.0000000000000000)
 mdl_I4x33 =          (2.69955542504654901E-002,0.0000000000000000)
 mdl_ee__exp__2 =    9.4835522759998875E-002
 mdl_sw__exp__2 =   0.22224648578577769     
 mdl_cw__exp__2 =   0.77775351421422245     
  Internal Params evaluated point by point
  ----------------------------------------
  
 mdl_sqrt__aS =   0.36055512754639896     
 mdl_G__exp__2 =    1.6336281798666927     
  Couplings of sm
  ---------------------------------
  
        GC_10 =  -0.12781E+01   0.00000E+00
        GC_11 =   0.00000E+00   0.12781E+01
        GC_50 =  -0.00000E+00  -0.28804E+00
        GC_58 =  -0.00000E+00  -0.27437E-01
        GC_59 =   0.00000E+00   0.82310E-01

 Collider parameters:
 --------------------

 Running at P P   machine @    13000.000000000000       GeV
 PDF set = nn23lo1
 alpha_s(Mz)= 0.1300 running at 2 loops.
 alpha_s(Mz)= 0.1300 running at 2 loops.
 Renormalization scale set on event-by-event basis
 Factorization   scale set on event-by-event basis


 getting user params
Enter number of events and max and min iterations: 
 Number of events and iterations         1000           5           3
Enter desired fractional accuracy: 
 Desired fractional accuracy:   0.10000000000000001     
Enter 0 for fixed, 2 for adjustable grid: 
Suppress amplitude (0 no, 1 yes)? 
 Using suppressed amplitude.
Exact helicity sum (0 yes, n = number/event)? 
 Explicitly summing over helicities
Enter Configuration Number: 
Running Configuration Number:    5
 Not subdividing B.W.
 Attempting mappinvarients           1           7
 Determine nb_t
 T-channel found:            1
 Completed mapping           7
 about to integrate           13        1000           5           3          13           1
 Using non-zero grid deformation.
 13 dimensions   1000 events 13 invarients  5 iterations  1 config(s),  (0.99)
 Using h-tuple random number sequence.
 Error opening grid
 Using Uniform Grid!          32
 Using uniform alpha   1.0000000000000000     
 Grid defined OK
 Masses: 0.000E+00 0.000E+00 0.000E+00 0.000E+00 0.000E+00 0.000E+00 0.000E+00
 Set CM energy to      13000.00
 Mapping Graph           5  to config           5
 Determine nb_t
 T-channel found:            1
 Setting BW          -1           1   91.188000000000002     
Setting grid   2    0.17619E-04   1
 Setting BW          -3           2   91.188000000000002     
Setting grid   4    0.17619E-04   1
 Transforming s_hat 1/s           12   9.8671946531682858E-005   6800.0000000000000        168999999.99999997     
Using random seed offsets     5 :      5
  with seed                   30
 Ranmar initialization seeds        8296        9409
 
 ********************************************
 * You are using the DiscreteSampler module *
 *      part of the MG5_aMC framework       *
 *         Author: Valentin Hirschi         *
 ********************************************
 
  Particle       3       4       5       6       7
      Et >    20.0    20.0    20.0    20.0    20.0
       E >     0.0     0.0     0.0     0.0     0.0
     Eta <     2.5     2.5     2.5     2.5     2.8
   xqcut:      0.0     0.0     0.0     0.0    20.0
d R # 3  >    -0.0     0.4     0.4     0.4     0.0
d R # 4  >    -0.0    -0.0     0.4     0.4     0.0
d R # 5  >    -0.0    -0.0    -0.0     0.4     0.0
d R # 6  >    -0.0    -0.0    -0.0    -0.0     0.0
s min # 3>     0.0     0.0     0.0     0.0     0.0
s min # 4>     0.0     0.0     0.0     0.0     0.0
s min # 5>     0.0     0.0     0.0     0.0     0.0
s min # 6>     0.0     0.0     0.0     0.0     0.0
xqcutij # 3>     0.0     0.0     0.0     0.0     0.0
xqcutij # 4>     0.0     0.0     0.0     0.0     0.0
xqcutij # 5>     0.0     0.0     0.0     0.0     0.0
xqcutij # 6>     0.0     0.0     0.0     0.0     0.0
 No cut BW           -1           1
 No cut BW           -3           2
 alpha_s for scale    188.24378985173962       is   0.11600548981641527     
 RESET CUMULATIVE VARIABLE
 Iteration  1   Mean: 0.7090E-03 Abs mean: 0.7090E-03   Fluctuation:  0.501E-04   0.197E-01     4.7%
  1    0.7090E-03 0.7090E-03 +- 0.5014E-04      2.24
 Writing out events   2.9957761510091765E-006   2.2362928669415023     
 Relative summed weights:
  0.1874E-01  0.5020E-01  0.5658E-01  0.1939E-01  0.5033E-01  0.3591E-01  0.2505E-01  0.4487E-01  0.3191E-02  0.6689E-02  0.8078E-02  0.1232E-01  0.2734E-01  0.2584E-01  0.2594E-01  0.3037E-01
  0.4763E-01  0.6318E-01  0.2616E-01  0.2483E-01  0.8003E-01  0.5710E-01  0.3711E-01  0.6321E-01  0.1652E-01  0.5526E-02  0.1220E-01  0.1131E-01  0.2358E-01  0.2834E-01  0.3090E-01  0.3155E-01
 Relative number of events:
  0.2775E-01  0.2775E-01  0.2478E-01  0.2081E-01  0.4163E-01  0.4559E-01  0.3766E-01  0.4262E-01  0.1288E-01  0.1090E-01  0.1784E-01  0.2081E-01  0.3667E-01  0.3865E-01  0.4559E-01  0.5352E-01
  0.2279E-01  0.3072E-01  0.1883E-01  0.2379E-01  0.5154E-01  0.4262E-01  0.3667E-01  0.4163E-01  0.2279E-01  0.1288E-01  0.1685E-01  0.1487E-01  0.3271E-01  0.4361E-01  0.3568E-01  0.4658E-01
 Events:
          28          28          25          21          42          46          38          43          13          11          18          21          37          39          46          54
          23          31          19          24          52          43          37          42          23          13          17          15          33          44          36          47
 Iteration  2   Mean: 0.6844E-03 Abs mean: 0.6844E-03   Fluctuation:  0.280E-04   0.202E-01    17.1%
  2    0.6844E-03 0.6844E-03 +- 0.2800E-04      1.83
 Relative summed weights:
  0.2896E-01  0.4133E-01  0.3747E-01  0.4383E-01  0.4741E-01  0.4658E-01  0.6316E-01  0.6270E-01  0.1111E-01  0.1242E-01  0.8263E-02  0.1000E-01  0.3556E-01  0.3480E-01  0.2766E-01  0.3218E-01
  0.2317E-01  0.3978E-01  0.3193E-01  0.2383E-01  0.3234E-01  0.6257E-01  0.3563E-01  0.6205E-01  0.5608E-02  0.9064E-02  0.1029E-01  0.8516E-02  0.2785E-01  0.2011E-01  0.2646E-01  0.3735E-01
 Relative number of events:
  0.2750E-01  0.3250E-01  0.2600E-01  0.3200E-01  0.4050E-01  0.4350E-01  0.3900E-01  0.5250E-01  0.1850E-01  0.1650E-01  0.1450E-01  0.1750E-01  0.4400E-01  0.4300E-01  0.4900E-01  0.4350E-01
  0.2350E-01  0.2850E-01  0.2100E-01  0.2400E-01  0.3850E-01  0.4150E-01  0.3600E-01  0.3800E-01  0.1300E-01  0.1400E-01  0.1400E-01  0.1650E-01  0.4300E-01  0.3300E-01  0.3600E-01  0.3950E-01
 Events:
          55          65          52          64          81          87          78         105          37          33          29          35          88          86          98          87
          47          57          42          48          77          83          72          76          26          28          28          33          86          66          72          79
 Iteration  3   Mean: 0.6626E-03 Abs mean: 0.6626E-03   Fluctuation:  0.190E-04   0.357E-01    20.2%
  3    0.6626E-03 0.6626E-03 +- 0.1902E-04      1.82
 Relative summed weights:
  0.3094E-01  0.4781E-01  0.2788E-01  0.3514E-01  0.4324E-01  0.4591E-01  0.4763E-01  0.6053E-01  0.1082E-01  0.8894E-02  0.1135E-01  0.1173E-01  0.2605E-01  0.3630E-01  0.2762E-01  0.2879E-01
  0.3791E-01  0.3604E-01  0.4002E-01  0.3670E-01  0.5833E-01  0.4970E-01  0.5119E-01  0.4197E-01  0.1130E-01  0.1179E-01  0.9237E-02  0.1222E-01  0.2654E-01  0.2763E-01  0.2626E-01  0.2253E-01
 Relative number of events:
  0.2800E-01  0.2975E-01  0.2750E-01  0.2750E-01  0.3600E-01  0.4075E-01  0.4050E-01  0.4175E-01  0.1500E-01  0.1350E-01  0.1600E-01  0.1800E-01  0.3775E-01  0.4200E-01  0.4025E-01  0.3975E-01
  0.3025E-01  0.2825E-01  0.3050E-01  0.2975E-01  0.3950E-01  0.4250E-01  0.4425E-01  0.4275E-01  0.1475E-01  0.1725E-01  0.1450E-01  0.1850E-01  0.3600E-01  0.4175E-01  0.3875E-01  0.3675E-01
 Events:
         112         119         110         110         144         163         162         167          60          54          64          72         151         168         161         159
         121         113         122         119         158         170         177         171          59          69          58          74         144         167         155         147
 Accuracy:    0.016   0.100   0.022   0.517
 Finished due to accuracy    1.6033095218738500E-002  0.10000000000000001     

 -------------------------------------------------------------------------------
 Accumulated results:   Integral =  0.6737E-03
                        Std dev  =  0.1503E-04
                       Cross sec =  0.6737E-03
             Chi**2 per DoF.     =      0.5168
 -------------------------------------------------------------------------------
 Found         1524  events.
 Wrote          219  events.
 Actual xsec    6.7367502282457317E-004
 Correct abs xsec    6.7367502282457317E-004
 Event xsec    6.7367502282457122E-004
 Events wgts > 1:            1
 % Cross section > 1:    5.9782437965786216E-006  0.88740766601575349     
-------------------------------------------------
---------------------------
 Results Last   3 iters: Integral =   0.6737E-03
                     Abs integral =   0.6737E-03
                          Std dev =   0.1503E-04
                  Chi**2 per DoF. =      0.4932
-------------------------------------------------
---------------------------
 Status  0.10000000000000001                4           5

ls status:
events.lhe
ftn26
input_app.txt
results.dat
run_01_log.txt
run1_app.log
