 Process in group number            1
 A PDF is used, so alpha_s(MZ) is going to be modified
 Old value of alpha_s from param_card:   0.13000000000000003     
  ****************************************
 
       NNPDFDriver version 1.0.3
   Grid: NNPDF23_lo_as_0130_qed_mem0.grid
  ****************************************
 New value of alpha_s from PDF nn23lo1:  0.13000000000000000     
 Warning! ptj set to xqcut=   20.000000000000000       to improve integration efficiency
 Note that this might affect non-radiated jets,
 e.g. from decays. Use cut_decays=F in run_card.
 Warning! mmjj set to xqcut=   20.000000000000000       to improve integration efficiency
 Note that this might affect non-radiated jets,
 e.g. from decays. Use cut_decays=F in run_card.
 Define smin to   6800.0000000000000     
 Define smin to   6800.0000000000000     
 Define smin to   6800.0000000000000     
 Define smin to   6800.0000000000000     
 *****************************************************
 *               MadGraph/MadEvent                   *
 *        --------------------------------           *
 *          http://madgraph.hep.uiuc.edu             *
 *          http://madgraph.phys.ucl.ac.be           *
 *          http://madgraph.roma2.infn.it            *
 *        --------------------------------           *
 *                                                   *
 *          PARAMETER AND COUPLING VALUES            *
 *                                                   *
 *****************************************************

  External Params
  ---------------------------------
  
 aEWM1 =    132.50700000000001     
 mdl_Gf =    1.1663900000000000E-005
 aS =   0.13000000000000003     
 mdl_ymb =    4.7000000000000002     
 mdl_ymt =    173.00000000000000     
 mdl_ymtau =    1.7769999999999999     
 mdl_MZ =    91.188000000000002     
 mdl_MT =    173.00000000000000     
 mdl_MB =    4.7000000000000002     
 mdl_MH =    125.00000000000000     
 mdl_MTA =    1.7769999999999999     
 mdl_WZ =    2.4414039999999999     
 mdl_WW =    2.0476000000000001     
 mdl_WT =    1.4915000000000000     
 mdl_WH =    6.3823389999999999E-003
  Internal Params
  ---------------------------------
  
 mdl_conjg__CKM1x1 =    1.0000000000000000     
 mdl_CKM3x3 =    1.0000000000000000     
 mdl_conjg__CKM3x3 =    1.0000000000000000     
 mdl_complexi =                (0.0000000000000000,1.0000000000000000)
 mdl_MZ__exp__2 =    8315.2513440000002     
 mdl_MZ__exp__4 =    69143404.913893804     
 mdl_sqrt__2 =    1.4142135623730951     
 mdl_MH__exp__2 =    15625.000000000000     
 mdl_aEW =    7.5467711139788835E-003
 mdl_MW =    80.419002445756163     
 mdl_sqrt__aEW =    8.6872153846781555E-002
 mdl_ee =   0.30795376724436879     
 mdl_MW__exp__2 =    6467.2159543705357     
 mdl_sw2 =   0.22224648578577766     
 mdl_cw =   0.88190334743339216     
 mdl_sqrt__sw2 =   0.47143025548407230     
 mdl_sw =   0.47143025548407230     
 mdl_g1 =   0.34919219678733299     
 mdl_gw =   0.65323293034757990     
 mdl_vev =    246.21845810181637     
 mdl_vev__exp__2 =    60623.529110035903     
 mdl_lam =   0.12886910601690263     
 mdl_yb =    2.6995554250465490E-002
 mdl_yt =   0.99366614581500623     
 mdl_ytau =    1.0206617000654717E-002
 mdl_muH =    88.388347648318430     
 mdl_I1x33 =          (2.69955542504654901E-002,0.0000000000000000)
 mdl_I2x33 =               (0.99366614581500623,0.0000000000000000)
 mdl_I3x33 =               (0.99366614581500623,0.0000000000000000)
 mdl_I4x33 =          (2.69955542504654901E-002,0.0000000000000000)
 mdl_ee__exp__2 =    9.4835522759998875E-002
 mdl_sw__exp__2 =   0.22224648578577769     
 mdl_cw__exp__2 =   0.77775351421422245     
  Internal Params evaluated point by point
  ----------------------------------------
  
 mdl_sqrt__aS =   0.36055512754639896     
 mdl_G__exp__2 =    1.6336281798666927     
  Couplings of sm
  ---------------------------------
  
        GC_10 =  -0.12781E+01   0.00000E+00
        GC_11 =   0.00000E+00   0.12781E+01
        GC_50 =  -0.00000E+00  -0.28804E+00
        GC_58 =  -0.00000E+00  -0.27437E-01
        GC_59 =   0.00000E+00   0.82310E-01

 Collider parameters:
 --------------------

 Running at P P   machine @    13000.000000000000       GeV
 PDF set = nn23lo1
 alpha_s(Mz)= 0.1300 running at 2 loops.
 alpha_s(Mz)= 0.1300 running at 2 loops.
 Renormalization scale set on event-by-event basis
 Factorization   scale set on event-by-event basis


 getting user params
Enter number of events and max and min iterations: 
 Number of events and iterations         1000           5           3
Enter desired fractional accuracy: 
 Desired fractional accuracy:   0.10000000000000001     
Enter 0 for fixed, 2 for adjustable grid: 
Suppress amplitude (0 no, 1 yes)? 
 Using suppressed amplitude.
Exact helicity sum (0 yes, n = number/event)? 
 Explicitly summing over helicities
Enter Configuration Number: 
Running Configuration Number:    3
 Not subdividing B.W.
 Attempting mappinvarients           1           7
 Determine nb_t
 T-channel found:            2
 Completed mapping           7
 about to integrate           13        1000           7           3          13           1
 Using non-zero grid deformation.
 13 dimensions   1000 events 13 invarients  7 iterations  1 config(s),  (0.99)
 Using h-tuple random number sequence.
 Error opening grid
 Using Uniform Grid!          32
 Using uniform alpha   1.0000000000000000     
 Grid defined OK
 Masses: 0.000E+00 0.000E+00 0.000E+00 0.000E+00 0.000E+00 0.000E+00 0.000E+00
 Set CM energy to      13000.00
 Mapping Graph           3  to config           3
 Determine nb_t
 T-channel found:            2
 Setting BW          -1           1   91.188000000000002     
 Setting BW          -2           2   91.188000000000002     
Setting grid   3    0.23669E-05   1
Setting grid   4    0.17619E-04   1
 Transforming s_hat 1/s           12   9.8671946531682858E-005   6800.0000000000000        168999999.99999997     
Using random seed offsets     3 :      6
  with seed                   30
 Ranmar initialization seeds        8294        9410
 
 ********************************************
 * You are using the DiscreteSampler module *
 *      part of the MG5_aMC framework       *
 *         Author: Valentin Hirschi         *
 ********************************************
 
  Particle       3       4       5       6       7
      Et >    20.0    20.0    20.0    20.0    20.0
       E >     0.0     0.0     0.0     0.0     0.0
     Eta <     2.5     2.5     2.5     2.5     2.8
   xqcut:      0.0     0.0     0.0     0.0    20.0
d R # 3  >    -0.0     0.4     0.4     0.4     0.0
d R # 4  >    -0.0    -0.0     0.4     0.4     0.0
d R # 5  >    -0.0    -0.0    -0.0     0.4     0.0
d R # 6  >    -0.0    -0.0    -0.0    -0.0     0.0
s min # 3>     0.0     0.0     0.0     0.0     0.0
s min # 4>     0.0     0.0     0.0     0.0     0.0
s min # 5>     0.0     0.0     0.0     0.0     0.0
s min # 6>     0.0     0.0     0.0     0.0     0.0
xqcutij # 3>     0.0     0.0     0.0     0.0     0.0
xqcutij # 4>     0.0     0.0     0.0     0.0     0.0
xqcutij # 5>     0.0     0.0     0.0     0.0     0.0
xqcutij # 6>     0.0     0.0     0.0     0.0     0.0
 No cut BW           -1           1
 No cut BW           -2           2
 alpha_s for scale    304.53277306071737       is   0.10829964057098790     
 RESET CUMULATIVE VARIABLE
 Iteration  1   Mean: 0.2303E-02 Abs mean: 0.2303E-02   Fluctuation:  0.149E-03   0.766E-01     3.7%
  1    0.2303E-02 0.2303E-02 +- 0.1489E-03      2.04
 Writing out events   8.7912249298513620E-006   2.0441205802386953     
 Relative summed weights:
  0.2910E-01  0.3267E-01  0.3514E-01  0.4607E-01  0.6602E-01  0.9929E-01  0.6361E-01  0.9158E-01
  0.3234E-01  0.6210E-01  0.4779E-01  0.6626E-01  0.6688E-01  0.7798E-01  0.8514E-01  0.9803E-01
 Relative number of events:
  0.4063E-01  0.4361E-01  0.4460E-01  0.5352E-01  0.7532E-01  0.8127E-01  0.7136E-01  0.7532E-01
  0.4163E-01  0.3171E-01  0.4658E-01  0.5055E-01  0.8722E-01  0.8325E-01  0.9415E-01  0.7929E-01
 Events:
          41          44          45          54          76          82          72          76
          42          32          47          51          88          84          95          80
 Iteration  2   Mean: 0.2221E-02 Abs mean: 0.2221E-02   Fluctuation:  0.105E-03   0.820E-01    12.9%
  2    0.2221E-02 0.2221E-02 +- 0.1054E-03      2.12
 Relative summed weights:
  0.4776E-01  0.4908E-01  0.4241E-01  0.3522E-01  0.8137E-01  0.7158E-01  0.6304E-01  0.9250E-01
  0.5437E-01  0.3698E-01  0.4249E-01  0.3803E-01  0.6813E-01  0.8269E-01  0.1047E+00  0.8969E-01
 Relative number of events:
  0.4700E-01  0.4000E-01  0.4100E-01  0.4750E-01  0.8150E-01  0.8450E-01  0.7450E-01  0.9150E-01
  0.4900E-01  0.4050E-01  0.4150E-01  0.3500E-01  0.7750E-01  0.9000E-01  0.7800E-01  0.8100E-01
 Events:
          94          80          82          95         163         169         149         183
          98          81          83          70         155         180         156         162
 Iteration  3   Mean: 0.2159E-02 Abs mean: 0.2159E-02   Fluctuation:  0.652E-04   0.128E+00    18.2%
  3    0.2159E-02 0.2159E-02 +- 0.6521E-04      1.91
 Relative summed weights:
  0.3735E-01  0.4309E-01  0.3764E-01  0.5731E-01  0.7409E-01  0.7985E-01  0.8042E-01  0.7045E-01
  0.4574E-01  0.4756E-01  0.4370E-01  0.4400E-01  0.7973E-01  0.9327E-01  0.8369E-01  0.8210E-01
 Relative number of events:
  0.3950E-01  0.4425E-01  0.4050E-01  0.4500E-01  0.7975E-01  0.7600E-01  0.7950E-01  0.7900E-01
  0.4150E-01  0.4675E-01  0.4675E-01  0.4125E-01  0.8325E-01  0.9200E-01  0.8225E-01  0.8275E-01
 Events:
         158         177         162         180         319         304         318         316
         166         187         187         165         333         368         329         331
 Accuracy:    0.016   0.100   0.024   0.471
 Finished due to accuracy    1.6264835974008754E-002  0.10000000000000001     

 -------------------------------------------------------------------------------
 Accumulated results:   Integral =  0.2194E-02
                        Std dev  =  0.5200E-04
                       Cross sec =  0.2194E-02
             Chi**2 per DoF.     =      0.4708
 -------------------------------------------------------------------------------
 Found         1698  events.
 Wrote          148  events.
 Actual xsec    2.1938012248268854E-003
 Correct abs xsec    2.1938012248268854E-003
 Event xsec    2.1938012248268767E-003
 Events wgts > 1:            2
 % Cross section > 1:    1.9957107397656417E-005  0.90970445142455092     
-------------------------------------------------
---------------------------
 Results Last   3 iters: Integral =   0.2194E-02
                     Abs integral =   0.2194E-02
                          Std dev =   0.5200E-04
                  Chi**2 per DoF. =      0.4470
-------------------------------------------------
---------------------------
 Status  0.10000000000000001                4           7

ls status:
events.lhe
ftn26
input_app.txt
results.dat
run_01_log.txt
run1_app.log
