This file contains any messages produced by compilers while
running configure, to aid debugging if configure makes a mistake.

It was created by SISCone configure 3.0.6, which was
generated by GNU Autoconf 2.71.  Invocation command line was

  $ ./configure --disable-option-checking --prefix=/home/dkennedy_umass_edu/Madgraph/fastjet-3.4.2/../fastjet-install build_alias=x86_64-conda-linux-gnu host_alias=x86_64-conda-linux-gnu CC=/home/dkennedy_umass_edu/Software/Python/anaconda3/envs/root6/bin/x86_64-conda-linux-gnu-cc 'CFLAGS=-march=nocona -mtune=haswell -ftree-vectorize -fPIC -fstack-protector-strong -fno-plt -O2 -ffunction-sections -pipe -isystem /home/dkennedy_umass_edu/Software/Python/anaconda3/envs/root6/include' 'LDFLAGS=-Wl,-O2 -Wl,--sort-common -Wl,--as-needed -Wl,-z,relro -Wl,-z,now -Wl,--disable-new-dtags -Wl,--gc-sections -Wl,--allow-shlib-undefined -Wl,-rpath,/home/dkennedy_umass_edu/Software/Python/anaconda3/envs/root6/lib -Wl,-rpath-link,/home/dkennedy_umass_edu/Software/Python/anaconda3/envs/root6/lib -L/home/dkennedy_umass_edu/Software/Python/anaconda3/envs/root6/lib' 'CPPFLAGS=-DNDEBUG -D_FORTIFY_SOURCE=2 -O2 -isystem /home/dkennedy_umass_edu/Software/Python/anaconda3/envs/root6/include' CXX=/home/dkennedy_umass_edu/Software/Python/anaconda3/envs/root6/bin/x86_64-conda-linux-gnu-c++ 'CXXFLAGS=-fvisibility-inlines-hidden -std=c++17 -fmessage-length=0 -march=nocona -mtune=haswell -ftree-vectorize -fPIC -fstack-protector-strong -fno-plt -O2 -ffunction-sections -pipe -isystem /home/dkennedy_umass_edu/Software/Python/anaconda3/envs/root6/include' FC=/home/dkennedy_umass_edu/Software/Python/anaconda3/envs/root6/bin/x86_64-conda-linux-gnu-gfortran --cache-file=/dev/null --srcdir=.

## --------- ##
## Platform. ##
## --------- ##

hostname = login1
uname -m = x86_64
uname -r = 5.4.0-167-generic
uname -s = Linux
uname -v = #184-Ubuntu SMP Tue Oct 31 09:21:49 UTC 2023

/usr/bin/uname -p = x86_64
/bin/uname -X     = unknown

/bin/arch              = x86_64
/usr/bin/arch -k       = unknown
/usr/convex/getsysinfo = unknown
/usr/bin/hostinfo      = unknown
/bin/machine           = unknown
/usr/bin/oslevel       = unknown
/bin/universe          = unknown

PATH: /home/dkennedy_umass_edu/Software/Python/anaconda3/envs/root6/bin/
PATH: /home/dkennedy_umass_edu/Software/Python/anaconda3/condabin/
PATH: /modules/user-resources/bin/
PATH: /usr/local/sbin/
PATH: /usr/local/bin/
PATH: /usr/sbin/
PATH: /usr/bin/
PATH: /sbin/
PATH: /bin/
PATH: /usr/games/
PATH: /usr/local/games/
PATH: /snap/bin/


## ----------- ##
## Core tests. ##
## ----------- ##

configure:2762: looking for aux files: config.guess config.sub ltmain.sh compile missing install-sh
configure:2775:  trying ./
configure:2804:   ./config.guess found
configure:2804:   ./config.sub found
configure:2804:   ./ltmain.sh found
configure:2804:   ./compile found
configure:2804:   ./missing found
configure:2786:   ./install-sh found
configure:2934: checking for a BSD-compatible install
configure:3007: result: /usr/bin/install -c
configure:3018: checking whether build environment is sane
configure:3073: result: yes
configure:3230: checking for a race-free mkdir -p
configure:3274: result: /usr/bin/mkdir -p
configure:3281: checking for gawk
configure:3302: found /usr/bin/gawk
configure:3313: result: gawk
configure:3324: checking whether make sets $(MAKE)
configure:3347: result: yes
configure:3377: checking whether make supports nested variables
configure:3395: result: yes
configure:3553: checking whether make supports the include directive
configure:3568: make -f confmf.GNU && cat confinc.out
this is the am__doit target
configure:3571: $? = 0
configure:3590: result: yes (GNU style)
configure:3621: checking for x86_64-conda-linux-gnu-gcc
configure:3653: result: /home/dkennedy_umass_edu/Software/Python/anaconda3/envs/root6/bin/x86_64-conda-linux-gnu-cc
configure:4051: checking for C compiler version
configure:4060: /home/dkennedy_umass_edu/Software/Python/anaconda3/envs/root6/bin/x86_64-conda-linux-gnu-cc --version >&5
x86_64-conda-linux-gnu-cc (conda-forge gcc 10.4.0-19) 10.4.0
Copyright (C) 2020 Free Software Foundation, Inc.
This is free software; see the source for copying conditions.  There is NO
warranty; not even for MERCHANTABILITY or FITNESS FOR A PARTICULAR PURPOSE.

configure:4071: $? = 0
configure:4060: /home/dkennedy_umass_edu/Software/Python/anaconda3/envs/root6/bin/x86_64-conda-linux-gnu-cc -v >&5
Reading specs from /home/dkennedy_umass_edu/Software/Python/anaconda3/envs/root6/bin/../lib/gcc/x86_64-conda-linux-gnu/10.4.0/specs
could not find specs file conda.specs
COLLECT_GCC=/home/dkennedy_umass_edu/Software/Python/anaconda3/envs/root6/bin/x86_64-conda-linux-gnu-cc
COLLECT_LTO_WRAPPER=/home/dkennedy_umass_edu/Software/Python/anaconda3/envs/root6/bin/../libexec/gcc/x86_64-conda-linux-gnu/10.4.0/lto-wrapper
Target: x86_64-conda-linux-gnu
Configured with: ../configure --prefix=/home/conda/feedstock_root/build_artifacts/gcc_compilers_1666516817544/_h_env_placehold_placehold_placehold_placehold_placehold_placehold_placehold_placehold_placehold_placehold_placehold_placehold_placehold_placehold_placehold_placehold_placehold_placeho --with-slibdir=/home/conda/feedstock_root/build_artifacts/gcc_compilers_1666516817544/_h_env_placehold_placehold_placehold_placehold_placehold_placehold_placehold_placehold_placehold_placehold_placehold_placehold_placehold_placehold_placehold_placehold_placehold_placeho/lib --libdir=/home/conda/feedstock_root/build_artifacts/gcc_compilers_1666516817544/_h_env_placehold_placehold_placehold_placehold_placehold_placehold_placehold_placehold_placehold_placehold_placehold_placehold_placehold_placehold_placehold_placehold_placehold_placeho/lib --mandir=/home/conda/feedstock_root/build_artifacts/gcc_compilers_1666516817544/_h_env_placehold_placehold_placehold_placehold_placehold_placehold_placehold_placehold_placehold_placehold_placehold_placehold_placehold_placehold_placehold_placehold_placehold_placeho/man --build=x86_64-conda-linux-gnu --host=x86_64-conda-linux-gnu --target=x86_64-conda-linux-gnu --enable-default-pie --enable-languages=c,c++,fortran,objc,obj-c++ --enable-__cxa_atexit --disable-libmudflap --enable-libgomp --disable-libssp --enable-libquadmath --enable-libquadmath-support --enable-libsanitizer --enable-lto --enable-threads=posix --enable-target-optspace --enable-plugin --enable-gold --disable-nls --disable-bootstrap --disable-multilib --enable-long-long --with-sysroot=/home/conda/feedstock_root/build_artifacts/gcc_compilers_1666516817544/_h_env_placehold_placehold_placehold_placehold_placehold_placehold_placehold_placehold_placehold_placehold_placehold_placehold_placehold_placehold_placehold_placehold_placehold_placeho/x86_64-conda-linux-gnu/sysroot --with-build-sysroot=/home/conda/feedstock_root/build_artifacts/gcc_compilers_1666516817544/_build_env/x86_64-conda-linux-gnu/sysroot --with-gxx-include-dir=/home/conda/feedstock_root/build_artifacts/gcc_compilers_1666516817544/_h_env_placehold_placehold_placehold_placehold_placehold_placehold_placehold_placehold_placehold_placehold_placehold_placehold_placehold_placehold_placehold_placehold_placehold_placeho/x86_64-conda-linux-gnu/include/c++/10.4.0 --with-pkgversion='conda-forge gcc 10.4.0-19' --with-bugurl=https://github.com/conda-forge/ctng-compilers-feedstock/issues/new/choose
Thread model: posix
Supported LTO compression algorithms: zlib
gcc version 10.4.0 (conda-forge gcc 10.4.0-19) 
configure:4071: $? = 0
configure:4060: /home/dkennedy_umass_edu/Software/Python/anaconda3/envs/root6/bin/x86_64-conda-linux-gnu-cc -V >&5
x86_64-conda-linux-gnu-cc: error: unrecognized command-line option '-V'
x86_64-conda-linux-gnu-cc: fatal error: no input files
compilation terminated.
configure:4071: $? = 1
configure:4060: /home/dkennedy_umass_edu/Software/Python/anaconda3/envs/root6/bin/x86_64-conda-linux-gnu-cc -qversion >&5
x86_64-conda-linux-gnu-cc: error: unrecognized command-line option '-qversion'; did you mean '--version'?
x86_64-conda-linux-gnu-cc: fatal error: no input files
compilation terminated.
configure:4071: $? = 1
configure:4060: /home/dkennedy_umass_edu/Software/Python/anaconda3/envs/root6/bin/x86_64-conda-linux-gnu-cc -version >&5
x86_64-conda-linux-gnu-cc: error: unrecognized command-line option '-version'
x86_64-conda-linux-gnu-cc: fatal error: no input files
compilation terminated.
configure:4071: $? = 1
configure:4091: checking whether the C compiler works
configure:4113: /home/dkennedy_umass_edu/Software/Python/anaconda3/envs/root6/bin/x86_64-conda-linux-gnu-cc -march=nocona -mtune=haswell -ftree-vectorize -fPIC -fstack-protector-strong -fno-plt -O2 -ffunction-sections -pipe -isystem /home/dkennedy_umass_edu/Software/Python/anaconda3/envs/root6/include -DNDEBUG -D_FORTIFY_SOURCE=2 -O2 -isystem /home/dkennedy_umass_edu/Software/Python/anaconda3/envs/root6/include -Wl,-O2 -Wl,--sort-common -Wl,--as-needed -Wl,-z,relro -Wl,-z,now -Wl,--disable-new-dtags -Wl,--gc-sections -Wl,--allow-shlib-undefined -Wl,-rpath,/home/dkennedy_umass_edu/Software/Python/anaconda3/envs/root6/lib -Wl,-rpath-link,/home/dkennedy_umass_edu/Software/Python/anaconda3/envs/root6/lib -L/home/dkennedy_umass_edu/Software/Python/anaconda3/envs/root6/lib conftest.c  >&5
configure:4117: $? = 0
configure:4167: result: yes
configure:4170: checking for C compiler default output file name
configure:4172: result: a.out
configure:4178: checking for suffix of executables
configure:4185: /home/dkennedy_umass_edu/Software/Python/anaconda3/envs/root6/bin/x86_64-conda-linux-gnu-cc -o conftest -march=nocona -mtune=haswell -ftree-vectorize -fPIC -fstack-protector-strong -fno-plt -O2 -ffunction-sections -pipe -isystem /home/dkennedy_umass_edu/Software/Python/anaconda3/envs/root6/include -DNDEBUG -D_FORTIFY_SOURCE=2 -O2 -isystem /home/dkennedy_umass_edu/Software/Python/anaconda3/envs/root6/include -Wl,-O2 -Wl,--sort-common -Wl,--as-needed -Wl,-z,relro -Wl,-z,now -Wl,--disable-new-dtags -Wl,--gc-sections -Wl,--allow-shlib-undefined -Wl,-rpath,/home/dkennedy_umass_edu/Software/Python/anaconda3/envs/root6/lib -Wl,-rpath-link,/home/dkennedy_umass_edu/Software/Python/anaconda3/envs/root6/lib -L/home/dkennedy_umass_edu/Software/Python/anaconda3/envs/root6/lib conftest.c  >&5
configure:4189: $? = 0
configure:4212: result: 
configure:4234: checking whether we are cross compiling
configure:4242: /home/dkennedy_umass_edu/Software/Python/anaconda3/envs/root6/bin/x86_64-conda-linux-gnu-cc -o conftest -march=nocona -mtune=haswell -ftree-vectorize -fPIC -fstack-protector-strong -fno-plt -O2 -ffunction-sections -pipe -isystem /home/dkennedy_umass_edu/Software/Python/anaconda3/envs/root6/include -DNDEBUG -D_FORTIFY_SOURCE=2 -O2 -isystem /home/dkennedy_umass_edu/Software/Python/anaconda3/envs/root6/include -Wl,-O2 -Wl,--sort-common -Wl,--as-needed -Wl,-z,relro -Wl,-z,now -Wl,--disable-new-dtags -Wl,--gc-sections -Wl,--allow-shlib-undefined -Wl,-rpath,/home/dkennedy_umass_edu/Software/Python/anaconda3/envs/root6/lib -Wl,-rpath-link,/home/dkennedy_umass_edu/Software/Python/anaconda3/envs/root6/lib -L/home/dkennedy_umass_edu/Software/Python/anaconda3/envs/root6/lib conftest.c  >&5
configure:4246: $? = 0
configure:4253: ./conftest
configure:4257: $? = 0
configure:4245: result: no
configure:4250: checking for suffix of object files
configure:4273: /home/dkennedy_umass_edu/Software/Python/anaconda3/envs/root6/bin/x86_64-conda-linux-gnu-cc -c -march=nocona -mtune=haswell -ftree-vectorize -fPIC -fstack-protector-strong -fno-plt -O2 -ffunction-sections -pipe -isystem /home/dkennedy_umass_edu/Software/Python/anaconda3/envs/root6/include -DNDEBUG -D_FORTIFY_SOURCE=2 -O2 -isystem /home/dkennedy_umass_edu/Software/Python/anaconda3/envs/root6/include conftest.c >&5
configure:4277: $? = 0
configure:4299: result: o
configure:4303: checking whether the compiler supports GNU C
configure:4323: /home/dkennedy_umass_edu/Software/Python/anaconda3/envs/root6/bin/x86_64-conda-linux-gnu-cc -c -march=nocona -mtune=haswell -ftree-vectorize -fPIC -fstack-protector-strong -fno-plt -O2 -ffunction-sections -pipe -isystem /home/dkennedy_umass_edu/Software/Python/anaconda3/envs/root6/include -DNDEBUG -D_FORTIFY_SOURCE=2 -O2 -isystem /home/dkennedy_umass_edu/Software/Python/anaconda3/envs/root6/include conftest.c >&5
configure:4323: $? = 0
configure:4333: result: yes
configure:4344: checking whether /home/dkennedy_umass_edu/Software/Python/anaconda3/envs/root6/bin/x86_64-conda-linux-gnu-cc accepts -g
configure:4365: /home/dkennedy_umass_edu/Software/Python/anaconda3/envs/root6/bin/x86_64-conda-linux-gnu-cc -c -g -DNDEBUG -D_FORTIFY_SOURCE=2 -O2 -isystem /home/dkennedy_umass_edu/Software/Python/anaconda3/envs/root6/include conftest.c >&5
configure:4365: $? = 0
configure:4409: result: yes
configure:4429: checking for /home/dkennedy_umass_edu/Software/Python/anaconda3/envs/root6/bin/x86_64-conda-linux-gnu-cc option to enable C11 features
configure:4444: /home/dkennedy_umass_edu/Software/Python/anaconda3/envs/root6/bin/x86_64-conda-linux-gnu-cc  -c -march=nocona -mtune=haswell -ftree-vectorize -fPIC -fstack-protector-strong -fno-plt -O2 -ffunction-sections -pipe -isystem /home/dkennedy_umass_edu/Software/Python/anaconda3/envs/root6/include -DNDEBUG -D_FORTIFY_SOURCE=2 -O2 -isystem /home/dkennedy_umass_edu/Software/Python/anaconda3/envs/root6/include conftest.c >&5
configure:4444: $? = 0
configure:4462: result: none needed
configure:4578: checking whether /home/dkennedy_umass_edu/Software/Python/anaconda3/envs/root6/bin/x86_64-conda-linux-gnu-cc understands -c and -o together
configure:4601: /home/dkennedy_umass_edu/Software/Python/anaconda3/envs/root6/bin/x86_64-conda-linux-gnu-cc -c conftest.c -o conftest2.o
configure:4604: $? = 0
configure:4601: /home/dkennedy_umass_edu/Software/Python/anaconda3/envs/root6/bin/x86_64-conda-linux-gnu-cc -c conftest.c -o conftest2.o
configure:4604: $? = 0
configure:4616: result: yes
configure:4635: checking dependency style of /home/dkennedy_umass_edu/Software/Python/anaconda3/envs/root6/bin/x86_64-conda-linux-gnu-cc
configure:4747: result: gcc3
configure:4767: checking for stdio.h
configure:4767: /home/dkennedy_umass_edu/Software/Python/anaconda3/envs/root6/bin/x86_64-conda-linux-gnu-cc -c -march=nocona -mtune=haswell -ftree-vectorize -fPIC -fstack-protector-strong -fno-plt -O2 -ffunction-sections -pipe -isystem /home/dkennedy_umass_edu/Software/Python/anaconda3/envs/root6/include -DNDEBUG -D_FORTIFY_SOURCE=2 -O2 -isystem /home/dkennedy_umass_edu/Software/Python/anaconda3/envs/root6/include conftest.c >&5
configure:4767: $? = 0
configure:4767: result: yes
configure:4767: checking for stdlib.h
configure:4767: /home/dkennedy_umass_edu/Software/Python/anaconda3/envs/root6/bin/x86_64-conda-linux-gnu-cc -c -march=nocona -mtune=haswell -ftree-vectorize -fPIC -fstack-protector-strong -fno-plt -O2 -ffunction-sections -pipe -isystem /home/dkennedy_umass_edu/Software/Python/anaconda3/envs/root6/include -DNDEBUG -D_FORTIFY_SOURCE=2 -O2 -isystem /home/dkennedy_umass_edu/Software/Python/anaconda3/envs/root6/include conftest.c >&5
configure:4767: $? = 0
configure:4767: result: yes
configure:4767: checking for string.h
configure:4767: /home/dkennedy_umass_edu/Software/Python/anaconda3/envs/root6/bin/x86_64-conda-linux-gnu-cc -c -march=nocona -mtune=haswell -ftree-vectorize -fPIC -fstack-protector-strong -fno-plt -O2 -ffunction-sections -pipe -isystem /home/dkennedy_umass_edu/Software/Python/anaconda3/envs/root6/include -DNDEBUG -D_FORTIFY_SOURCE=2 -O2 -isystem /home/dkennedy_umass_edu/Software/Python/anaconda3/envs/root6/include conftest.c >&5
configure:4767: $? = 0
configure:4767: result: yes
configure:4767: checking for inttypes.h
configure:4767: /home/dkennedy_umass_edu/Software/Python/anaconda3/envs/root6/bin/x86_64-conda-linux-gnu-cc -c -march=nocona -mtune=haswell -ftree-vectorize -fPIC -fstack-protector-strong -fno-plt -O2 -ffunction-sections -pipe -isystem /home/dkennedy_umass_edu/Software/Python/anaconda3/envs/root6/include -DNDEBUG -D_FORTIFY_SOURCE=2 -O2 -isystem /home/dkennedy_umass_edu/Software/Python/anaconda3/envs/root6/include conftest.c >&5
configure:4767: $? = 0
configure:4767: result: yes
configure:4767: checking for stdint.h
configure:4767: /home/dkennedy_umass_edu/Software/Python/anaconda3/envs/root6/bin/x86_64-conda-linux-gnu-cc -c -march=nocona -mtune=haswell -ftree-vectorize -fPIC -fstack-protector-strong -fno-plt -O2 -ffunction-sections -pipe -isystem /home/dkennedy_umass_edu/Software/Python/anaconda3/envs/root6/include -DNDEBUG -D_FORTIFY_SOURCE=2 -O2 -isystem /home/dkennedy_umass_edu/Software/Python/anaconda3/envs/root6/include conftest.c >&5
configure:4767: $? = 0
configure:4767: result: yes
configure:4767: checking for strings.h
configure:4767: /home/dkennedy_umass_edu/Software/Python/anaconda3/envs/root6/bin/x86_64-conda-linux-gnu-cc -c -march=nocona -mtune=haswell -ftree-vectorize -fPIC -fstack-protector-strong -fno-plt -O2 -ffunction-sections -pipe -isystem /home/dkennedy_umass_edu/Software/Python/anaconda3/envs/root6/include -DNDEBUG -D_FORTIFY_SOURCE=2 -O2 -isystem /home/dkennedy_umass_edu/Software/Python/anaconda3/envs/root6/include conftest.c >&5
configure:4767: $? = 0
configure:4767: result: yes
configure:4767: checking for sys/stat.h
configure:4767: /home/dkennedy_umass_edu/Software/Python/anaconda3/envs/root6/bin/x86_64-conda-linux-gnu-cc -c -march=nocona -mtune=haswell -ftree-vectorize -fPIC -fstack-protector-strong -fno-plt -O2 -ffunction-sections -pipe -isystem /home/dkennedy_umass_edu/Software/Python/anaconda3/envs/root6/include -DNDEBUG -D_FORTIFY_SOURCE=2 -O2 -isystem /home/dkennedy_umass_edu/Software/Python/anaconda3/envs/root6/include conftest.c >&5
configure:4767: $? = 0
configure:4767: result: yes
configure:4767: checking for sys/types.h
configure:4767: /home/dkennedy_umass_edu/Software/Python/anaconda3/envs/root6/bin/x86_64-conda-linux-gnu-cc -c -march=nocona -mtune=haswell -ftree-vectorize -fPIC -fstack-protector-strong -fno-plt -O2 -ffunction-sections -pipe -isystem /home/dkennedy_umass_edu/Software/Python/anaconda3/envs/root6/include -DNDEBUG -D_FORTIFY_SOURCE=2 -O2 -isystem /home/dkennedy_umass_edu/Software/Python/anaconda3/envs/root6/include conftest.c >&5
configure:4767: $? = 0
configure:4767: result: yes
configure:4767: checking for unistd.h
configure:4767: /home/dkennedy_umass_edu/Software/Python/anaconda3/envs/root6/bin/x86_64-conda-linux-gnu-cc -c -march=nocona -mtune=haswell -ftree-vectorize -fPIC -fstack-protector-strong -fno-plt -O2 -ffunction-sections -pipe -isystem /home/dkennedy_umass_edu/Software/Python/anaconda3/envs/root6/include -DNDEBUG -D_FORTIFY_SOURCE=2 -O2 -isystem /home/dkennedy_umass_edu/Software/Python/anaconda3/envs/root6/include conftest.c >&5
configure:4767: $? = 0
configure:4767: result: yes
configure:4792: checking for int
configure:4792: /home/dkennedy_umass_edu/Software/Python/anaconda3/envs/root6/bin/x86_64-conda-linux-gnu-cc -c -march=nocona -mtune=haswell -ftree-vectorize -fPIC -fstack-protector-strong -fno-plt -O2 -ffunction-sections -pipe -isystem /home/dkennedy_umass_edu/Software/Python/anaconda3/envs/root6/include -DNDEBUG -D_FORTIFY_SOURCE=2 -O2 -isystem /home/dkennedy_umass_edu/Software/Python/anaconda3/envs/root6/include conftest.c >&5
configure:4792: $? = 0
configure:4792: /home/dkennedy_umass_edu/Software/Python/anaconda3/envs/root6/bin/x86_64-conda-linux-gnu-cc -c -march=nocona -mtune=haswell -ftree-vectorize -fPIC -fstack-protector-strong -fno-plt -O2 -ffunction-sections -pipe -isystem /home/dkennedy_umass_edu/Software/Python/anaconda3/envs/root6/include -DNDEBUG -D_FORTIFY_SOURCE=2 -O2 -isystem /home/dkennedy_umass_edu/Software/Python/anaconda3/envs/root6/include conftest.c >&5
conftest.c: In function 'main':
conftest.c:52:18: error: expected expression before ')' token
   52 | if (sizeof ((int)))
      |                  ^
configure:4792: $? = 1
configure: failed program was:
| /* confdefs.h */
| #define PACKAGE_NAME "SISCone"
| #define PACKAGE_TARNAME "siscone"
| #define PACKAGE_VERSION "3.0.6"
| #define PACKAGE_STRING "SISCone 3.0.6"
| #define PACKAGE_BUGREPORT ""
| #define PACKAGE_URL ""
| #define PACKAGE "siscone"
| #define VERSION "3.0.6"
| #define HAVE_STDIO_H 1
| #define HAVE_STDLIB_H 1
| #define HAVE_STRING_H 1
| #define HAVE_INTTYPES_H 1
| #define HAVE_STDINT_H 1
| #define HAVE_STRINGS_H 1
| #define HAVE_SYS_STAT_H 1
| #define HAVE_SYS_TYPES_H 1
| #define HAVE_UNISTD_H 1
| #define STDC_HEADERS 1
| /* end confdefs.h.  */
| #include <stddef.h>
| #ifdef HAVE_STDIO_H
| # include <stdio.h>
| #endif
| #ifdef HAVE_STDLIB_H
| # include <stdlib.h>
| #endif
| #ifdef HAVE_STRING_H
| # include <string.h>
| #endif
| #ifdef HAVE_INTTYPES_H
| # include <inttypes.h>
| #endif
| #ifdef HAVE_STDINT_H
| # include <stdint.h>
| #endif
| #ifdef HAVE_STRINGS_H
| # include <strings.h>
| #endif
| #ifdef HAVE_SYS_TYPES_H
| # include <sys/types.h>
| #endif
| #ifdef HAVE_SYS_STAT_H
| # include <sys/stat.h>
| #endif
| #ifdef HAVE_UNISTD_H
| # include <unistd.h>
| #endif
| int
| main (void)
| {
| if (sizeof ((int)))
| 	    return 0;
|   ;
|   return 0;
| }
configure:4792: result: yes
configure:4798: checking for long
configure:4798: /home/dkennedy_umass_edu/Software/Python/anaconda3/envs/root6/bin/x86_64-conda-linux-gnu-cc -c -march=nocona -mtune=haswell -ftree-vectorize -fPIC -fstack-protector-strong -fno-plt -O2 -ffunction-sections -pipe -isystem /home/dkennedy_umass_edu/Software/Python/anaconda3/envs/root6/include -DNDEBUG -D_FORTIFY_SOURCE=2 -O2 -isystem /home/dkennedy_umass_edu/Software/Python/anaconda3/envs/root6/include conftest.c >&5
configure:4798: $? = 0
configure:4798: /home/dkennedy_umass_edu/Software/Python/anaconda3/envs/root6/bin/x86_64-conda-linux-gnu-cc -c -march=nocona -mtune=haswell -ftree-vectorize -fPIC -fstack-protector-strong -fno-plt -O2 -ffunction-sections -pipe -isystem /home/dkennedy_umass_edu/Software/Python/anaconda3/envs/root6/include -DNDEBUG -D_FORTIFY_SOURCE=2 -O2 -isystem /home/dkennedy_umass_edu/Software/Python/anaconda3/envs/root6/include conftest.c >&5
conftest.c: In function 'main':
conftest.c:52:19: error: expected expression before ')' token
   52 | if (sizeof ((long)))
      |                   ^
configure:4798: $? = 1
configure: failed program was:
| /* confdefs.h */
| #define PACKAGE_NAME "SISCone"
| #define PACKAGE_TARNAME "siscone"
| #define PACKAGE_VERSION "3.0.6"
| #define PACKAGE_STRING "SISCone 3.0.6"
| #define PACKAGE_BUGREPORT ""
| #define PACKAGE_URL ""
| #define PACKAGE "siscone"
| #define VERSION "3.0.6"
| #define HAVE_STDIO_H 1
| #define HAVE_STDLIB_H 1
| #define HAVE_STRING_H 1
| #define HAVE_INTTYPES_H 1
| #define HAVE_STDINT_H 1
| #define HAVE_STRINGS_H 1
| #define HAVE_SYS_STAT_H 1
| #define HAVE_SYS_TYPES_H 1
| #define HAVE_UNISTD_H 1
| #define STDC_HEADERS 1
| /* end confdefs.h.  */
| #include <stddef.h>
| #ifdef HAVE_STDIO_H
| # include <stdio.h>
| #endif
| #ifdef HAVE_STDLIB_H
| # include <stdlib.h>
| #endif
| #ifdef HAVE_STRING_H
| # include <string.h>
| #endif
| #ifdef HAVE_INTTYPES_H
| # include <inttypes.h>
| #endif
| #ifdef HAVE_STDINT_H
| # include <stdint.h>
| #endif
| #ifdef HAVE_STRINGS_H
| # include <strings.h>
| #endif
| #ifdef HAVE_SYS_TYPES_H
| # include <sys/types.h>
| #endif
| #ifdef HAVE_SYS_STAT_H
| # include <sys/stat.h>
| #endif
| #ifdef HAVE_UNISTD_H
| # include <unistd.h>
| #endif
| int
| main (void)
| {
| if (sizeof ((long)))
| 	    return 0;
|   ;
|   return 0;
| }
configure:4798: result: yes
configure:4935: checking for C++ compiler version
configure:4944: /home/dkennedy_umass_edu/Software/Python/anaconda3/envs/root6/bin/x86_64-conda-linux-gnu-c++ --version >&5
x86_64-conda-linux-gnu-c++ (conda-forge gcc 10.4.0-19) 10.4.0
Copyright (C) 2020 Free Software Foundation, Inc.
This is free software; see the source for copying conditions.  There is NO
warranty; not even for MERCHANTABILITY or FITNESS FOR A PARTICULAR PURPOSE.

configure:4955: $? = 0
configure:4944: /home/dkennedy_umass_edu/Software/Python/anaconda3/envs/root6/bin/x86_64-conda-linux-gnu-c++ -v >&5
Reading specs from /home/dkennedy_umass_edu/Software/Python/anaconda3/envs/root6/bin/../lib/gcc/x86_64-conda-linux-gnu/10.4.0/specs
could not find specs file conda.specs
COLLECT_GCC=/home/dkennedy_umass_edu/Software/Python/anaconda3/envs/root6/bin/x86_64-conda-linux-gnu-c++
COLLECT_LTO_WRAPPER=/home/dkennedy_umass_edu/Software/Python/anaconda3/envs/root6/bin/../libexec/gcc/x86_64-conda-linux-gnu/10.4.0/lto-wrapper
Target: x86_64-conda-linux-gnu
Configured with: ../configure --prefix=/home/conda/feedstock_root/build_artifacts/gcc_compilers_1666516817544/_h_env_placehold_placehold_placehold_placehold_placehold_placehold_placehold_placehold_placehold_placehold_placehold_placehold_placehold_placehold_placehold_placehold_placehold_placeho --with-slibdir=/home/conda/feedstock_root/build_artifacts/gcc_compilers_1666516817544/_h_env_placehold_placehold_placehold_placehold_placehold_placehold_placehold_placehold_placehold_placehold_placehold_placehold_placehold_placehold_placehold_placehold_placehold_placeho/lib --libdir=/home/conda/feedstock_root/build_artifacts/gcc_compilers_1666516817544/_h_env_placehold_placehold_placehold_placehold_placehold_placehold_placehold_placehold_placehold_placehold_placehold_placehold_placehold_placehold_placehold_placehold_placehold_placeho/lib --mandir=/home/conda/feedstock_root/build_artifacts/gcc_compilers_1666516817544/_h_env_placehold_placehold_placehold_placehold_placehold_placehold_placehold_placehold_placehold_placehold_placehold_placehold_placehold_placehold_placehold_placehold_placehold_placeho/man --build=x86_64-conda-linux-gnu --host=x86_64-conda-linux-gnu --target=x86_64-conda-linux-gnu --enable-default-pie --enable-languages=c,c++,fortran,objc,obj-c++ --enable-__cxa_atexit --disable-libmudflap --enable-libgomp --disable-libssp --enable-libquadmath --enable-libquadmath-support --enable-libsanitizer --enable-lto --enable-threads=posix --enable-target-optspace --enable-plugin --enable-gold --disable-nls --disable-bootstrap --disable-multilib --enable-long-long --with-sysroot=/home/conda/feedstock_root/build_artifacts/gcc_compilers_1666516817544/_h_env_placehold_placehold_placehold_placehold_placehold_placehold_placehold_placehold_placehold_placehold_placehold_placehold_placehold_placehold_placehold_placehold_placehold_placeho/x86_64-conda-linux-gnu/sysroot --with-build-sysroot=/home/conda/feedstock_root/build_artifacts/gcc_compilers_1666516817544/_build_env/x86_64-conda-linux-gnu/sysroot --with-gxx-include-dir=/home/conda/feedstock_root/build_artifacts/gcc_compilers_1666516817544/_h_env_placehold_placehold_placehold_placehold_placehold_placehold_placehold_placehold_placehold_placehold_placehold_placehold_placehold_placehold_placehold_placehold_placehold_placeho/x86_64-conda-linux-gnu/include/c++/10.4.0 --with-pkgversion='conda-forge gcc 10.4.0-19' --with-bugurl=https://github.com/conda-forge/ctng-compilers-feedstock/issues/new/choose
Thread model: posix
Supported LTO compression algorithms: zlib
gcc version 10.4.0 (conda-forge gcc 10.4.0-19) 
configure:4955: $? = 0
configure:4944: /home/dkennedy_umass_edu/Software/Python/anaconda3/envs/root6/bin/x86_64-conda-linux-gnu-c++ -V >&5
x86_64-conda-linux-gnu-c++: error: unrecognized command-line option '-V'
x86_64-conda-linux-gnu-c++: fatal error: no input files
compilation terminated.
configure:4955: $? = 1
configure:4944: /home/dkennedy_umass_edu/Software/Python/anaconda3/envs/root6/bin/x86_64-conda-linux-gnu-c++ -qversion >&5
x86_64-conda-linux-gnu-c++: error: unrecognized command-line option '-qversion'; did you mean '--version'?
x86_64-conda-linux-gnu-c++: fatal error: no input files
compilation terminated.
configure:4955: $? = 1
configure:4959: checking whether the compiler supports GNU C++
configure:4979: /home/dkennedy_umass_edu/Software/Python/anaconda3/envs/root6/bin/x86_64-conda-linux-gnu-c++ -c -fvisibility-inlines-hidden -std=c++17 -fmessage-length=0 -march=nocona -mtune=haswell -ftree-vectorize -fPIC -fstack-protector-strong -fno-plt -O2 -ffunction-sections -pipe -isystem /home/dkennedy_umass_edu/Software/Python/anaconda3/envs/root6/include -DNDEBUG -D_FORTIFY_SOURCE=2 -O2 -isystem /home/dkennedy_umass_edu/Software/Python/anaconda3/envs/root6/include conftest.cpp >&5
configure:4979: $? = 0
configure:4989: result: yes
configure:5000: checking whether /home/dkennedy_umass_edu/Software/Python/anaconda3/envs/root6/bin/x86_64-conda-linux-gnu-c++ accepts -g
configure:5021: /home/dkennedy_umass_edu/Software/Python/anaconda3/envs/root6/bin/x86_64-conda-linux-gnu-c++ -c -g -DNDEBUG -D_FORTIFY_SOURCE=2 -O2 -isystem /home/dkennedy_umass_edu/Software/Python/anaconda3/envs/root6/include conftest.cpp >&5
configure:5021: $? = 0
configure:5065: result: yes
configure:5085: checking for /home/dkennedy_umass_edu/Software/Python/anaconda3/envs/root6/bin/x86_64-conda-linux-gnu-c++ option to enable C++11 features
configure:5100: /home/dkennedy_umass_edu/Software/Python/anaconda3/envs/root6/bin/x86_64-conda-linux-gnu-c++  -c -fvisibility-inlines-hidden -std=c++17 -fmessage-length=0 -march=nocona -mtune=haswell -ftree-vectorize -fPIC -fstack-protector-strong -fno-plt -O2 -ffunction-sections -pipe -isystem /home/dkennedy_umass_edu/Software/Python/anaconda3/envs/root6/include -DNDEBUG -D_FORTIFY_SOURCE=2 -O2 -isystem /home/dkennedy_umass_edu/Software/Python/anaconda3/envs/root6/include conftest.cpp >&5
configure:5100: $? = 0
configure:5118: result: none needed
configure:5184: checking dependency style of /home/dkennedy_umass_edu/Software/Python/anaconda3/envs/root6/bin/x86_64-conda-linux-gnu-c++
configure:5296: result: gcc3
configure:5312: checking whether ln -s works
configure:5316: result: yes
configure:5323: checking whether make sets $(MAKE)
configure:5346: result: yes
configure:5356: checking for grep that handles long lines and -e
configure:5420: result: /usr/bin/grep
configure:5428: checking for egrep
configure:5496: result: /usr/bin/grep -E
configure:5519: checking for cos in -lm
configure:5542: /home/dkennedy_umass_edu/Software/Python/anaconda3/envs/root6/bin/x86_64-conda-linux-gnu-cc -o conftest -march=nocona -mtune=haswell -ftree-vectorize -fPIC -fstack-protector-strong -fno-plt -O2 -ffunction-sections -pipe -isystem /home/dkennedy_umass_edu/Software/Python/anaconda3/envs/root6/include -DNDEBUG -D_FORTIFY_SOURCE=2 -O2 -isystem /home/dkennedy_umass_edu/Software/Python/anaconda3/envs/root6/include -Wl,-O2 -Wl,--sort-common -Wl,--as-needed -Wl,-z,relro -Wl,-z,now -Wl,--disable-new-dtags -Wl,--gc-sections -Wl,--allow-shlib-undefined -Wl,-rpath,/home/dkennedy_umass_edu/Software/Python/anaconda3/envs/root6/lib -Wl,-rpath-link,/home/dkennedy_umass_edu/Software/Python/anaconda3/envs/root6/lib -L/home/dkennedy_umass_edu/Software/Python/anaconda3/envs/root6/lib conftest.c -lm   >&5
conftest.c:25:6: warning: conflicting types for built-in function 'cos'; expected 'double(double)' [-Wbuiltin-declaration-mismatch]
   25 | char cos ();
      |      ^~~
conftest.c:1:1: note: 'cos' is declared in header '<math.h>'
    1 | /* confdefs.h */
configure:5542: $? = 0
configure:5552: result: yes
configure:5596: checking build system type
configure:5611: result: x86_64-conda-linux-gnu
configure:5631: checking host system type
configure:5645: result: x86_64-conda-linux-gnu
configure:5686: checking how to print strings
configure:5713: result: printf
configure:5734: checking for a sed that does not truncate output
configure:5804: result: /usr/bin/sed
configure:5822: checking for fgrep
configure:5890: result: /usr/bin/grep -F
configure:5926: checking for ld used by /home/dkennedy_umass_edu/Software/Python/anaconda3/envs/root6/bin/x86_64-conda-linux-gnu-cc
configure:5994: result: /home/dkennedy_umass_edu/Software/Python/anaconda3/envs/root6/bin/x86_64-conda-linux-gnu-ld -m elf_x86_64
configure:6001: checking if the linker (/home/dkennedy_umass_edu/Software/Python/anaconda3/envs/root6/bin/x86_64-conda-linux-gnu-ld -m elf_x86_64) is GNU ld
configure:6017: result: yes
configure:6029: checking for BSD- or MS-compatible name lister (nm)
configure:6084: result: /home/dkennedy_umass_edu/Software/Python/anaconda3/envs/root6/bin/x86_64-conda-linux-gnu-nm
configure:6224: checking the name lister (/home/dkennedy_umass_edu/Software/Python/anaconda3/envs/root6/bin/x86_64-conda-linux-gnu-nm) interface
configure:6232: /home/dkennedy_umass_edu/Software/Python/anaconda3/envs/root6/bin/x86_64-conda-linux-gnu-cc -c -march=nocona -mtune=haswell -ftree-vectorize -fPIC -fstack-protector-strong -fno-plt -O2 -ffunction-sections -pipe -isystem /home/dkennedy_umass_edu/Software/Python/anaconda3/envs/root6/include -DNDEBUG -D_FORTIFY_SOURCE=2 -O2 -isystem /home/dkennedy_umass_edu/Software/Python/anaconda3/envs/root6/include conftest.c >&5
configure:6235: /home/dkennedy_umass_edu/Software/Python/anaconda3/envs/root6/bin/x86_64-conda-linux-gnu-nm "conftest.o"
configure:6238: output
0000000000000000 B some_variable
configure:6239: result: BSD nm
configure:6243: checking the maximum length of command line arguments
configure:6375: result: 1572864
configure:6423: checking how to convert x86_64-conda-linux-gnu file names to x86_64-conda-linux-gnu format
configure:6464: result: func_convert_file_noop
configure:6471: checking how to convert x86_64-conda-linux-gnu file names to toolchain format
configure:6492: result: func_convert_file_noop
configure:6499: checking for /home/dkennedy_umass_edu/Software/Python/anaconda3/envs/root6/bin/x86_64-conda-linux-gnu-ld -m elf_x86_64 option to reload object files
configure:6507: result: -r
configure:6541: checking for x86_64-conda-linux-gnu-file
configure:6576: result: no
configure:6586: checking for file
configure:6607: found /usr/bin/file
configure:6618: result: file
configure:6649: checking for x86_64-conda-linux-gnu-objdump
configure:6681: result: /home/dkennedy_umass_edu/Software/Python/anaconda3/envs/root6/bin/x86_64-conda-linux-gnu-objdump
configure:6758: checking how to recognize dependent libraries
configure:6959: result: pass_all
configure:7004: checking for x86_64-conda-linux-gnu-dlltool
configure:7039: result: no
configure:7049: checking for dlltool
configure:7084: result: no
configure:7114: checking how to associate runtime and link libraries
configure:7142: result: printf %s\n
configure:7158: checking for x86_64-conda-linux-gnu-ar
configure:7190: result: /home/dkennedy_umass_edu/Software/Python/anaconda3/envs/root6/bin/x86_64-conda-linux-gnu-ar
configure:7292: checking for archiver @FILE support
configure:7310: /home/dkennedy_umass_edu/Software/Python/anaconda3/envs/root6/bin/x86_64-conda-linux-gnu-cc -c -march=nocona -mtune=haswell -ftree-vectorize -fPIC -fstack-protector-strong -fno-plt -O2 -ffunction-sections -pipe -isystem /home/dkennedy_umass_edu/Software/Python/anaconda3/envs/root6/include -DNDEBUG -D_FORTIFY_SOURCE=2 -O2 -isystem /home/dkennedy_umass_edu/Software/Python/anaconda3/envs/root6/include conftest.c >&5
configure:7310: $? = 0
configure:7314: /home/dkennedy_umass_edu/Software/Python/anaconda3/envs/root6/bin/x86_64-conda-linux-gnu-ar cr libconftest.a @conftest.lst >&5
configure:7317: $? = 0
configure:7322: /home/dkennedy_umass_edu/Software/Python/anaconda3/envs/root6/bin/x86_64-conda-linux-gnu-ar cr libconftest.a @conftest.lst >&5
/home/dkennedy_umass_edu/Software/Python/anaconda3/envs/root6/bin/x86_64-conda-linux-gnu-ar: conftest.o: No such file or directory
configure:7325: $? = 1
configure:7324: result: @
configure:7342: checking for x86_64-conda-linux-gnu-strip
configure:7374: result: /home/dkennedy_umass_edu/Software/Python/anaconda3/envs/root6/bin/x86_64-conda-linux-gnu-strip
configure:7451: checking for x86_64-conda-linux-gnu-ranlib
configure:7483: result: /home/dkennedy_umass_edu/Software/Python/anaconda3/envs/root6/bin/x86_64-conda-linux-gnu-ranlib
configure:7630: checking command to parse /home/dkennedy_umass_edu/Software/Python/anaconda3/envs/root6/bin/x86_64-conda-linux-gnu-nm output from /home/dkennedy_umass_edu/Software/Python/anaconda3/envs/root6/bin/x86_64-conda-linux-gnu-cc object
configure:7784: /home/dkennedy_umass_edu/Software/Python/anaconda3/envs/root6/bin/x86_64-conda-linux-gnu-cc -c -march=nocona -mtune=haswell -ftree-vectorize -fPIC -fstack-protector-strong -fno-plt -O2 -ffunction-sections -pipe -isystem /home/dkennedy_umass_edu/Software/Python/anaconda3/envs/root6/include -DNDEBUG -D_FORTIFY_SOURCE=2 -O2 -isystem /home/dkennedy_umass_edu/Software/Python/anaconda3/envs/root6/include conftest.c >&5
configure:7787: $? = 0
configure:7791: /home/dkennedy_umass_edu/Software/Python/anaconda3/envs/root6/bin/x86_64-conda-linux-gnu-nm conftest.o | /usr/bin/sed -n -e 's/^.*[	 ]\([ABCDGIRSTW][ABCDGIRSTW]*\)[	 ][	 ]*\([_A-Za-z][_A-Za-z0-9]*\)$/\1 \2 \2/p' | /usr/bin/sed '/ __gnu_lto/d' > conftest.nm
configure:7857: /home/dkennedy_umass_edu/Software/Python/anaconda3/envs/root6/bin/x86_64-conda-linux-gnu-cc -o conftest -march=nocona -mtune=haswell -ftree-vectorize -fPIC -fstack-protector-strong -fno-plt -O2 -ffunction-sections -pipe -isystem /home/dkennedy_umass_edu/Software/Python/anaconda3/envs/root6/include -DNDEBUG -D_FORTIFY_SOURCE=2 -O2 -isystem /home/dkennedy_umass_edu/Software/Python/anaconda3/envs/root6/include -Wl,-O2 -Wl,--sort-common -Wl,--as-needed -Wl,-z,relro -Wl,-z,now -Wl,--disable-new-dtags -Wl,--gc-sections -Wl,--allow-shlib-undefined -Wl,-rpath,/home/dkennedy_umass_edu/Software/Python/anaconda3/envs/root6/lib -Wl,-rpath-link,/home/dkennedy_umass_edu/Software/Python/anaconda3/envs/root6/lib -L/home/dkennedy_umass_edu/Software/Python/anaconda3/envs/root6/lib conftest.c conftstm.o >&5
configure:7860: $? = 0
configure:7898: result: ok
configure:7945: checking for sysroot
configure:7976: result: no
configure:7983: checking for a working dd
configure:8027: result: /usr/bin/dd
configure:8031: checking how to truncate binary pipes
configure:8047: result: /usr/bin/dd bs=4096 count=1
configure:8184: /home/dkennedy_umass_edu/Software/Python/anaconda3/envs/root6/bin/x86_64-conda-linux-gnu-cc -c -march=nocona -mtune=haswell -ftree-vectorize -fPIC -fstack-protector-strong -fno-plt -O2 -ffunction-sections -pipe -isystem /home/dkennedy_umass_edu/Software/Python/anaconda3/envs/root6/include -DNDEBUG -D_FORTIFY_SOURCE=2 -O2 -isystem /home/dkennedy_umass_edu/Software/Python/anaconda3/envs/root6/include conftest.c >&5
configure:8187: $? = 0
configure:8339: checking for x86_64-conda-linux-gnu-mt
configure:8374: result: no
configure:8384: checking for mt
configure:8405: found /usr/bin/mt
configure:8416: result: mt
configure:8439: checking if mt is a manifest tool
configure:8446: mt '-?'
configure:8454: result: no
configure:9175: checking for dlfcn.h
configure:9175: /home/dkennedy_umass_edu/Software/Python/anaconda3/envs/root6/bin/x86_64-conda-linux-gnu-cc -c -march=nocona -mtune=haswell -ftree-vectorize -fPIC -fstack-protector-strong -fno-plt -O2 -ffunction-sections -pipe -isystem /home/dkennedy_umass_edu/Software/Python/anaconda3/envs/root6/include -DNDEBUG -D_FORTIFY_SOURCE=2 -O2 -isystem /home/dkennedy_umass_edu/Software/Python/anaconda3/envs/root6/include conftest.c >&5
configure:9175: $? = 0
configure:9175: result: yes
configure:9445: checking for objdir
configure:9461: result: .libs
configure:9725: checking if /home/dkennedy_umass_edu/Software/Python/anaconda3/envs/root6/bin/x86_64-conda-linux-gnu-cc supports -fno-rtti -fno-exceptions
configure:9744: /home/dkennedy_umass_edu/Software/Python/anaconda3/envs/root6/bin/x86_64-conda-linux-gnu-cc -c -march=nocona -mtune=haswell -ftree-vectorize -fPIC -fstack-protector-strong -fno-plt -O2 -ffunction-sections -pipe -isystem /home/dkennedy_umass_edu/Software/Python/anaconda3/envs/root6/include -DNDEBUG -D_FORTIFY_SOURCE=2 -O2 -isystem /home/dkennedy_umass_edu/Software/Python/anaconda3/envs/root6/include -fno-rtti -fno-exceptions conftest.c >&5
cc1: warning: command-line option '-fno-rtti' is valid for C++/D/ObjC++ but not for C
configure:9748: $? = 0
configure:9761: result: no
configure:10125: checking for /home/dkennedy_umass_edu/Software/Python/anaconda3/envs/root6/bin/x86_64-conda-linux-gnu-cc option to produce PIC
configure:10133: result: -fPIC -DPIC
configure:10141: checking if /home/dkennedy_umass_edu/Software/Python/anaconda3/envs/root6/bin/x86_64-conda-linux-gnu-cc PIC flag -fPIC -DPIC works
configure:10160: /home/dkennedy_umass_edu/Software/Python/anaconda3/envs/root6/bin/x86_64-conda-linux-gnu-cc -c -march=nocona -mtune=haswell -ftree-vectorize -fPIC -fstack-protector-strong -fno-plt -O2 -ffunction-sections -pipe -isystem /home/dkennedy_umass_edu/Software/Python/anaconda3/envs/root6/include -DNDEBUG -D_FORTIFY_SOURCE=2 -O2 -isystem /home/dkennedy_umass_edu/Software/Python/anaconda3/envs/root6/include -fPIC -DPIC -DPIC conftest.c >&5
configure:10164: $? = 0
configure:10177: result: yes
configure:10206: checking if /home/dkennedy_umass_edu/Software/Python/anaconda3/envs/root6/bin/x86_64-conda-linux-gnu-cc static flag -static works
configure:10235: result: yes
configure:10250: checking if /home/dkennedy_umass_edu/Software/Python/anaconda3/envs/root6/bin/x86_64-conda-linux-gnu-cc supports -c -o file.o
configure:10272: /home/dkennedy_umass_edu/Software/Python/anaconda3/envs/root6/bin/x86_64-conda-linux-gnu-cc -c -march=nocona -mtune=haswell -ftree-vectorize -fPIC -fstack-protector-strong -fno-plt -O2 -ffunction-sections -pipe -isystem /home/dkennedy_umass_edu/Software/Python/anaconda3/envs/root6/include -DNDEBUG -D_FORTIFY_SOURCE=2 -O2 -isystem /home/dkennedy_umass_edu/Software/Python/anaconda3/envs/root6/include -o out/conftest2.o conftest.c >&5
configure:10276: $? = 0
configure:10298: result: yes
configure:10306: checking if /home/dkennedy_umass_edu/Software/Python/anaconda3/envs/root6/bin/x86_64-conda-linux-gnu-cc supports -c -o file.o
configure:10354: result: yes
configure:10387: checking whether the /home/dkennedy_umass_edu/Software/Python/anaconda3/envs/root6/bin/x86_64-conda-linux-gnu-cc linker (/home/dkennedy_umass_edu/Software/Python/anaconda3/envs/root6/bin/x86_64-conda-linux-gnu-ld -m elf_x86_64 -m elf_x86_64) supports shared libraries
configure:11661: result: yes
configure:11698: checking whether -lc should be explicitly linked in
configure:11707: /home/dkennedy_umass_edu/Software/Python/anaconda3/envs/root6/bin/x86_64-conda-linux-gnu-cc -c -march=nocona -mtune=haswell -ftree-vectorize -fPIC -fstack-protector-strong -fno-plt -O2 -ffunction-sections -pipe -isystem /home/dkennedy_umass_edu/Software/Python/anaconda3/envs/root6/include -DNDEBUG -D_FORTIFY_SOURCE=2 -O2 -isystem /home/dkennedy_umass_edu/Software/Python/anaconda3/envs/root6/include conftest.c >&5
configure:11710: $? = 0
configure:11725: /home/dkennedy_umass_edu/Software/Python/anaconda3/envs/root6/bin/x86_64-conda-linux-gnu-cc -shared  -fPIC -DPIC conftest.o  -v -Wl,-soname -Wl,conftest -o conftest 2\>\&1 \| /usr/bin/grep  -lc  \>/dev/null 2\>\&1
configure:11728: $? = 0
configure:11742: result: no
configure:11902: checking dynamic linker characteristics
configure:12484: /home/dkennedy_umass_edu/Software/Python/anaconda3/envs/root6/bin/x86_64-conda-linux-gnu-cc -o conftest -march=nocona -mtune=haswell -ftree-vectorize -fPIC -fstack-protector-strong -fno-plt -O2 -ffunction-sections -pipe -isystem /home/dkennedy_umass_edu/Software/Python/anaconda3/envs/root6/include -DNDEBUG -D_FORTIFY_SOURCE=2 -O2 -isystem /home/dkennedy_umass_edu/Software/Python/anaconda3/envs/root6/include -Wl,-O2 -Wl,--sort-common -Wl,--as-needed -Wl,-z,relro -Wl,-z,now -Wl,--disable-new-dtags -Wl,--gc-sections -Wl,--allow-shlib-undefined -Wl,-rpath,/home/dkennedy_umass_edu/Software/Python/anaconda3/envs/root6/lib -Wl,-rpath-link,/home/dkennedy_umass_edu/Software/Python/anaconda3/envs/root6/lib -L/home/dkennedy_umass_edu/Software/Python/anaconda3/envs/root6/lib -Wl,-rpath -Wl,/foo conftest.c -lm  >&5
configure:12484: $? = 0
configure:12735: result: GNU/Linux ld.so
configure:12857: checking how to hardcode library paths into programs
configure:12882: result: immediate
configure:13434: checking whether stripping libraries is possible
configure:13443: result: yes
configure:13485: checking if libtool supports shared libraries
configure:13487: result: yes
configure:13490: checking whether to build shared libraries
configure:13515: result: yes
configure:13518: checking whether to build static libraries
configure:13522: result: yes
configure:10290: checking how to run the C++ preprocessor
configure:10312: /home/dkennedy_umass_edu/Software/Python/anaconda3/envs/root6/bin/x86_64-conda-linux-gnu-c++ -E -DNDEBUG -D_FORTIFY_SOURCE=2 -O2 -isystem /home/dkennedy_umass_edu/Software/Python/anaconda3/envs/root6/include conftest.cpp
configure:10312: $? = 0
configure:10327: /home/dkennedy_umass_edu/Software/Python/anaconda3/envs/root6/bin/x86_64-conda-linux-gnu-c++ -E -DNDEBUG -D_FORTIFY_SOURCE=2 -O2 -isystem /home/dkennedy_umass_edu/Software/Python/anaconda3/envs/root6/include conftest.cpp
conftest.cpp:24:10: fatal error: ac_nonexistent.h: No such file or directory
   24 | #include <ac_nonexistent.h>
      |          ^~~~~~~~~~~~~~~~~~
compilation terminated.
configure:10327: $? = 1
configure: failed program was:
| /* confdefs.h */
| #define PACKAGE_NAME "SISCone"
| #define PACKAGE_TARNAME "siscone"
| #define PACKAGE_VERSION "3.0.6"
| #define PACKAGE_STRING "SISCone 3.0.6"
| #define PACKAGE_BUGREPORT ""
| #define PACKAGE_URL ""
| #define PACKAGE "siscone"
| #define VERSION "3.0.6"
| #define HAVE_STDIO_H 1
| #define HAVE_STDLIB_H 1
| #define HAVE_STRING_H 1
| #define HAVE_INTTYPES_H 1
| #define HAVE_STDINT_H 1
| #define HAVE_STRINGS_H 1
| #define HAVE_SYS_STAT_H 1
| #define HAVE_SYS_TYPES_H 1
| #define HAVE_UNISTD_H 1
| #define STDC_HEADERS 1
| #define HAVE_LIBM 1
| #define HAVE_DLFCN_H 1
| #define LT_OBJDIR ".libs/"
| /* end confdefs.h.  */
| #include <ac_nonexistent.h>
configure:10354: result: /home/dkennedy_umass_edu/Software/Python/anaconda3/envs/root6/bin/x86_64-conda-linux-gnu-c++ -E
configure:10368: /home/dkennedy_umass_edu/Software/Python/anaconda3/envs/root6/bin/x86_64-conda-linux-gnu-c++ -E -DNDEBUG -D_FORTIFY_SOURCE=2 -O2 -isystem /home/dkennedy_umass_edu/Software/Python/anaconda3/envs/root6/include conftest.cpp
configure:10368: $? = 0
configure:10383: /home/dkennedy_umass_edu/Software/Python/anaconda3/envs/root6/bin/x86_64-conda-linux-gnu-c++ -E -DNDEBUG -D_FORTIFY_SOURCE=2 -O2 -isystem /home/dkennedy_umass_edu/Software/Python/anaconda3/envs/root6/include conftest.cpp
conftest.cpp:24:10: fatal error: ac_nonexistent.h: No such file or directory
   24 | #include <ac_nonexistent.h>
      |          ^~~~~~~~~~~~~~~~~~
compilation terminated.
configure:10383: $? = 1
configure: failed program was:
| /* confdefs.h */
| #define PACKAGE_NAME "SISCone"
| #define PACKAGE_TARNAME "siscone"
| #define PACKAGE_VERSION "3.0.6"
| #define PACKAGE_STRING "SISCone 3.0.6"
| #define PACKAGE_BUGREPORT ""
| #define PACKAGE_URL ""
| #define PACKAGE "siscone"
| #define VERSION "3.0.6"
| #define HAVE_STDIO_H 1
| #define HAVE_STDLIB_H 1
| #define HAVE_STRING_H 1
| #define HAVE_INTTYPES_H 1
| #define HAVE_STDINT_H 1
| #define HAVE_STRINGS_H 1
| #define HAVE_SYS_STAT_H 1
| #define HAVE_SYS_TYPES_H 1
| #define HAVE_UNISTD_H 1
| #define STDC_HEADERS 1
| #define HAVE_LIBM 1
| #define HAVE_DLFCN_H 1
| #define LT_OBJDIR ".libs/"
| /* end confdefs.h.  */
| #include <ac_nonexistent.h>
configure:10548: checking for ld used by /home/dkennedy_umass_edu/Software/Python/anaconda3/envs/root6/bin/x86_64-conda-linux-gnu-c++
configure:10616: result: /home/dkennedy_umass_edu/Software/Python/anaconda3/envs/root6/bin/x86_64-conda-linux-gnu-ld -m elf_x86_64 -m elf_x86_64
configure:10623: checking if the linker (/home/dkennedy_umass_edu/Software/Python/anaconda3/envs/root6/bin/x86_64-conda-linux-gnu-ld -m elf_x86_64 -m elf_x86_64) is GNU ld
configure:10639: result: yes
configure:10694: checking whether the /home/dkennedy_umass_edu/Software/Python/anaconda3/envs/root6/bin/x86_64-conda-linux-gnu-c++ linker (/home/dkennedy_umass_edu/Software/Python/anaconda3/envs/root6/bin/x86_64-conda-linux-gnu-ld -m elf_x86_64 -m elf_x86_64) supports shared libraries
configure:11772: result: yes
configure:11808: /home/dkennedy_umass_edu/Software/Python/anaconda3/envs/root6/bin/x86_64-conda-linux-gnu-c++ -c -fvisibility-inlines-hidden -std=c++17 -fmessage-length=0 -march=nocona -mtune=haswell -ftree-vectorize -fPIC -fstack-protector-strong -fno-plt -O2 -ffunction-sections -pipe -isystem /home/dkennedy_umass_edu/Software/Python/anaconda3/envs/root6/include -g  -DNDEBUG -D_FORTIFY_SOURCE=2 -O2 -isystem /home/dkennedy_umass_edu/Software/Python/anaconda3/envs/root6/include conftest.cpp >&5
configure:11811: $? = 0
configure:12292: checking for /home/dkennedy_umass_edu/Software/Python/anaconda3/envs/root6/bin/x86_64-conda-linux-gnu-c++ option to produce PIC
configure:12300: result: -fPIC -DPIC
configure:12308: checking if /home/dkennedy_umass_edu/Software/Python/anaconda3/envs/root6/bin/x86_64-conda-linux-gnu-c++ PIC flag -fPIC -DPIC works
configure:12327: /home/dkennedy_umass_edu/Software/Python/anaconda3/envs/root6/bin/x86_64-conda-linux-gnu-c++ -c -fvisibility-inlines-hidden -std=c++17 -fmessage-length=0 -march=nocona -mtune=haswell -ftree-vectorize -fPIC -fstack-protector-strong -fno-plt -O2 -ffunction-sections -pipe -isystem /home/dkennedy_umass_edu/Software/Python/anaconda3/envs/root6/include -g  -DNDEBUG -D_FORTIFY_SOURCE=2 -O2 -isystem /home/dkennedy_umass_edu/Software/Python/anaconda3/envs/root6/include -fPIC -DPIC -DPIC conftest.cpp >&5
configure:12331: $? = 0
configure:12344: result: yes
configure:12367: checking if /home/dkennedy_umass_edu/Software/Python/anaconda3/envs/root6/bin/x86_64-conda-linux-gnu-c++ static flag -static works
configure:12396: result: yes
configure:12408: checking if /home/dkennedy_umass_edu/Software/Python/anaconda3/envs/root6/bin/x86_64-conda-linux-gnu-c++ supports -c -o file.o
configure:12430: /home/dkennedy_umass_edu/Software/Python/anaconda3/envs/root6/bin/x86_64-conda-linux-gnu-c++ -c -fvisibility-inlines-hidden -std=c++17 -fmessage-length=0 -march=nocona -mtune=haswell -ftree-vectorize -fPIC -fstack-protector-strong -fno-plt -O2 -ffunction-sections -pipe -isystem /home/dkennedy_umass_edu/Software/Python/anaconda3/envs/root6/include -g  -DNDEBUG -D_FORTIFY_SOURCE=2 -O2 -isystem /home/dkennedy_umass_edu/Software/Python/anaconda3/envs/root6/include -o out/conftest2.o conftest.cpp >&5
configure:12434: $? = 0
configure:12456: result: yes
configure:12461: checking if /home/dkennedy_umass_edu/Software/Python/anaconda3/envs/root6/bin/x86_64-conda-linux-gnu-c++ supports -c -o file.o
configure:12509: result: yes
configure:12539: checking whether the /home/dkennedy_umass_edu/Software/Python/anaconda3/envs/root6/bin/x86_64-conda-linux-gnu-c++ linker (/home/dkennedy_umass_edu/Software/Python/anaconda3/envs/root6/bin/x86_64-conda-linux-gnu-ld -m elf_x86_64 -m elf_x86_64) supports shared libraries
configure:12582: result: yes
configure:12724: checking dynamic linker characteristics
configure:13484: result: GNU/Linux ld.so
configure:13549: checking how to hardcode library paths into programs
configure:13574: result: immediate
configure:12462: checking if /home/dkennedy_umass_edu/Software/Python/anaconda3/envs/root6/bin/x86_64-conda-linux-gnu-c++ -fvisibility-inlines-hidden -std=c++17 -fmessage-length=0 -march=nocona -mtune=haswell -ftree-vectorize -fPIC -fstack-protector-strong -fno-plt -O2 -ffunction-sections -pipe -isystem /home/dkennedy_umass_edu/Software/Python/anaconda3/envs/root6/include -g  considers atd::auto_ptr as deprecated
configure:12483: /home/dkennedy_umass_edu/Software/Python/anaconda3/envs/root6/bin/x86_64-conda-linux-gnu-c++ -c -fvisibility-inlines-hidden -std=c++17 -fmessage-length=0 -march=nocona -mtune=haswell -ftree-vectorize -fPIC -fstack-protector-strong -fno-plt -O2 -ffunction-sections -pipe -isystem /home/dkennedy_umass_edu/Software/Python/anaconda3/envs/root6/include -g  -Werror=deprecated-declarations -DNDEBUG -D_FORTIFY_SOURCE=2 -O2 -isystem /home/dkennedy_umass_edu/Software/Python/anaconda3/envs/root6/include conftest.cpp >&5
conftest.cpp: In function 'int main()':
conftest.cpp:28:26: error: 'template<class> class std::auto_ptr' is deprecated [-Werror=deprecated-declarations]
   28 | int *a= new int(1); std::auto_ptr<int> b; b.reset(a);
      |                          ^~~~~~~~
In file included from /home/dkennedy_umass_edu/Software/Python/anaconda3/envs/root6/x86_64-conda-linux-gnu/include/c++/10.4.0/memory:83,
                 from conftest.cpp:24:
/home/dkennedy_umass_edu/Software/Python/anaconda3/envs/root6/x86_64-conda-linux-gnu/include/c++/10.4.0/bits/unique_ptr.h:57:28: note: declared here
   57 |   template<typename> class auto_ptr;
      |                            ^~~~~~~~
cc1plus: some warnings being treated as errors
configure:12483: $? = 1
configure: failed program was:
| /* confdefs.h */
| #define PACKAGE_NAME "SISCone"
| #define PACKAGE_TARNAME "siscone"
| #define PACKAGE_VERSION "3.0.6"
| #define PACKAGE_STRING "SISCone 3.0.6"
| #define PACKAGE_BUGREPORT ""
| #define PACKAGE_URL ""
| #define PACKAGE "siscone"
| #define VERSION "3.0.6"
| #define HAVE_STDIO_H 1
| #define HAVE_STDLIB_H 1
| #define HAVE_STRING_H 1
| #define HAVE_INTTYPES_H 1
| #define HAVE_STDINT_H 1
| #define HAVE_STRINGS_H 1
| #define HAVE_SYS_STAT_H 1
| #define HAVE_SYS_TYPES_H 1
| #define HAVE_UNISTD_H 1
| #define STDC_HEADERS 1
| #define HAVE_LIBM 1
| #define HAVE_DLFCN_H 1
| #define LT_OBJDIR ".libs/"
| /* end confdefs.h.  */
| #include <memory>
| int
| main (void)
| {
| int *a= new int(1); std::auto_ptr<int> b; b.reset(a);
|   ;
|   return 0;
| }
configure:12490: result: yes
configure:12493: checking if /home/dkennedy_umass_edu/Software/Python/anaconda3/envs/root6/bin/x86_64-conda-linux-gnu-c++ -fvisibility-inlines-hidden -std=c++17 -fmessage-length=0 -march=nocona -mtune=haswell -ftree-vectorize -fPIC -fstack-protector-strong -fno-plt -O2 -ffunction-sections -pipe -isystem /home/dkennedy_umass_edu/Software/Python/anaconda3/envs/root6/include -g  -Werror=deprecated-declarations supports atd::unique_ptr
configure:12506: /home/dkennedy_umass_edu/Software/Python/anaconda3/envs/root6/bin/x86_64-conda-linux-gnu-c++ -c -fvisibility-inlines-hidden -std=c++17 -fmessage-length=0 -march=nocona -mtune=haswell -ftree-vectorize -fPIC -fstack-protector-strong -fno-plt -O2 -ffunction-sections -pipe -isystem /home/dkennedy_umass_edu/Software/Python/anaconda3/envs/root6/include -g  -Werror=deprecated-declarations -DNDEBUG -D_FORTIFY_SOURCE=2 -O2 -isystem /home/dkennedy_umass_edu/Software/Python/anaconda3/envs/root6/include conftest.cpp >&5
configure:12506: $? = 0
configure:12518: result: yes
configure:12634: checking that generated files are newer than configure
configure:12640: result: done
configure:12667: creating ./config.status

## ---------------------- ##
## Running config.status. ##
## ---------------------- ##

This file was extended by SISCone config.status 3.0.6, which was
generated by GNU Autoconf 2.71.  Invocation command line was

  CONFIG_FILES    = 
  CONFIG_HEADERS  = 
  CONFIG_LINKS    = 
  CONFIG_COMMANDS = 
  $ ./config.status 

on login1

config.status:1153: creating Makefile
config.status:1153: creating siscone/Makefile
config.status:1153: creating siscone/spherical/Makefile
config.status:1153: creating examples/Makefile
config.status:1153: creating examples/events/Makefile
config.status:1153: creating siscone/config_raw.h
config.status:1382: executing siscone/config.h commands
config.status:1420: creating siscone/config.h - prefix SISCONE for siscone/config_raw.h defines
config.status:1382: executing depfiles commands
config.status:1549: cd siscone       && sed -e '/# am--include-marker/d' Makefile         | make -f - am--depfiles
config.status:1554: $? = 0
config.status:1549: cd siscone/spherical       && sed -e '/# am--include-marker/d' Makefile         | make -f - am--depfiles
config.status:1554: $? = 0
config.status:1549: cd examples       && sed -e '/# am--include-marker/d' Makefile         | make -f - am--depfiles
config.status:1554: $? = 0
config.status:1382: executing libtool commands

## ---------------- ##
## Cache variables. ##
## ---------------- ##

ac_cv_build=x86_64-conda-linux-gnu
ac_cv_c_compiler_gnu=yes
ac_cv_cxx_compiler_gnu=yes
ac_cv_env_CCC_set=
ac_cv_env_CCC_value=
ac_cv_env_CC_set=set
ac_cv_env_CC_value=/home/dkennedy_umass_edu/Software/Python/anaconda3/envs/root6/bin/x86_64-conda-linux-gnu-cc
ac_cv_env_CFLAGS_set=set
ac_cv_env_CFLAGS_value='-march=nocona -mtune=haswell -ftree-vectorize -fPIC -fstack-protector-strong -fno-plt -O2 -ffunction-sections -pipe -isystem /home/dkennedy_umass_edu/Software/Python/anaconda3/envs/root6/include'
ac_cv_env_CPPFLAGS_set=set
ac_cv_env_CPPFLAGS_value='-DNDEBUG -D_FORTIFY_SOURCE=2 -O2 -isystem /home/dkennedy_umass_edu/Software/Python/anaconda3/envs/root6/include'
ac_cv_env_CXXCPP_set=
ac_cv_env_CXXCPP_value=
ac_cv_env_CXXFLAGS_set=set
ac_cv_env_CXXFLAGS_value='-fvisibility-inlines-hidden -std=c++17 -fmessage-length=0 -march=nocona -mtune=haswell -ftree-vectorize -fPIC -fstack-protector-strong -fno-plt -O2 -ffunction-sections -pipe -isystem /home/dkennedy_umass_edu/Software/Python/anaconda3/envs/root6/include'
ac_cv_env_CXX_set=set
ac_cv_env_CXX_value=/home/dkennedy_umass_edu/Software/Python/anaconda3/envs/root6/bin/x86_64-conda-linux-gnu-c++
ac_cv_env_LDFLAGS_set=set
ac_cv_env_LDFLAGS_value='-Wl,-O2 -Wl,--sort-common -Wl,--as-needed -Wl,-z,relro -Wl,-z,now -Wl,--disable-new-dtags -Wl,--gc-sections -Wl,--allow-shlib-undefined -Wl,-rpath,/home/dkennedy_umass_edu/Software/Python/anaconda3/envs/root6/lib -Wl,-rpath-link,/home/dkennedy_umass_edu/Software/Python/anaconda3/envs/root6/lib -L/home/dkennedy_umass_edu/Software/Python/anaconda3/envs/root6/lib'
ac_cv_env_LIBS_set=
ac_cv_env_LIBS_value=
ac_cv_env_LT_SYS_LIBRARY_PATH_set=
ac_cv_env_LT_SYS_LIBRARY_PATH_value=
ac_cv_env_build_alias_set=set
ac_cv_env_build_alias_value=x86_64-conda-linux-gnu
ac_cv_env_host_alias_set=set
ac_cv_env_host_alias_value=x86_64-conda-linux-gnu
ac_cv_env_target_alias_set=
ac_cv_env_target_alias_value=
ac_cv_header_dlfcn_h=yes
ac_cv_header_inttypes_h=yes
ac_cv_header_stdint_h=yes
ac_cv_header_stdio_h=yes
ac_cv_header_stdlib_h=yes
ac_cv_header_string_h=yes
ac_cv_header_strings_h=yes
ac_cv_header_sys_stat_h=yes
ac_cv_header_sys_types_h=yes
ac_cv_header_unistd_h=yes
ac_cv_host=x86_64-conda-linux-gnu
ac_cv_lib_m_cos=yes
ac_cv_objext=o
ac_cv_path_EGREP='/usr/bin/grep -E'
ac_cv_path_FGREP='/usr/bin/grep -F'
ac_cv_path_GREP=/usr/bin/grep
ac_cv_path_SED=/usr/bin/sed
ac_cv_path_install='/usr/bin/install -c'
ac_cv_path_lt_DD=/usr/bin/dd
ac_cv_path_mkdir=/usr/bin/mkdir
ac_cv_prog_AR=/home/dkennedy_umass_edu/Software/Python/anaconda3/envs/root6/bin/x86_64-conda-linux-gnu-ar
ac_cv_prog_AWK=gawk
ac_cv_prog_CC=/home/dkennedy_umass_edu/Software/Python/anaconda3/envs/root6/bin/x86_64-conda-linux-gnu-cc
ac_cv_prog_CXXCPP='/home/dkennedy_umass_edu/Software/Python/anaconda3/envs/root6/bin/x86_64-conda-linux-gnu-c++ -E'
ac_cv_prog_OBJDUMP=/home/dkennedy_umass_edu/Software/Python/anaconda3/envs/root6/bin/x86_64-conda-linux-gnu-objdump
ac_cv_prog_RANLIB=/home/dkennedy_umass_edu/Software/Python/anaconda3/envs/root6/bin/x86_64-conda-linux-gnu-ranlib
ac_cv_prog_STRIP=/home/dkennedy_umass_edu/Software/Python/anaconda3/envs/root6/bin/x86_64-conda-linux-gnu-strip
ac_cv_prog_ac_ct_FILECMD=file
ac_cv_prog_ac_ct_MANIFEST_TOOL=mt
ac_cv_prog_cc_c11=
ac_cv_prog_cc_g=yes
ac_cv_prog_cc_stdc=
ac_cv_prog_cxx_cxx11=
ac_cv_prog_cxx_g=yes
ac_cv_prog_cxx_stdcxx=
ac_cv_prog_make_make_set=yes
ac_cv_type_int=yes
ac_cv_type_long=yes
am_cv_CC_dependencies_compiler_type=gcc3
am_cv_CXX_dependencies_compiler_type=gcc3
am_cv_make_support_nested_variables=yes
am_cv_prog_cc_c_o=yes
lt_cv_ar_at_file=@
lt_cv_archive_cmds_need_lc=no
lt_cv_deplibs_check_method=pass_all
lt_cv_file_magic_cmd='$MAGIC_CMD'
lt_cv_file_magic_test_file=
lt_cv_ld_reload_flag=-r
lt_cv_nm_interface='BSD nm'
lt_cv_objdir=.libs
lt_cv_path_LD='/home/dkennedy_umass_edu/Software/Python/anaconda3/envs/root6/bin/x86_64-conda-linux-gnu-ld -m elf_x86_64'
lt_cv_path_LDCXX='/home/dkennedy_umass_edu/Software/Python/anaconda3/envs/root6/bin/x86_64-conda-linux-gnu-ld -m elf_x86_64 -m elf_x86_64'
lt_cv_path_NM=/home/dkennedy_umass_edu/Software/Python/anaconda3/envs/root6/bin/x86_64-conda-linux-gnu-nm
lt_cv_path_mainfest_tool=no
lt_cv_prog_compiler_c_o=yes
lt_cv_prog_compiler_c_o_CXX=yes
lt_cv_prog_compiler_pic='-fPIC -DPIC'
lt_cv_prog_compiler_pic_CXX='-fPIC -DPIC'
lt_cv_prog_compiler_pic_works=yes
lt_cv_prog_compiler_pic_works_CXX=yes
lt_cv_prog_compiler_rtti_exceptions=no
lt_cv_prog_compiler_static_works=yes
lt_cv_prog_compiler_static_works_CXX=yes
lt_cv_prog_gnu_ld=yes
lt_cv_prog_gnu_ldcxx=yes
lt_cv_sharedlib_from_linklib_cmd='printf %s\n'
lt_cv_shlibpath_overrides_runpath=no
lt_cv_sys_global_symbol_pipe='/usr/bin/sed -n -e '\''s/^.*[	 ]\([ABCDGIRSTW][ABCDGIRSTW]*\)[	 ][	 ]*\([_A-Za-z][_A-Za-z0-9]*\)$/\1 \2 \2/p'\'' | /usr/bin/sed '\''/ __gnu_lto/d'\'''
lt_cv_sys_global_symbol_to_c_name_address='/usr/bin/sed -n -e '\''s/^: \(.*\) .*$/  {"\1", (void *) 0},/p'\'' -e '\''s/^[ABCDGIRSTW][ABCDGIRSTW]* .* \(.*\)$/  {"\1", (void *) \&\1},/p'\'''
lt_cv_sys_global_symbol_to_c_name_address_lib_prefix='/usr/bin/sed -n -e '\''s/^: \(.*\) .*$/  {"\1", (void *) 0},/p'\'' -e '\''s/^[ABCDGIRSTW][ABCDGIRSTW]* .* \(lib.*\)$/  {"\1", (void *) \&\1},/p'\'' -e '\''s/^[ABCDGIRSTW][ABCDGIRSTW]* .* \(.*\)$/  {"lib\1", (void *) \&\1},/p'\'''
lt_cv_sys_global_symbol_to_cdecl='/usr/bin/sed -n -e '\''s/^T .* \(.*\)$/extern int \1();/p'\'' -e '\''s/^[ABCDGIRSTW][ABCDGIRSTW]* .* \(.*\)$/extern char \1;/p'\'''
lt_cv_sys_global_symbol_to_import=
lt_cv_sys_max_cmd_len=1572864
lt_cv_to_host_file_cmd=func_convert_file_noop
lt_cv_to_tool_file_cmd=func_convert_file_noop
lt_cv_truncate_bin='/usr/bin/dd bs=4096 count=1'

## ----------------- ##
## Output variables. ##
## ----------------- ##

ACLOCAL='${SHELL} '\''/home/dkennedy_umass_edu/Madgraph/fastjet-3.4.2/plugins/SISCone/siscone/missing'\'' aclocal-1.16'
AMDEPBACKSLASH='\'
AMDEP_FALSE='#'
AMDEP_TRUE=''
AMTAR='$${TAR-tar}'
AM_BACKSLASH='\'
AM_DEFAULT_V='$(AM_DEFAULT_VERBOSITY)'
AM_DEFAULT_VERBOSITY='1'
AM_V='$(V)'
AR='/home/dkennedy_umass_edu/Software/Python/anaconda3/envs/root6/bin/x86_64-conda-linux-gnu-ar'
AUTOCONF='${SHELL} '\''/home/dkennedy_umass_edu/Madgraph/fastjet-3.4.2/plugins/SISCone/siscone/missing'\'' autoconf'
AUTOHEADER='${SHELL} '\''/home/dkennedy_umass_edu/Madgraph/fastjet-3.4.2/plugins/SISCone/siscone/missing'\'' autoheader'
AUTOMAKE='${SHELL} '\''/home/dkennedy_umass_edu/Madgraph/fastjet-3.4.2/plugins/SISCone/siscone/missing'\'' automake-1.16'
AWK='gawk'
CC='/home/dkennedy_umass_edu/Software/Python/anaconda3/envs/root6/bin/x86_64-conda-linux-gnu-cc'
CCDEPMODE='depmode=gcc3'
CFLAGS='-march=nocona -mtune=haswell -ftree-vectorize -fPIC -fstack-protector-strong -fno-plt -O2 -ffunction-sections -pipe -isystem /home/dkennedy_umass_edu/Software/Python/anaconda3/envs/root6/include'
CPPFLAGS='-DNDEBUG -D_FORTIFY_SOURCE=2 -O2 -isystem /home/dkennedy_umass_edu/Software/Python/anaconda3/envs/root6/include'
CSCOPE='cscope'
CTAGS='ctags'
CXX='/home/dkennedy_umass_edu/Software/Python/anaconda3/envs/root6/bin/x86_64-conda-linux-gnu-c++'
CXXCPP='/home/dkennedy_umass_edu/Software/Python/anaconda3/envs/root6/bin/x86_64-conda-linux-gnu-c++ -E'
CXXDEPMODE='depmode=gcc3'
CXXFLAGS='-fvisibility-inlines-hidden -std=c++17 -fmessage-length=0 -march=nocona -mtune=haswell -ftree-vectorize -fPIC -fstack-protector-strong -fno-plt -O2 -ffunction-sections -pipe -isystem /home/dkennedy_umass_edu/Software/Python/anaconda3/envs/root6/include -g '
CYGPATH_W='echo'
DEFS='-DHAVE_CONFIG_H'
DEPDIR='.deps'
DLLTOOL='false'
DSYMUTIL=''
DUMPBIN=''
ECHO_C=''
ECHO_N='-n'
ECHO_T=''
EGREP='/usr/bin/grep -E'
ETAGS='etags'
EXEEXT=''
FGREP='/usr/bin/grep -F'
FILECMD='file'
GREP='/usr/bin/grep'
INSTALL_DATA='${INSTALL} -m 644'
INSTALL_PROGRAM='${INSTALL}'
INSTALL_SCRIPT='${INSTALL}'
INSTALL_STRIP_PROGRAM='$(install_sh) -c -s'
LD='/home/dkennedy_umass_edu/Software/Python/anaconda3/envs/root6/bin/x86_64-conda-linux-gnu-ld -m elf_x86_64 -m elf_x86_64'
LDFLAGS='-Wl,-O2 -Wl,--sort-common -Wl,--as-needed -Wl,-z,relro -Wl,-z,now -Wl,--disable-new-dtags -Wl,--gc-sections -Wl,--allow-shlib-undefined -Wl,-rpath,/home/dkennedy_umass_edu/Software/Python/anaconda3/envs/root6/lib -Wl,-rpath-link,/home/dkennedy_umass_edu/Software/Python/anaconda3/envs/root6/lib -L/home/dkennedy_umass_edu/Software/Python/anaconda3/envs/root6/lib'
LIBOBJS=''
LIBS='-lm '
LIBTOOL='$(SHELL) $(top_builddir)/libtool'
LIPO=''
LN_S='ln -s'
LTLIBOBJS=''
LT_SYS_LIBRARY_PATH=''
MAKEINFO='${SHELL} '\''/home/dkennedy_umass_edu/Madgraph/fastjet-3.4.2/plugins/SISCone/siscone/missing'\'' makeinfo'
MANIFEST_TOOL=':'
MKDIR_P='/usr/bin/mkdir -p'
NM='/home/dkennedy_umass_edu/Software/Python/anaconda3/envs/root6/bin/x86_64-conda-linux-gnu-nm'
NMEDIT=''
OBJDUMP='/home/dkennedy_umass_edu/Software/Python/anaconda3/envs/root6/bin/x86_64-conda-linux-gnu-objdump'
OBJEXT='o'
OTOOL64=''
OTOOL=''
PACKAGE='siscone'
PACKAGE_BUGREPORT=''
PACKAGE_NAME='SISCone'
PACKAGE_STRING='SISCone 3.0.6'
PACKAGE_TARNAME='siscone'
PACKAGE_URL=''
PACKAGE_VERSION='3.0.6'
PATH_SEPARATOR=':'
RANLIB='/home/dkennedy_umass_edu/Software/Python/anaconda3/envs/root6/bin/x86_64-conda-linux-gnu-ranlib'
SED='/usr/bin/sed'
SET_MAKE=''
SHELL='/bin/bash'
STRIP='/home/dkennedy_umass_edu/Software/Python/anaconda3/envs/root6/bin/x86_64-conda-linux-gnu-strip'
VERSION='3.0.6'
ac_ct_AR=''
ac_ct_CC=''
ac_ct_CXX=''
ac_ct_DUMPBIN=''
am__EXEEXT_FALSE=''
am__EXEEXT_TRUE='#'
am__fastdepCC_FALSE='#'
am__fastdepCC_TRUE=''
am__fastdepCXX_FALSE='#'
am__fastdepCXX_TRUE=''
am__include='include'
am__isrc=''
am__leading_dot='.'
am__nodep='_no'
am__quote=''
am__tar='$${TAR-tar} chof - "$$tardir"'
am__untar='$${TAR-tar} xf -'
bindir='${exec_prefix}/bin'
build='x86_64-conda-linux-gnu'
build_alias='x86_64-conda-linux-gnu'
build_cpu='x86_64'
build_os='linux-gnu'
build_vendor='conda'
datadir='${datarootdir}'
datarootdir='${prefix}/share'
docdir='${datarootdir}/doc/${PACKAGE_TARNAME}'
dvidir='${docdir}'
exec_prefix='${prefix}'
host='x86_64-conda-linux-gnu'
host_alias='x86_64-conda-linux-gnu'
host_cpu='x86_64'
host_os='linux-gnu'
host_vendor='conda'
htmldir='${docdir}'
includedir='${prefix}/include'
infodir='${datarootdir}/info'
install_sh='${SHELL} /home/dkennedy_umass_edu/Madgraph/fastjet-3.4.2/plugins/SISCone/siscone/install-sh'
libdir='${exec_prefix}/lib'
libexecdir='${exec_prefix}/libexec'
localedir='${datarootdir}/locale'
localstatedir='${prefix}/var'
mandir='${datarootdir}/man'
mkdir_p='$(MKDIR_P)'
oldincludedir='/usr/include'
pdfdir='${docdir}'
prefix='/home/dkennedy_umass_edu/Madgraph/fastjet-3.4.2/../fastjet-install'
program_transform_name='s,x,x,'
psdir='${docdir}'
runstatedir='${localstatedir}/run'
sbindir='${exec_prefix}/sbin'
sharedstatedir='${prefix}/com'
sysconfdir='${prefix}/etc'
target_alias=''

## ----------- ##
## confdefs.h. ##
## ----------- ##

/* confdefs.h */
#define PACKAGE_NAME "SISCone"
#define PACKAGE_TARNAME "siscone"
#define PACKAGE_VERSION "3.0.6"
#define PACKAGE_STRING "SISCone 3.0.6"
#define PACKAGE_BUGREPORT ""
#define PACKAGE_URL ""
#define PACKAGE "siscone"
#define VERSION "3.0.6"
#define HAVE_STDIO_H 1
#define HAVE_STDLIB_H 1
#define HAVE_STRING_H 1
#define HAVE_INTTYPES_H 1
#define HAVE_STDINT_H 1
#define HAVE_STRINGS_H 1
#define HAVE_SYS_STAT_H 1
#define HAVE_SYS_TYPES_H 1
#define HAVE_UNISTD_H 1
#define STDC_HEADERS 1
#define HAVE_LIBM 1
#define HAVE_DLFCN_H 1
#define LT_OBJDIR ".libs/"
#define USES_UNIQUE_PTR_AS_AUTO_PTR /**/

configure: exit 0
