 Process in group number            2
 A PDF is used, so alpha_s(MZ) is going to be modified
 Old value of alpha_s from param_card:   0.13000000000000003     
  ****************************************
 
       NNPDFDriver version 1.0.3
   Grid: NNPDF23_lo_as_0130_qed_mem0.grid
  ****************************************
 New value of alpha_s from PDF nn23lo1:  0.13000000000000000     
 Warning! ptj set to xqcut=   20.000000000000000       to improve integration efficiency
 Note that this might affect non-radiated jets,
 e.g. from decays. Use cut_decays=F in run_card.
 Warning! mmjj set to xqcut=   20.000000000000000       to improve integration efficiency
 Note that this might affect non-radiated jets,
 e.g. from decays. Use cut_decays=F in run_card.
 Define smin to   8000.0000000000000     
 Define smin to   8000.0000000000000     
 Define smin to   8000.0000000000000     
 Define smin to   8000.0000000000000     
 *****************************************************
 *               MadGraph/MadEvent                   *
 *        --------------------------------           *
 *          http://madgraph.hep.uiuc.edu             *
 *          http://madgraph.phys.ucl.ac.be           *
 *          http://madgraph.roma2.infn.it            *
 *        --------------------------------           *
 *                                                   *
 *          PARAMETER AND COUPLING VALUES            *
 *                                                   *
 *****************************************************

  External Params
  ---------------------------------
  
 aEWM1 =    132.50700000000001     
 mdl_Gf =    1.1663900000000000E-005
 aS =   0.13000000000000003     
 mdl_ymb =    4.7000000000000002     
 mdl_ymt =    173.00000000000000     
 mdl_ymtau =    1.7769999999999999     
 mdl_MZ =    91.188000000000002     
 mdl_MT =    173.00000000000000     
 mdl_MB =    4.7000000000000002     
 mdl_MH =    125.00000000000000     
 mdl_MTA =    1.7769999999999999     
 mdl_WZ =    2.4414039999999999     
 mdl_WW =    2.0476000000000001     
 mdl_WT =    1.4915000000000000     
 mdl_WH =    6.3823389999999999E-003
  Internal Params
  ---------------------------------
  
 mdl_conjg__CKM1x1 =    1.0000000000000000     
 mdl_CKM3x3 =    1.0000000000000000     
 mdl_conjg__CKM3x3 =    1.0000000000000000     
 mdl_complexi =                (0.0000000000000000,1.0000000000000000)
 mdl_MZ__exp__2 =    8315.2513440000002     
 mdl_MZ__exp__4 =    69143404.913893804     
 mdl_sqrt__2 =    1.4142135623730951     
 mdl_MH__exp__2 =    15625.000000000000     
 mdl_aEW =    7.5467711139788835E-003
 mdl_MW =    80.419002445756163     
 mdl_sqrt__aEW =    8.6872153846781555E-002
 mdl_ee =   0.30795376724436879     
 mdl_MW__exp__2 =    6467.2159543705357     
 mdl_sw2 =   0.22224648578577766     
 mdl_cw =   0.88190334743339216     
 mdl_sqrt__sw2 =   0.47143025548407230     
 mdl_sw =   0.47143025548407230     
 mdl_g1 =   0.34919219678733299     
 mdl_gw =   0.65323293034757990     
 mdl_vev =    246.21845810181637     
 mdl_vev__exp__2 =    60623.529110035903     
 mdl_lam =   0.12886910601690263     
 mdl_yb =    2.6995554250465490E-002
 mdl_yt =   0.99366614581500623     
 mdl_ytau =    1.0206617000654717E-002
 mdl_muH =    88.388347648318430     
 mdl_I1x33 =          (2.69955542504654901E-002,0.0000000000000000)
 mdl_I2x33 =               (0.99366614581500623,0.0000000000000000)
 mdl_I3x33 =               (0.99366614581500623,0.0000000000000000)
 mdl_I4x33 =          (2.69955542504654901E-002,0.0000000000000000)
 mdl_ee__exp__2 =    9.4835522759998875E-002
 mdl_sw__exp__2 =   0.22224648578577769     
 mdl_cw__exp__2 =   0.77775351421422245     
  Internal Params evaluated point by point
  ----------------------------------------
  
 mdl_sqrt__aS =   0.36055512754639896     
 mdl_G__exp__2 =    1.6336281798666927     
  Couplings of sm
  ---------------------------------
  
        GC_10 =  -0.12781E+01   0.00000E+00
        GC_11 =   0.00000E+00   0.12781E+01
        GC_50 =  -0.00000E+00  -0.28804E+00
        GC_58 =  -0.00000E+00  -0.27437E-01
        GC_59 =   0.00000E+00   0.82310E-01

 Collider parameters:
 --------------------

 Running at P P   machine @    13000.000000000000       GeV
 PDF set = nn23lo1
 alpha_s(Mz)= 0.1300 running at 2 loops.
 alpha_s(Mz)= 0.1300 running at 2 loops.
 Renormalization scale set on event-by-event basis
 Factorization   scale set on event-by-event basis


 getting user params
Enter number of events and max and min iterations: 
 Number of events and iterations         1000           5           3
Enter desired fractional accuracy: 
 Desired fractional accuracy:   0.10000000000000001     
Enter 0 for fixed, 2 for adjustable grid: 
Suppress amplitude (0 no, 1 yes)? 
 Using suppressed amplitude.
Exact helicity sum (0 yes, n = number/event)? 
 Explicitly summing over helicities
Enter Configuration Number: 
Running Configuration Number:   10
 Not subdividing B.W.
 Attempting mappinvarients           1           8
 Determine nb_t
 T-channel found:            3
 Completed mapping           8
 about to integrate           16        1000           7           3          16           1
 Using non-zero grid deformation.
 16 dimensions   1000 events 16 invarients  7 iterations  1 config(s),  (0.99)
 Using h-tuple random number sequence.
 Error opening grid
 Using Uniform Grid!          32
 Using uniform alpha   1.0000000000000000     
 Grid defined OK
 Masses: 0.000E+00 0.000E+00 0.000E+00 0.000E+00 0.000E+00 0.000E+00 0.000E+00 0.000E+00
 Set CM energy to      13000.00
 Mapping Graph          10  to config          10
 Determine nb_t
 T-channel found:            3
 Setting BW          -1           1   91.188000000000002     
 Setting BW          -2           2   91.188000000000002     
Setting grid   3    0.23669E-05   1
Setting grid   4    0.23669E-05   1
Setting grid   5    0.17619E-04   1
 Transforming s_hat 1/s           15   1.3160304238967098E-004   8000.0000000000000        168999999.99999997     
Using random seed offsets    10 :      4
  with seed                   30
 Ranmar initialization seeds        8301        9408
 
 ********************************************
 * You are using the DiscreteSampler module *
 *      part of the MG5_aMC framework       *
 *         Author: Valentin Hirschi         *
 ********************************************
 
  Particle       3       4       5       6       7       8
      Et >    20.0    20.0    20.0    20.0    20.0    20.0
       E >     0.0     0.0     0.0     0.0     0.0     0.0
     Eta <     2.5     2.5     2.5     2.5     2.8     2.8
   xqcut:      0.0     0.0     0.0     0.0    20.0    20.0
d R # 3  >    -0.0     0.4     0.4     0.4     0.0     0.0
d R # 4  >    -0.0    -0.0     0.4     0.4     0.0     0.0
d R # 5  >    -0.0    -0.0    -0.0     0.4     0.0     0.0
d R # 6  >    -0.0    -0.0    -0.0    -0.0     0.0     0.0
d R # 7  >    -0.0    -0.0    -0.0    -0.0    -0.0     0.0
s min # 3>     0.0     0.0     0.0     0.0     0.0     0.0
s min # 4>     0.0     0.0     0.0     0.0     0.0     0.0
s min # 5>     0.0     0.0     0.0     0.0     0.0     0.0
s min # 6>     0.0     0.0     0.0     0.0     0.0     0.0
s min # 7>     0.0     0.0     0.0     0.0     0.0   400.0
xqcutij # 3>     0.0     0.0     0.0     0.0     0.0     0.0
xqcutij # 4>     0.0     0.0     0.0     0.0     0.0     0.0
xqcutij # 5>     0.0     0.0     0.0     0.0     0.0     0.0
xqcutij # 6>     0.0     0.0     0.0     0.0     0.0     0.0
xqcutij # 7>     0.0     0.0     0.0     0.0     0.0    20.0
 No cut BW           -1           1
 No cut BW           -2           2
 alpha_s for scale    97.249842719080675       is   0.12861877621602272     
 RESET CUMULATIVE VARIABLE
 Iteration  1   Mean: 0.4207E-04 Abs mean: 0.4207E-04   Fluctuation:  0.315E-05   0.155E-02     2.1%
  1    0.4207E-04 0.4207E-04 +- 0.3153E-05      2.37
 Writing out events   2.8922502086671094E-007   2.3705394633716361     
 Relative summed weights:
  0.5006E-01  0.6438E-01  0.5384E-01  0.3766E-01  0.4845E-01  0.4934E-01  0.1051E+00  0.6746E-01
  0.1001E+00  0.4290E-01  0.3811E-01  0.4125E-01  0.6632E-01  0.8664E-01  0.8850E-01  0.5994E-01
 Relative number of events:
  0.4163E-01  0.3370E-01  0.5946E-01  0.3469E-01  0.7136E-01  0.6244E-01  0.9415E-01  0.8722E-01
  0.4559E-01  0.4163E-01  0.4063E-01  0.5352E-01  0.7235E-01  0.9415E-01  0.8920E-01  0.7830E-01
 Events:
          42          34          60          35          72          63          95          88
          46          42          41          54          73          95          90          79
 Iteration  2   Mean: 0.3664E-04 Abs mean: 0.3664E-04   Fluctuation:  0.171E-05   0.101E-02     9.0%
  2    0.3664E-04 0.3664E-04 +- 0.1710E-05      2.09
 Relative summed weights:
  0.5194E-01  0.3099E-01  0.5528E-01  0.4180E-01  0.6948E-01  0.6906E-01  0.6479E-01  0.1061E+00
  0.3327E-01  0.4706E-01  0.6126E-01  0.4133E-01  0.1018E+00  0.6385E-01  0.7208E-01  0.8986E-01
 Relative number of events:
  0.4600E-01  0.4300E-01  0.4250E-01  0.4600E-01  0.6950E-01  0.7550E-01  0.6700E-01  0.8550E-01
  0.4550E-01  0.5700E-01  0.4250E-01  0.4200E-01  0.9250E-01  0.8000E-01  0.8100E-01  0.8450E-01
 Events:
          92          86          85          92         139         151         134         171
          91         114          85          84         185         160         162         169
 Iteration  3   Mean: 0.4051E-04 Abs mean: 0.4051E-04   Fluctuation:  0.138E-05   0.264E-02    11.0%
  3    0.4051E-04 0.4051E-04 +- 0.1379E-05      2.15
 Relative summed weights:
  0.3653E-01  0.4410E-01  0.8499E-01  0.4367E-01  0.7616E-01  0.8183E-01  0.7301E-01  0.9273E-01
  0.4239E-01  0.4120E-01  0.5277E-01  0.4394E-01  0.6486E-01  0.7438E-01  0.6285E-01  0.8459E-01
 Relative number of events:
  0.4500E-01  0.5250E-01  0.4700E-01  0.4525E-01  0.7750E-01  0.7900E-01  0.7475E-01  0.8375E-01
  0.4450E-01  0.4850E-01  0.4775E-01  0.4625E-01  0.7550E-01  0.7750E-01  0.7525E-01  0.8000E-01
 Events:
         180         210         188         181         310         316         299         335
         178         194         191         185         302         310         301         320
 Accuracy:    0.035   0.100   0.026   1.860
 Finished due to accuracy    3.5212166664266943E-002  0.10000000000000001     

 -------------------------------------------------------------------------------
 Accumulated results:   Integral =  0.3951E-04
                        Std dev  =  0.1020E-05
                       Cross sec =  0.3951E-04
             Chi**2 per DoF.     =      1.8599
 -------------------------------------------------------------------------------
 Found         2353  events.
 Wrote          132  events.
 Actual xsec    3.9511703887310182E-005
 Correct abs xsec    3.9511703887310182E-005
 Event xsec    3.9511703887310202E-005
 Events wgts > 1:            2
 % Cross section > 1:    3.3734218478648064E-007  0.85377787237068092     
-------------------------------------------------
---------------------------
 Results Last   3 iters: Integral =   0.3951E-04
                     Abs integral =   0.3951E-04
                          Std dev =   0.1020E-05
                  Chi**2 per DoF. =      1.9997
-------------------------------------------------
---------------------------
 Status  0.10000000000000001                4           7

ls status:
events.lhe
ftn26
input_app.txt
results.dat
run_01_log.txt
run1_app.log
