 Process in group number            3
 A PDF is used, so alpha_s(MZ) is going to be modified
 Old value of alpha_s from param_card:   0.13000000000000003     
  ****************************************
 
       NNPDFDriver version 1.0.3
   Grid: NNPDF23_lo_as_0130_qed_mem0.grid
  ****************************************
 New value of alpha_s from PDF nn23lo1:  0.13000000000000000     
 Warning! ptj set to xqcut=   20.000000000000000       to improve integration efficiency
 Note that this might affect non-radiated jets,
 e.g. from decays. Use cut_decays=F in run_card.
 Warning! mmjj set to xqcut=   20.000000000000000       to improve integration efficiency
 Note that this might affect non-radiated jets,
 e.g. from decays. Use cut_decays=F in run_card.
 Define smin to   4000.0000000000000     
 Define smin to   4000.0000000000000     
 Define smin to   4000.0000000000000     
 Define smin to   4000.0000000000000     
 Define smin to   4000.0000000000000     
 Define smin to   4000.0000000000000     
 Define smin to   4000.0000000000000     
 Define smin to   4000.0000000000000     
 Define smin to   4000.0000000000000     
 Define smin to   4000.0000000000000     
 *****************************************************
 *               MadGraph/MadEvent                   *
 *        --------------------------------           *
 *          http://madgraph.hep.uiuc.edu             *
 *          http://madgraph.phys.ucl.ac.be           *
 *          http://madgraph.roma2.infn.it            *
 *        --------------------------------           *
 *                                                   *
 *          PARAMETER AND COUPLING VALUES            *
 *                                                   *
 *****************************************************

  External Params
  ---------------------------------
  
 aEWM1 =    132.50700000000001     
 mdl_Gf =    1.1663900000000000E-005
 aS =   0.13000000000000003     
 mdl_ymb =    4.7000000000000002     
 mdl_ymt =    173.00000000000000     
 mdl_ymtau =    1.7769999999999999     
 mdl_MZ =    91.188000000000002     
 mdl_MT =    173.00000000000000     
 mdl_MB =    4.7000000000000002     
 mdl_MH =    125.00000000000000     
 mdl_MTA =    1.7769999999999999     
 mdl_WZ =    2.4414039999999999     
 mdl_WW =    2.0476000000000001     
 mdl_WT =    1.4915000000000000     
 mdl_WH =    6.3823389999999999E-003
  Internal Params
  ---------------------------------
  
 mdl_conjg__CKM1x1 =    1.0000000000000000     
 mdl_CKM3x3 =    1.0000000000000000     
 mdl_conjg__CKM3x3 =    1.0000000000000000     
 mdl_complexi =                (0.0000000000000000,1.0000000000000000)
 mdl_MZ__exp__2 =    8315.2513440000002     
 mdl_MZ__exp__4 =    69143404.913893804     
 mdl_sqrt__2 =    1.4142135623730951     
 mdl_MH__exp__2 =    15625.000000000000     
 mdl_aEW =    7.5467711139788835E-003
 mdl_MW =    80.419002445756163     
 mdl_sqrt__aEW =    8.6872153846781555E-002
 mdl_ee =   0.30795376724436879     
 mdl_MW__exp__2 =    6467.2159543705357     
 mdl_sw2 =   0.22224648578577766     
 mdl_cw =   0.88190334743339216     
 mdl_sqrt__sw2 =   0.47143025548407230     
 mdl_sw =   0.47143025548407230     
 mdl_g1 =   0.34919219678733299     
 mdl_gw =   0.65323293034757990     
 mdl_vev =    246.21845810181637     
 mdl_vev__exp__2 =    60623.529110035903     
 mdl_lam =   0.12886910601690263     
 mdl_yb =    2.6995554250465490E-002
 mdl_yt =   0.99366614581500623     
 mdl_ytau =    1.0206617000654717E-002
 mdl_muH =    88.388347648318430     
 mdl_I1x33 =          (2.69955542504654901E-002,0.0000000000000000)
 mdl_I2x33 =               (0.99366614581500623,0.0000000000000000)
 mdl_I3x33 =               (0.99366614581500623,0.0000000000000000)
 mdl_I4x33 =          (2.69955542504654901E-002,0.0000000000000000)
 mdl_ee__exp__2 =    9.4835522759998875E-002
 mdl_sw__exp__2 =   0.22224648578577769     
 mdl_cw__exp__2 =   0.77775351421422245     
  Internal Params evaluated point by point
  ----------------------------------------
  
 mdl_sqrt__aS =   0.36055512754639896     
 mdl_G__exp__2 =    1.6336281798666927     
  Couplings of sm
  ---------------------------------
  
        GC_10 =  -0.12781E+01   0.00000E+00
        GC_11 =   0.00000E+00   0.12781E+01
        GC_12 =   0.00000E+00   0.16336E+01
       GC_100 =   0.00000E+00   0.46191E+00

 Collider parameters:
 --------------------

 Running at P P   machine @    14000.000000000000       GeV
 PDF set = nn23lo1
 alpha_s(Mz)= 0.1300 running at 2 loops.
 alpha_s(Mz)= 0.1300 running at 2 loops.
 Renormalization scale set on event-by-event basis
 Factorization   scale set on event-by-event basis


 getting user params
Enter number of events and max and min iterations: 
 Number of events and iterations         1000           5           3
Enter desired fractional accuracy: 
 Desired fractional accuracy:   0.10000000000000001     
Enter 0 for fixed, 2 for adjustable grid: 
Suppress amplitude (0 no, 1 yes)? 
 Using suppressed amplitude.
Exact helicity sum (0 yes, n = number/event)? 
 Explicitly summing over helicities
Enter Configuration Number: 
Running Configuration Number:   18
 Not subdividing B.W.
 Attempting mappinvarients           1           7
 Determine nb_t
 T-channel found:            2
 Completed mapping           7
 about to integrate           13        1000           7           3          13           1
 Using non-zero grid deformation.
 13 dimensions   1000 events 13 invarients  7 iterations  1 config(s),  (0.99)
 Using h-tuple random number sequence.
 Error opening grid
 Using Uniform Grid!          28
 Using uniform alpha   1.0000000000000000     
 Grid defined OK
 Masses: 0.000E+00 0.000E+00 0.000E+00 0.000E+00 0.000E+00 0.000E+00 0.000E+00
 Set CM energy to      14000.00
 Mapping Graph          18  to config          18
 Determine nb_t
 T-channel found:            2
 Setting BW          -1           1   80.419002445756163     
Setting grid   2    0.12605E-04   1
Setting grid   3    0.20408E-05   1
Setting grid   4    0.20408E-05   1
 Transforming s_hat 1/s           12   6.1404018171547800E-005   4000.0000000000000        195999999.99999997     
Using random seed offsets    18 :      2
  with seed                   27
 Ranmar initialization seeds        4652        9403
 
 ********************************************
 * You are using the DiscreteSampler module *
 *      part of the MG5_aMC framework       *
 *         Author: Valentin Hirschi         *
 ********************************************
 
  Particle       3       4       5       6       7
      Et >    20.0     0.0    20.0    20.0    20.0
       E >     0.0     0.0     0.0     0.0     0.0
     Eta <     2.5    -1.0     2.8     2.8     2.8
   xqcut:      0.0     0.0    20.0    20.0    20.0
d R # 3  >    -0.0     0.0     0.0     0.0     0.0
d R # 4  >    -0.0    -0.0     0.0     0.0     0.0
d R # 5  >    -0.0    -0.0    -0.0     0.0     0.0
d R # 6  >    -0.0    -0.0    -0.0    -0.0     0.0
s min # 3>     0.0     0.0     0.0     0.0     0.0
s min # 4>     0.0     0.0     0.0     0.0     0.0
s min # 5>     0.0     0.0     0.0   400.0   400.0
s min # 6>     0.0     0.0     0.0     0.0   400.0
xqcutij # 3>     0.0     0.0     0.0     0.0     0.0
xqcutij # 4>     0.0     0.0     0.0     0.0     0.0
xqcutij # 5>     0.0     0.0     0.0    20.0    20.0
xqcutij # 6>     0.0     0.0    20.0     0.0    20.0
 No cut BW           -1           1
 alpha_s for scale    127.55032288533022       is   0.12311365257726924     
 RESET CUMULATIVE VARIABLE
 Iteration  1   Mean: 0.2534E+00 Abs mean: 0.2534E+00   Fluctuation:  0.305E-01   0.176E+02     2.4%
  1    0.2534E+00 0.2534E+00 +- 0.3052E-01      3.81
 Writing out events   1.5291888318584195E-003   3.8088982527457205     
 Relative summed weights:
  0.1290E-01  0.2585E-01  0.1152E+00  0.1027E+00  0.0000E+00  0.0000E+00  0.0000E+00  0.0000E+00  0.0000E+00  0.0000E+00  0.0000E+00  0.0000E+00  0.0000E+00  0.0000E+00  0.0000E+00  0.0000E+00  0.0000E+00  0.0000E+00  0.0000E+00  0.0000E+00
  0.2487E-01  0.1908E-01  0.1076E+00  0.5329E-01  0.0000E+00  0.0000E+00  0.0000E+00  0.0000E+00  0.0000E+00  0.0000E+00  0.0000E+00  0.0000E+00  0.0000E+00  0.0000E+00  0.0000E+00  0.0000E+00  0.0000E+00  0.0000E+00  0.0000E+00  0.0000E+00
  0.1742E-01  0.1572E-01  0.0000E+00  0.0000E+00  0.0000E+00  0.0000E+00  0.0000E+00  0.0000E+00  0.3665E-01  0.3037E-01  0.4722E-02  0.2932E-01  0.1181E+00  0.4096E-01  0.0000E+00  0.0000E+00  0.0000E+00  0.0000E+00  0.7578E-02  0.5708E-02
  0.4702E-01  0.1071E-01  0.0000E+00  0.0000E+00  0.0000E+00  0.0000E+00  0.0000E+00  0.0000E+00  0.1650E-01  0.5151E-01  0.1417E-01  0.1144E-01  0.3602E-01  0.3042E-01  0.0000E+00  0.0000E+00  0.0000E+00  0.0000E+00  0.1376E-02  0.9376E-03
  0.0000E+00  0.0000E+00  0.0000E+00  0.0000E+00  0.0000E+00  0.0000E+00  0.0000E+00  0.0000E+00  0.0000E+00  0.0000E+00  0.0000E+00  0.0000E+00  0.0000E+00  0.0000E+00  0.0000E+00  0.0000E+00  0.0000E+00  0.0000E+00  0.3741E-02  0.2576E-02
  0.0000E+00  0.0000E+00  0.0000E+00  0.0000E+00  0.0000E+00  0.0000E+00  0.0000E+00  0.0000E+00  0.0000E+00  0.0000E+00  0.0000E+00  0.0000E+00  0.0000E+00  0.0000E+00  0.0000E+00  0.0000E+00  0.0000E+00  0.0000E+00  0.3855E-02  0.1754E-02
 Relative number of events:
  0.2772E-01  0.3267E-01  0.9406E-01  0.1050E+00  0.0000E+00  0.0000E+00  0.0000E+00  0.0000E+00  0.0000E+00  0.0000E+00  0.0000E+00  0.0000E+00  0.0000E+00  0.0000E+00  0.0000E+00  0.0000E+00  0.0000E+00  0.0000E+00  0.0000E+00  0.0000E+00
  0.1980E-01  0.2376E-01  0.7327E-01  0.7228E-01  0.0000E+00  0.0000E+00  0.0000E+00  0.0000E+00  0.0000E+00  0.0000E+00  0.0000E+00  0.0000E+00  0.0000E+00  0.0000E+00  0.0000E+00  0.0000E+00  0.0000E+00  0.0000E+00  0.0000E+00  0.0000E+00
  0.2574E-01  0.2970E-01  0.0000E+00  0.0000E+00  0.0000E+00  0.0000E+00  0.0000E+00  0.0000E+00  0.3861E-01  0.5050E-01  0.8911E-02  0.2574E-01  0.3663E-01  0.4257E-01  0.0000E+00  0.0000E+00  0.0000E+00  0.0000E+00  0.6931E-02  0.1485E-01
  0.3663E-01  0.2871E-01  0.0000E+00  0.0000E+00  0.0000E+00  0.0000E+00  0.0000E+00  0.0000E+00  0.2673E-01  0.2871E-01  0.1485E-01  0.2277E-01  0.3465E-01  0.3564E-01  0.0000E+00  0.0000E+00  0.0000E+00  0.0000E+00  0.3960E-02  0.6931E-02
  0.0000E+00  0.0000E+00  0.0000E+00  0.0000E+00  0.0000E+00  0.0000E+00  0.0000E+00  0.0000E+00  0.0000E+00  0.0000E+00  0.0000E+00  0.0000E+00  0.0000E+00  0.0000E+00  0.0000E+00  0.0000E+00  0.0000E+00  0.0000E+00  0.9901E-03  0.8911E-02
  0.0000E+00  0.0000E+00  0.0000E+00  0.0000E+00  0.0000E+00  0.0000E+00  0.0000E+00  0.0000E+00  0.0000E+00  0.0000E+00  0.0000E+00  0.0000E+00  0.0000E+00  0.0000E+00  0.0000E+00  0.0000E+00  0.0000E+00  0.0000E+00  0.1386E-01  0.7921E-02
 Events:
          28          33          95         106           0           0           0           0           0           0           0           0           0           0           0           0           0           0           0           0
          20          24          74          73           0           0           0           0           0           0           0           0           0           0           0           0           0           0           0           0
          26          30           0           0           0           0           0           0          39          51           9          26          37          43           0           0           0           0           7          15
          37          29           0           0           0           0           0           0          27          29          15          23          35          36           0           0           0           0           4           7
           0           0           0           0           0           0           0           0           0           0           0           0           0           0           0           0           0           0           1           9
           0           0           0           0           0           0           0           0           0           0           0           0           0           0           0           0           0           0          14           8
 Iteration  2   Mean: 0.2781E+00 Abs mean: 0.2781E+00   Fluctuation:  0.257E-01   0.304E+02     9.1%
  2    0.2781E+00 0.2781E+00 +- 0.2566E-01      4.13
 Relative summed weights:
  0.5394E-01  0.9039E-02  0.8978E-01  0.5693E-01  0.0000E+00  0.0000E+00  0.0000E+00  0.0000E+00  0.0000E+00  0.0000E+00  0.0000E+00  0.0000E+00  0.0000E+00  0.0000E+00  0.0000E+00  0.0000E+00  0.0000E+00  0.0000E+00  0.0000E+00  0.0000E+00
  0.3271E-01  0.2078E-01  0.8612E-01  0.6370E-01  0.0000E+00  0.0000E+00  0.0000E+00  0.0000E+00  0.0000E+00  0.0000E+00  0.0000E+00  0.0000E+00  0.0000E+00  0.0000E+00  0.0000E+00  0.0000E+00  0.0000E+00  0.0000E+00  0.0000E+00  0.0000E+00
  0.9663E-02  0.1498E-01  0.0000E+00  0.0000E+00  0.0000E+00  0.0000E+00  0.0000E+00  0.0000E+00  0.5829E-01  0.9365E-01  0.1307E-01  0.2029E-01  0.2790E-01  0.4833E-01  0.0000E+00  0.0000E+00  0.0000E+00  0.0000E+00  0.5013E-02  0.1127E-01
  0.9548E-02  0.8088E-02  0.0000E+00  0.0000E+00  0.0000E+00  0.0000E+00  0.0000E+00  0.0000E+00  0.3073E-01  0.3851E-01  0.8086E-02  0.9134E-02  0.3469E-01  0.4972E-01  0.0000E+00  0.0000E+00  0.0000E+00  0.0000E+00  0.2217E-01  0.2045E-01
  0.0000E+00  0.0000E+00  0.0000E+00  0.0000E+00  0.0000E+00  0.0000E+00  0.0000E+00  0.0000E+00  0.0000E+00  0.0000E+00  0.0000E+00  0.0000E+00  0.0000E+00  0.0000E+00  0.0000E+00  0.0000E+00  0.0000E+00  0.0000E+00  0.6841E-02  0.7561E-02
  0.0000E+00  0.0000E+00  0.0000E+00  0.0000E+00  0.0000E+00  0.0000E+00  0.0000E+00  0.0000E+00  0.0000E+00  0.0000E+00  0.0000E+00  0.0000E+00  0.0000E+00  0.0000E+00  0.0000E+00  0.0000E+00  0.0000E+00  0.0000E+00  0.3108E-01  0.7919E-02
 Relative number of events:
  0.2400E-01  0.2000E-01  0.8800E-01  0.8700E-01  0.0000E+00  0.0000E+00  0.0000E+00  0.0000E+00  0.0000E+00  0.0000E+00  0.0000E+00  0.0000E+00  0.0000E+00  0.0000E+00  0.0000E+00  0.0000E+00  0.0000E+00  0.0000E+00  0.0000E+00  0.0000E+00
  0.2050E-01  0.2600E-01  0.7500E-01  0.7850E-01  0.0000E+00  0.0000E+00  0.0000E+00  0.0000E+00  0.0000E+00  0.0000E+00  0.0000E+00  0.0000E+00  0.0000E+00  0.0000E+00  0.0000E+00  0.0000E+00  0.0000E+00  0.0000E+00  0.0000E+00  0.0000E+00
  0.2250E-01  0.1650E-01  0.0000E+00  0.0000E+00  0.0000E+00  0.0000E+00  0.0000E+00  0.0000E+00  0.5100E-01  0.5250E-01  0.1750E-01  0.2100E-01  0.4150E-01  0.4100E-01  0.0000E+00  0.0000E+00  0.0000E+00  0.0000E+00  0.1050E-01  0.1400E-01
  0.2150E-01  0.1900E-01  0.0000E+00  0.0000E+00  0.0000E+00  0.0000E+00  0.0000E+00  0.0000E+00  0.3600E-01  0.3550E-01  0.1600E-01  0.2350E-01  0.3750E-01  0.4300E-01  0.0000E+00  0.0000E+00  0.0000E+00  0.0000E+00  0.7000E-02  0.1100E-01
  0.0000E+00  0.0000E+00  0.0000E+00  0.0000E+00  0.0000E+00  0.0000E+00  0.0000E+00  0.0000E+00  0.0000E+00  0.0000E+00  0.0000E+00  0.0000E+00  0.0000E+00  0.0000E+00  0.0000E+00  0.0000E+00  0.0000E+00  0.0000E+00  0.1000E-01  0.9000E-02
  0.0000E+00  0.0000E+00  0.0000E+00  0.0000E+00  0.0000E+00  0.0000E+00  0.0000E+00  0.0000E+00  0.0000E+00  0.0000E+00  0.0000E+00  0.0000E+00  0.0000E+00  0.0000E+00  0.0000E+00  0.0000E+00  0.0000E+00  0.0000E+00  0.1000E-01  0.1400E-01
 Events:
          48          40         176         174           0           0           0           0           0           0           0           0           0           0           0           0           0           0           0           0
          41          52         150         157           0           0           0           0           0           0           0           0           0           0           0           0           0           0           0           0
          45          33           0           0           0           0           0           0         102         105          35          42          83          82           0           0           0           0          21          28
          43          38           0           0           0           0           0           0          72          71          32          47          75          86           0           0           0           0          14          22
           0           0           0           0           0           0           0           0           0           0           0           0           0           0           0           0           0           0          20          18
           0           0           0           0           0           0           0           0           0           0           0           0           0           0           0           0           0           0          20          28
 Iteration  3   Mean: 0.3615E+00 Abs mean: 0.3615E+00   Fluctuation:  0.416E-01   0.108E+03    12.0%
  3    0.3615E+00 0.3615E+00 +- 0.4164E-01      7.29
 Relative summed weights:
  0.1138E-01  0.1543E-01  0.1334E+00  0.1558E+00  0.0000E+00  0.0000E+00  0.0000E+00  0.0000E+00  0.0000E+00  0.0000E+00  0.0000E+00  0.0000E+00  0.0000E+00  0.0000E+00  0.0000E+00  0.0000E+00  0.0000E+00  0.0000E+00  0.0000E+00  0.0000E+00
  0.1911E-01  0.1257E-01  0.4121E-01  0.6041E-01  0.0000E+00  0.0000E+00  0.0000E+00  0.0000E+00  0.0000E+00  0.0000E+00  0.0000E+00  0.0000E+00  0.0000E+00  0.0000E+00  0.0000E+00  0.0000E+00  0.0000E+00  0.0000E+00  0.0000E+00  0.0000E+00
  0.3375E-01  0.2376E-01  0.0000E+00  0.0000E+00  0.0000E+00  0.0000E+00  0.0000E+00  0.0000E+00  0.2140E-01  0.4125E-01  0.3628E-01  0.2678E-01  0.3790E-01  0.2311E-01  0.0000E+00  0.0000E+00  0.0000E+00  0.0000E+00  0.9173E-02  0.5053E-02
  0.2451E-01  0.1900E-01  0.0000E+00  0.0000E+00  0.0000E+00  0.0000E+00  0.0000E+00  0.0000E+00  0.3077E-01  0.5991E-01  0.1134E-01  0.9311E-02  0.3059E-01  0.4510E-01  0.0000E+00  0.0000E+00  0.0000E+00  0.0000E+00  0.3843E-02  0.5845E-02
  0.0000E+00  0.0000E+00  0.0000E+00  0.0000E+00  0.0000E+00  0.0000E+00  0.0000E+00  0.0000E+00  0.0000E+00  0.0000E+00  0.0000E+00  0.0000E+00  0.0000E+00  0.0000E+00  0.0000E+00  0.0000E+00  0.0000E+00  0.0000E+00  0.6180E-02  0.2782E-01
  0.0000E+00  0.0000E+00  0.0000E+00  0.0000E+00  0.0000E+00  0.0000E+00  0.0000E+00  0.0000E+00  0.0000E+00  0.0000E+00  0.0000E+00  0.0000E+00  0.0000E+00  0.0000E+00  0.0000E+00  0.0000E+00  0.0000E+00  0.0000E+00  0.1100E-01  0.7095E-02
 Relative number of events:
  0.2425E-01  0.2775E-01  0.7875E-01  0.8550E-01  0.0000E+00  0.0000E+00  0.0000E+00  0.0000E+00  0.0000E+00  0.0000E+00  0.0000E+00  0.0000E+00  0.0000E+00  0.0000E+00  0.0000E+00  0.0000E+00  0.0000E+00  0.0000E+00  0.0000E+00  0.0000E+00
  0.2775E-01  0.2600E-01  0.7075E-01  0.8150E-01  0.0000E+00  0.0000E+00  0.0000E+00  0.0000E+00  0.0000E+00  0.0000E+00  0.0000E+00  0.0000E+00  0.0000E+00  0.0000E+00  0.0000E+00  0.0000E+00  0.0000E+00  0.0000E+00  0.0000E+00  0.0000E+00
  0.2375E-01  0.1875E-01  0.0000E+00  0.0000E+00  0.0000E+00  0.0000E+00  0.0000E+00  0.0000E+00  0.4150E-01  0.4575E-01  0.1750E-01  0.1900E-01  0.4250E-01  0.3850E-01  0.0000E+00  0.0000E+00  0.0000E+00  0.0000E+00  0.1250E-01  0.1125E-01
  0.2450E-01  0.2725E-01  0.0000E+00  0.0000E+00  0.0000E+00  0.0000E+00  0.0000E+00  0.0000E+00  0.3200E-01  0.4000E-01  0.2275E-01  0.2475E-01  0.3050E-01  0.4025E-01  0.0000E+00  0.0000E+00  0.0000E+00  0.0000E+00  0.8500E-02  0.1050E-01
  0.0000E+00  0.0000E+00  0.0000E+00  0.0000E+00  0.0000E+00  0.0000E+00  0.0000E+00  0.0000E+00  0.0000E+00  0.0000E+00  0.0000E+00  0.0000E+00  0.0000E+00  0.0000E+00  0.0000E+00  0.0000E+00  0.0000E+00  0.0000E+00  0.1150E-01  0.1000E-01
  0.0000E+00  0.0000E+00  0.0000E+00  0.0000E+00  0.0000E+00  0.0000E+00  0.0000E+00  0.0000E+00  0.0000E+00  0.0000E+00  0.0000E+00  0.0000E+00  0.0000E+00  0.0000E+00  0.0000E+00  0.0000E+00  0.0000E+00  0.0000E+00  0.1200E-01  0.1225E-01
 Events:
          97         111         315         342           0           0           0           0           0           0           0           0           0           0           0           0           0           0           0           0
         111         104         283         326           0           0           0           0           0           0           0           0           0           0           0           0           0           0           0           0
          95          75           0           0           0           0           0           0         166         183          70          76         170         154           0           0           0           0          50          45
          98         109           0           0           0           0           0           0         128         160          91          99         122         161           0           0           0           0          34          42
           0           0           0           0           0           0           0           0           0           0           0           0           0           0           0           0           0           0          46          40
           0           0           0           0           0           0           0           0           0           0           0           0           0           0           0           0           0           0          48          49
 Accuracy:    0.103   0.100   0.062   2.782
 Found         1536  events.
 Wrote           12  events.
 Actual xsec   0.29560340762944959     
 Correct abs xsec   0.29560340762944959     
 Event xsec   0.29560340762944953     
 Events wgts > 1:            1
 % Cross section > 1:    8.3864824113044634E-010   2.8370723052750623E-007
 Iteration  4   Mean: 0.3289E+00 Abs mean: 0.3289E+00   Fluctuation:  0.168E-01   0.583E+02    14.1%
  4    0.3289E+00 0.3289E+00 +- 0.1677E-01      4.56
 Relative summed weights:
  0.2210E-01  0.3173E-01  0.1180E+00  0.8822E-01  0.0000E+00  0.0000E+00  0.0000E+00  0.0000E+00  0.0000E+00  0.0000E+00  0.0000E+00  0.0000E+00  0.0000E+00  0.0000E+00  0.0000E+00  0.0000E+00  0.0000E+00  0.0000E+00  0.0000E+00  0.0000E+00
  0.2077E-01  0.1496E-01  0.9292E-01  0.8546E-01  0.0000E+00  0.0000E+00  0.0000E+00  0.0000E+00  0.0000E+00  0.0000E+00  0.0000E+00  0.0000E+00  0.0000E+00  0.0000E+00  0.0000E+00  0.0000E+00  0.0000E+00  0.0000E+00  0.0000E+00  0.0000E+00
  0.3446E-01  0.3399E-01  0.0000E+00  0.0000E+00  0.0000E+00  0.0000E+00  0.0000E+00  0.0000E+00  0.3806E-01  0.4615E-01  0.1202E-01  0.1789E-01  0.3249E-01  0.3723E-01  0.0000E+00  0.0000E+00  0.0000E+00  0.0000E+00  0.7860E-02  0.8646E-02
  0.3004E-01  0.1911E-01  0.0000E+00  0.0000E+00  0.0000E+00  0.0000E+00  0.0000E+00  0.0000E+00  0.4855E-01  0.2993E-01  0.1267E-01  0.1985E-01  0.2459E-01  0.2576E-01  0.0000E+00  0.0000E+00  0.0000E+00  0.0000E+00  0.8118E-02  0.5730E-02
  0.0000E+00  0.0000E+00  0.0000E+00  0.0000E+00  0.0000E+00  0.0000E+00  0.0000E+00  0.0000E+00  0.0000E+00  0.0000E+00  0.0000E+00  0.0000E+00  0.0000E+00  0.0000E+00  0.0000E+00  0.0000E+00  0.0000E+00  0.0000E+00  0.4909E-02  0.1162E-01
  0.0000E+00  0.0000E+00  0.0000E+00  0.0000E+00  0.0000E+00  0.0000E+00  0.0000E+00  0.0000E+00  0.0000E+00  0.0000E+00  0.0000E+00  0.0000E+00  0.0000E+00  0.0000E+00  0.0000E+00  0.0000E+00  0.0000E+00  0.0000E+00  0.8330E-02  0.7840E-02
 Relative number of events:
  0.2538E-01  0.2450E-01  0.8088E-01  0.9075E-01  0.0000E+00  0.0000E+00  0.0000E+00  0.0000E+00  0.0000E+00  0.0000E+00  0.0000E+00  0.0000E+00  0.0000E+00  0.0000E+00  0.0000E+00  0.0000E+00  0.0000E+00  0.0000E+00  0.0000E+00  0.0000E+00
  0.2162E-01  0.2363E-01  0.7675E-01  0.8225E-01  0.0000E+00  0.0000E+00  0.0000E+00  0.0000E+00  0.0000E+00  0.0000E+00  0.0000E+00  0.0000E+00  0.0000E+00  0.0000E+00  0.0000E+00  0.0000E+00  0.0000E+00  0.0000E+00  0.0000E+00  0.0000E+00
  0.2350E-01  0.2450E-01  0.0000E+00  0.0000E+00  0.0000E+00  0.0000E+00  0.0000E+00  0.0000E+00  0.4200E-01  0.5025E-01  0.1525E-01  0.2063E-01  0.3875E-01  0.4163E-01  0.0000E+00  0.0000E+00  0.0000E+00  0.0000E+00  0.1087E-01  0.1350E-01
  0.2350E-01  0.2625E-01  0.0000E+00  0.0000E+00  0.0000E+00  0.0000E+00  0.0000E+00  0.0000E+00  0.3350E-01  0.3875E-01  0.2025E-01  0.2475E-01  0.3375E-01  0.3525E-01  0.0000E+00  0.0000E+00  0.0000E+00  0.0000E+00  0.9625E-02  0.9375E-02
  0.0000E+00  0.0000E+00  0.0000E+00  0.0000E+00  0.0000E+00  0.0000E+00  0.0000E+00  0.0000E+00  0.0000E+00  0.0000E+00  0.0000E+00  0.0000E+00  0.0000E+00  0.0000E+00  0.0000E+00  0.0000E+00  0.0000E+00  0.0000E+00  0.6375E-02  0.1087E-01
  0.0000E+00  0.0000E+00  0.0000E+00  0.0000E+00  0.0000E+00  0.0000E+00  0.0000E+00  0.0000E+00  0.0000E+00  0.0000E+00  0.0000E+00  0.0000E+00  0.0000E+00  0.0000E+00  0.0000E+00  0.0000E+00  0.0000E+00  0.0000E+00  0.1150E-01  0.9625E-02
 Events:
         203         196         647         726           0           0           0           0           0           0           0           0           0           0           0           0           0           0           0           0
         173         189         614         658           0           0           0           0           0           0           0           0           0           0           0           0           0           0           0           0
         188         196           0           0           0           0           0           0         336         402         122         165         310         333           0           0           0           0          87         108
         188         210           0           0           0           0           0           0         268         310         162         198         270         282           0           0           0           0          77          75
           0           0           0           0           0           0           0           0           0           0           0           0           0           0           0           0           0           0          51          87
           0           0           0           0           0           0           0           0           0           0           0           0           0           0           0           0           0           0          92          77
 Accuracy:    0.058   0.100   0.039   2.208
 Finished due to accuracy    5.8440556839208270E-002  0.10000000000000001     

 -------------------------------------------------------------------------------
 Accumulated results:   Integral =  0.3154E+00
                        Std dev  =  0.1241E-01
                       Cross sec =  0.3154E+00
             Chi**2 per DoF.     =      2.2080
 -------------------------------------------------------------------------------
 Found         2544  events.
 Wrote           56  events.
 Actual xsec   0.32283228614248605     
 Correct abs xsec   0.32283228614248605     
 Event xsec   0.32283228614248671     
 Events wgts > 1:            1
 % Cross section > 1:    1.5744134298338475E-003  0.48768772437430785     
-------------------------------------------------
---------------------------
 Results Last   3 iters: Integral =   0.3228E+00
                     Abs integral =   0.3228E+00
                          Std dev =   0.1343E-01
                  Chi**2 per DoF. =      2.0180
-------------------------------------------------
---------------------------
 Status  0.10000000000000001                5           7

ls status:
events.lhe
ftn26
input_app.txt
log.txt
results.dat
run1_app.log
