 Process in group number            2
 A PDF is used, so alpha_s(MZ) is going to be modified
 Old value of alpha_s from param_card:   0.13000000000000003     
  ****************************************
 
       NNPDFDriver version 1.0.3
   Grid: NNPDF23_lo_as_0130_qed_mem0.grid
  ****************************************
 New value of alpha_s from PDF nn23lo1:  0.13000000000000000     
 Warning! ptj set to xqcut=   20.000000000000000       to improve integration efficiency
 Note that this might affect non-radiated jets,
 e.g. from decays. Use cut_decays=F in run_card.
 Warning! mmjj set to xqcut=   20.000000000000000       to improve integration efficiency
 Note that this might affect non-radiated jets,
 e.g. from decays. Use cut_decays=F in run_card.
 Define smin to   8000.0000000000000     
 Define smin to   8000.0000000000000     
 Define smin to   8000.0000000000000     
 Define smin to   8000.0000000000000     
 *****************************************************
 *               MadGraph/MadEvent                   *
 *        --------------------------------           *
 *          http://madgraph.hep.uiuc.edu             *
 *          http://madgraph.phys.ucl.ac.be           *
 *          http://madgraph.roma2.infn.it            *
 *        --------------------------------           *
 *                                                   *
 *          PARAMETER AND COUPLING VALUES            *
 *                                                   *
 *****************************************************

  External Params
  ---------------------------------
  
 aEWM1 =    132.50700000000001     
 mdl_Gf =    1.1663900000000000E-005
 aS =   0.13000000000000003     
 mdl_ymb =    4.7000000000000002     
 mdl_ymt =    173.00000000000000     
 mdl_ymtau =    1.7769999999999999     
 mdl_MZ =    91.188000000000002     
 mdl_MT =    173.00000000000000     
 mdl_MB =    4.7000000000000002     
 mdl_MH =    125.00000000000000     
 mdl_MTA =    1.7769999999999999     
 mdl_WZ =    2.4414039999999999     
 mdl_WW =    2.0476000000000001     
 mdl_WT =    1.4915000000000000     
 mdl_WH =    6.3823389999999999E-003
  Internal Params
  ---------------------------------
  
 mdl_conjg__CKM1x1 =    1.0000000000000000     
 mdl_CKM3x3 =    1.0000000000000000     
 mdl_conjg__CKM3x3 =    1.0000000000000000     
 mdl_complexi =                (0.0000000000000000,1.0000000000000000)
 mdl_MZ__exp__2 =    8315.2513440000002     
 mdl_MZ__exp__4 =    69143404.913893804     
 mdl_sqrt__2 =    1.4142135623730951     
 mdl_MH__exp__2 =    15625.000000000000     
 mdl_aEW =    7.5467711139788835E-003
 mdl_MW =    80.419002445756163     
 mdl_sqrt__aEW =    8.6872153846781555E-002
 mdl_ee =   0.30795376724436879     
 mdl_MW__exp__2 =    6467.2159543705357     
 mdl_sw2 =   0.22224648578577766     
 mdl_cw =   0.88190334743339216     
 mdl_sqrt__sw2 =   0.47143025548407230     
 mdl_sw =   0.47143025548407230     
 mdl_g1 =   0.34919219678733299     
 mdl_gw =   0.65323293034757990     
 mdl_vev =    246.21845810181637     
 mdl_vev__exp__2 =    60623.529110035903     
 mdl_lam =   0.12886910601690263     
 mdl_yb =    2.6995554250465490E-002
 mdl_yt =   0.99366614581500623     
 mdl_ytau =    1.0206617000654717E-002
 mdl_muH =    88.388347648318430     
 mdl_I1x33 =          (2.69955542504654901E-002,0.0000000000000000)
 mdl_I2x33 =               (0.99366614581500623,0.0000000000000000)
 mdl_I3x33 =               (0.99366614581500623,0.0000000000000000)
 mdl_I4x33 =          (2.69955542504654901E-002,0.0000000000000000)
 mdl_ee__exp__2 =    9.4835522759998875E-002
 mdl_sw__exp__2 =   0.22224648578577769     
 mdl_cw__exp__2 =   0.77775351421422245     
  Internal Params evaluated point by point
  ----------------------------------------
  
 mdl_sqrt__aS =   0.36055512754639896     
 mdl_G__exp__2 =    1.6336281798666927     
  Couplings of sm
  ---------------------------------
  
        GC_10 =  -0.12781E+01   0.00000E+00
        GC_11 =   0.00000E+00   0.12781E+01
        GC_50 =  -0.00000E+00  -0.28804E+00
        GC_58 =  -0.00000E+00  -0.27437E-01
        GC_59 =   0.00000E+00   0.82310E-01

 Collider parameters:
 --------------------

 Running at P P   machine @    13000.000000000000       GeV
 PDF set = nn23lo1
 alpha_s(Mz)= 0.1300 running at 2 loops.
 alpha_s(Mz)= 0.1300 running at 2 loops.
 Renormalization scale set on event-by-event basis
 Factorization   scale set on event-by-event basis


 getting user params
Enter number of events and max and min iterations: 
 Number of events and iterations         1000           5           3
Enter desired fractional accuracy: 
 Desired fractional accuracy:   0.10000000000000001     
Enter 0 for fixed, 2 for adjustable grid: 
Suppress amplitude (0 no, 1 yes)? 
 Using suppressed amplitude.
Exact helicity sum (0 yes, n = number/event)? 
 Explicitly summing over helicities
Enter Configuration Number: 
Running Configuration Number:   10
 Not subdividing B.W.
 Attempting mappinvarients           1           8
 Determine nb_t
 T-channel found:            2
 Completed mapping           8
 about to integrate           16        1000           7           3          16           1
 Using non-zero grid deformation.
 16 dimensions   1000 events 16 invarients  7 iterations  1 config(s),  (0.99)
 Using h-tuple random number sequence.
 Error opening grid
 Using Uniform Grid!          32
 Using uniform alpha   1.0000000000000000     
 Grid defined OK
 Masses: 0.000E+00 0.000E+00 0.000E+00 0.000E+00 0.000E+00 0.000E+00 0.000E+00 0.000E+00
 Set CM energy to      13000.00
 Mapping Graph          10  to config          10
 Determine nb_t
 T-channel found:            2
 Setting BW          -1           1   91.188000000000002     
 Setting BW          -2           2   91.188000000000002     
Setting grid   3    0.17619E-04   1
Setting grid   4    0.23669E-05   1
Setting grid   5    0.17619E-04   1
 Transforming s_hat 1/s           15   1.3160304238967098E-004   8000.0000000000000        168999999.99999997     
Using random seed offsets    10 :      1
  with seed                   30
 Ranmar initialization seeds        8301        9405
 
 ********************************************
 * You are using the DiscreteSampler module *
 *      part of the MG5_aMC framework       *
 *         Author: Valentin Hirschi         *
 ********************************************
 
  Particle       3       4       5       6       7       8
      Et >    20.0    20.0    20.0    20.0    20.0    20.0
       E >     0.0     0.0     0.0     0.0     0.0     0.0
     Eta <     2.5     2.5     2.5     2.5     2.8     2.8
   xqcut:      0.0     0.0     0.0     0.0    20.0    20.0
d R # 3  >    -0.0     0.4     0.4     0.4     0.0     0.0
d R # 4  >    -0.0    -0.0     0.4     0.4     0.0     0.0
d R # 5  >    -0.0    -0.0    -0.0     0.4     0.0     0.0
d R # 6  >    -0.0    -0.0    -0.0    -0.0     0.0     0.0
d R # 7  >    -0.0    -0.0    -0.0    -0.0    -0.0     0.0
s min # 3>     0.0     0.0     0.0     0.0     0.0     0.0
s min # 4>     0.0     0.0     0.0     0.0     0.0     0.0
s min # 5>     0.0     0.0     0.0     0.0     0.0     0.0
s min # 6>     0.0     0.0     0.0     0.0     0.0     0.0
s min # 7>     0.0     0.0     0.0     0.0     0.0   400.0
xqcutij # 3>     0.0     0.0     0.0     0.0     0.0     0.0
xqcutij # 4>     0.0     0.0     0.0     0.0     0.0     0.0
xqcutij # 5>     0.0     0.0     0.0     0.0     0.0     0.0
xqcutij # 6>     0.0     0.0     0.0     0.0     0.0     0.0
xqcutij # 7>     0.0     0.0     0.0     0.0     0.0     0.0
 No cut BW           -1           1
 No cut BW           -2           2
 alpha_s for scale    303.34361921649065       is   0.10835809958931827     
 RESET CUMULATIVE VARIABLE
 Iteration  1   Mean: 0.2988E-04 Abs mean: 0.2988E-04   Fluctuation:  0.231E-05   0.827E-03     2.3%
  1    0.2988E-04 0.2988E-04 +- 0.2313E-05      2.45
 Writing out events   1.8790994317947424E-007   2.4481193711418374     
 Relative summed weights:
  0.2727E-01  0.0000E+00  0.2964E-01  0.0000E+00  0.9694E-01  0.0000E+00  0.8240E-01  0.0000E+00
  0.2888E-01  0.0000E+00  0.8692E-01  0.0000E+00  0.1034E+00  0.0000E+00  0.1094E+00  0.0000E+00
  0.3227E-01  0.0000E+00  0.4961E-01  0.0000E+00  0.7943E-01  0.0000E+00  0.6068E-01  0.0000E+00
  0.1781E-01  0.0000E+00  0.3010E-01  0.0000E+00  0.9469E-01  0.0000E+00  0.7049E-01  0.0000E+00
 Relative number of events:
  0.3667E-01  0.0000E+00  0.4460E-01  0.0000E+00  0.7631E-01  0.0000E+00  0.7631E-01  0.0000E+00
  0.3667E-01  0.0000E+00  0.4658E-01  0.0000E+00  0.8821E-01  0.0000E+00  0.7929E-01  0.0000E+00
  0.4063E-01  0.0000E+00  0.4460E-01  0.0000E+00  0.9019E-01  0.0000E+00  0.8622E-01  0.0000E+00
  0.3171E-01  0.0000E+00  0.4361E-01  0.0000E+00  0.8523E-01  0.0000E+00  0.9316E-01  0.0000E+00
 Events:
          37           0          45           0          77           0          77           0
          37           0          47           0          89           0          80           0
          41           0          45           0          91           0          87           0
          32           0          44           0          86           0          94           0
 Iteration  2   Mean: 0.2598E-04 Abs mean: 0.2598E-04   Fluctuation:  0.120E-05   0.694E-03    10.3%
  2    0.2598E-04 0.2598E-04 +- 0.1197E-05      2.06
 Relative summed weights:
  0.2801E-01  0.0000E+00  0.3942E-01  0.0000E+00  0.8082E-01  0.0000E+00  0.7447E-01  0.0000E+00
  0.4096E-01  0.0000E+00  0.3353E-01  0.0000E+00  0.6281E-01  0.0000E+00  0.8927E-01  0.0000E+00
  0.4083E-01  0.0000E+00  0.3614E-01  0.0000E+00  0.8432E-01  0.0000E+00  0.1115E+00  0.0000E+00
  0.4074E-01  0.0000E+00  0.3548E-01  0.0000E+00  0.1173E+00  0.0000E+00  0.8431E-01  0.0000E+00
 Relative number of events:
  0.3700E-01  0.0000E+00  0.3500E-01  0.0000E+00  0.7950E-01  0.0000E+00  0.7200E-01  0.0000E+00
  0.3650E-01  0.0000E+00  0.3850E-01  0.0000E+00  0.7800E-01  0.0000E+00  0.7200E-01  0.0000E+00
  0.4050E-01  0.0000E+00  0.4850E-01  0.0000E+00  0.8850E-01  0.0000E+00  0.9950E-01  0.0000E+00
  0.3600E-01  0.0000E+00  0.4450E-01  0.0000E+00  0.9700E-01  0.0000E+00  0.9700E-01  0.0000E+00
 Events:
          74           0          70           0         159           0         144           0
          73           0          77           0         156           0         144           0
          81           0          97           0         177           0         199           0
          72           0          89           0         194           0         194           0
 Iteration  3   Mean: 0.2711E-04 Abs mean: 0.2711E-04   Fluctuation:  0.788E-06   0.133E-02    13.3%
  3    0.2711E-04 0.2711E-04 +- 0.7880E-06      1.84
 Relative summed weights:
  0.5649E-01  0.0000E+00  0.3408E-01  0.0000E+00  0.7813E-01  0.0000E+00  0.8474E-01  0.0000E+00
  0.4041E-01  0.0000E+00  0.4263E-01  0.0000E+00  0.8359E-01  0.0000E+00  0.8369E-01  0.0000E+00
  0.4043E-01  0.0000E+00  0.3475E-01  0.0000E+00  0.7784E-01  0.0000E+00  0.8702E-01  0.0000E+00
  0.4435E-01  0.0000E+00  0.3343E-01  0.0000E+00  0.9801E-01  0.0000E+00  0.8042E-01  0.0000E+00
 Relative number of events:
  0.4200E-01  0.0000E+00  0.3375E-01  0.0000E+00  0.7925E-01  0.0000E+00  0.7850E-01  0.0000E+00
  0.3925E-01  0.0000E+00  0.3950E-01  0.0000E+00  0.7400E-01  0.0000E+00  0.8025E-01  0.0000E+00
  0.4450E-01  0.0000E+00  0.4075E-01  0.0000E+00  0.8475E-01  0.0000E+00  0.9000E-01  0.0000E+00
  0.4625E-01  0.0000E+00  0.3700E-01  0.0000E+00  0.9500E-01  0.0000E+00  0.9525E-01  0.0000E+00
 Events:
         168           0         135           0         317           0         314           0
         157           0         158           0         296           0         321           0
         178           0         163           0         339           0         360           0
         185           0         148           0         380           0         381           0
 Accuracy:    0.027   0.100   0.023   1.281
 Finished due to accuracy    2.6515369186100025E-002  0.10000000000000001     

 -------------------------------------------------------------------------------
 Accumulated results:   Integral =  0.2707E-04
                        Std dev  =  0.6342E-06
                       Cross sec =  0.2707E-04
             Chi**2 per DoF.     =      1.2813
 -------------------------------------------------------------------------------
 Found         2100  events.
 Wrote          218  events.
 Actual xsec    2.7074332755397969E-005
 Correct abs xsec    2.7074332755397969E-005
 Event xsec    2.7074332755397965E-005
 Events wgts > 1:            3
 % Cross section > 1:    2.2448812997141813E-007  0.82915480133729480     
-------------------------------------------------
---------------------------
 Results Last   3 iters: Integral =   0.2707E-04
                     Abs integral =   0.2707E-04
                          Std dev =   0.6342E-06
                  Chi**2 per DoF. =      1.1534
-------------------------------------------------
---------------------------
 Status  0.10000000000000001                4           7

ls status:
events.lhe
ftn26
input_app.txt
results.dat
run_01_log.txt
run1_app.log
