 Process in group number            4
 A PDF is used, so alpha_s(MZ) is going to be modified
 Old value of alpha_s from param_card:   0.13000000000000003     
  ****************************************
 
       NNPDFDriver version 1.0.3
   Grid: NNPDF23_lo_as_0130_qed_mem0.grid
  ****************************************
 New value of alpha_s from PDF nn23lo1:  0.13000000000000000     
 Warning! ptj set to xqcut=   20.000000000000000       to improve integration efficiency
 Note that this might affect non-radiated jets,
 e.g. from decays. Use cut_decays=F in run_card.
 Warning! mmjj set to xqcut=   20.000000000000000       to improve integration efficiency
 Note that this might affect non-radiated jets,
 e.g. from decays. Use cut_decays=F in run_card.
 Define smin to   5200.0000000000000     
 Define smin to   5200.0000000000000     
 Define smin to   5200.0000000000000     
 Define smin to   5200.0000000000000     
 *****************************************************
 *               MadGraph/MadEvent                   *
 *        --------------------------------           *
 *          http://madgraph.hep.uiuc.edu             *
 *          http://madgraph.phys.ucl.ac.be           *
 *          http://madgraph.roma2.infn.it            *
 *        --------------------------------           *
 *                                                   *
 *          PARAMETER AND COUPLING VALUES            *
 *                                                   *
 *****************************************************

  External Params
  ---------------------------------
  
 aEWM1 =    132.50700000000001     
 mdl_Gf =    1.1663900000000000E-005
 aS =   0.13000000000000003     
 mdl_ymb =    4.7000000000000002     
 mdl_ymt =    173.00000000000000     
 mdl_ymtau =    1.7769999999999999     
 mdl_MZ =    91.188000000000002     
 mdl_MT =    173.00000000000000     
 mdl_MB =    4.7000000000000002     
 mdl_MH =    125.00000000000000     
 mdl_MTA =    1.7769999999999999     
 mdl_WZ =    2.4414039999999999     
 mdl_WW =    2.0476000000000001     
 mdl_WT =    1.4915000000000000     
 mdl_WH =    6.3823389999999999E-003
  Internal Params
  ---------------------------------
  
 mdl_conjg__CKM3x3 =    1.0000000000000000     
 mdl_CKM3x3 =    1.0000000000000000     
 mdl_conjg__CKM1x1 =    1.0000000000000000     
 mdl_complexi =                (0.0000000000000000,1.0000000000000000)
 mdl_MZ__exp__2 =    8315.2513440000002     
 mdl_MZ__exp__4 =    69143404.913893804     
 mdl_sqrt__2 =    1.4142135623730951     
 mdl_MH__exp__2 =    15625.000000000000     
 mdl_aEW =    7.5467711139788835E-003
 mdl_MW =    80.419002445756163     
 mdl_sqrt__aEW =    8.6872153846781555E-002
 mdl_ee =   0.30795376724436879     
 mdl_MW__exp__2 =    6467.2159543705357     
 mdl_sw2 =   0.22224648578577766     
 mdl_cw =   0.88190334743339216     
 mdl_sqrt__sw2 =   0.47143025548407230     
 mdl_sw =   0.47143025548407230     
 mdl_g1 =   0.34919219678733299     
 mdl_gw =   0.65323293034757990     
 mdl_vev =    246.21845810181637     
 mdl_vev__exp__2 =    60623.529110035903     
 mdl_lam =   0.12886910601690263     
 mdl_yb =    2.6995554250465490E-002
 mdl_yt =   0.99366614581500623     
 mdl_ytau =    1.0206617000654717E-002
 mdl_muH =    88.388347648318430     
 mdl_I1x33 =          (2.69955542504654901E-002,0.0000000000000000)
 mdl_I2x33 =               (0.99366614581500623,0.0000000000000000)
 mdl_I3x33 =               (0.99366614581500623,0.0000000000000000)
 mdl_I4x33 =          (2.69955542504654901E-002,0.0000000000000000)
 mdl_ee__exp__2 =    9.4835522759998875E-002
 mdl_sw__exp__2 =   0.22224648578577769     
 mdl_cw__exp__2 =   0.77775351421422245     
  Internal Params evaluated point by point
  ----------------------------------------
  
 mdl_sqrt__aS =   0.36055512754639896     
 mdl_G__exp__2 =    1.6336281798666927     
  Couplings of sm
  ---------------------------------
  
        GC_10 =  -0.12781E+01   0.00000E+00
        GC_11 =   0.00000E+00   0.12781E+01
        GC_50 =  -0.00000E+00  -0.28804E+00
        GC_53 =   0.00000E+00   0.57609E+00
        GC_58 =  -0.00000E+00  -0.27437E-01
        GC_59 =   0.00000E+00   0.82310E-01
       GC_100 =   0.00000E+00   0.46191E+00

 Collider parameters:
 --------------------

 Running at P P   machine @    13000.000000000000       GeV
 PDF set = nn23lo1
 alpha_s(Mz)= 0.1300 running at 2 loops.
 alpha_s(Mz)= 0.1300 running at 2 loops.
 Renormalization scale set on event-by-event basis
 Factorization   scale set on event-by-event basis


 getting user params
Enter number of events and max and min iterations: 
 Number of events and iterations         1000           5           3
Enter desired fractional accuracy: 
 Desired fractional accuracy:   0.10000000000000001     
Enter 0 for fixed, 2 for adjustable grid: 
Suppress amplitude (0 no, 1 yes)? 
 Using suppressed amplitude.
Exact helicity sum (0 yes, n = number/event)? 
 Explicitly summing over helicities
Enter Configuration Number: 
Running Configuration Number:    2
 Using dconfig=          22
 BW Setting            1           1           2           0           0           0
 Attempting mappinvarients           1           8
 Determine nb_t
 T-channel found:            1
 Completed mapping           8
 about to integrate           16        1000           5           3          16           1
 Using non-zero grid deformation.
 16 dimensions   1000 events 16 invarients  5 iterations  1 config(s),  (0.99)
 Using h-tuple random number sequence.
 Error opening grid
 Using Uniform Grid!          32
 Using uniform alpha   1.0000000000000000     
 Grid defined OK
 Masses: 0.000E+00 0.000E+00 0.000E+00 0.000E+00 0.000E+00 0.000E+00 0.000E+00 0.000E+00
 Set CM energy to      13000.00
 Mapping Graph           2  to config           2
 Determine nb_t
 T-channel found:            1
 Setting BW          -1           1   91.188000000000002     
 Setting BW          -2           2   80.419002445756163     
Setting grid   3    0.64335E-04   1
Setting grid   4    0.64335E-04   1
Setting grid   5    0.23669E-05   1
 Transforming s_hat 1/s           15   1.2316209098858926E-004   5200.0000000000000        168999999.99999997     
Using random seed offsets     2 :      6
  with seed                   27
 Ranmar initialization seeds        4636        9407
 
 ********************************************
 * You are using the DiscreteSampler module *
 *      part of the MG5_aMC framework       *
 *         Author: Valentin Hirschi         *
 ********************************************
 
  Particle       3       4       5       6       7       8
      Et >    20.0     0.0    20.0    20.0    20.0    20.0
       E >     0.0     0.0     0.0     0.0     0.0     0.0
     Eta <     2.5    -1.0     2.5     2.5     2.8     2.8
   xqcut:      0.0     0.0     0.0     0.0    20.0    20.0
d R # 3  >    -0.0     0.0     0.4     0.4     0.0     0.0
d R # 4  >    -0.0    -0.0     0.0     0.0     0.0     0.0
d R # 5  >    -0.0    -0.0    -0.0     0.4     0.0     0.0
d R # 6  >    -0.0    -0.0    -0.0    -0.0     0.0     0.0
d R # 7  >    -0.0    -0.0    -0.0    -0.0    -0.0     0.0
s min # 3>     0.0     0.0     0.0     0.0     0.0     0.0
s min # 4>     0.0     0.0     0.0     0.0     0.0     0.0
s min # 5>     0.0     0.0     0.0     0.0     0.0     0.0
s min # 6>     0.0     0.0     0.0     0.0     0.0     0.0
s min # 7>     0.0     0.0     0.0     0.0     0.0   400.0
xqcutij # 3>     0.0     0.0     0.0     0.0     0.0     0.0
xqcutij # 4>     0.0     0.0     0.0     0.0     0.0     0.0
xqcutij # 5>     0.0     0.0     0.0     0.0     0.0     0.0
xqcutij # 6>     0.0     0.0     0.0     0.0     0.0     0.0
xqcutij # 7>     0.0     0.0     0.0     0.0     0.0    20.0
 Requiring BW           -1           1
 Requiring BW           -2           2
 Excluding BW           -3           3
 alpha_s for scale    1680.2363911251123       is    8.7727170655616568E-002
 RESET CUMULATIVE VARIABLE
 Iteration  1   Mean: 0.3386E-02 Abs mean: 0.3386E-02   Fluctuation:  0.369E-03   0.211E+00     2.7%
  1    0.3386E-02 0.3386E-02 +- 0.3687E-03      3.44
 Writing out events   2.5276774467461882E-005   3.4430094727284843     
 Relative summed weights:
  0.2270E+00  0.1839E+00  0.1876E+00  0.2203E+00  0.7116E-01  0.3652E-01  0.3894E-01  0.3455E-01
 Relative number of events:
  0.1021E+00  0.1368E+00  0.1407E+00  0.1437E+00  0.1338E+00  0.1060E+00  0.1229E+00  0.1140E+00
 Events:
         103         138         142         145         135         107         124         115
 Iteration  2   Mean: 0.2973E-02 Abs mean: 0.2973E-02   Fluctuation:  0.175E-03   0.126E+00    14.9%
  2    0.2973E-02 0.2973E-02 +- 0.1752E-03      2.64
 Relative summed weights:
  0.2035E+00  0.2025E+00  0.1797E+00  0.2114E+00  0.6080E-01  0.5512E-01  0.4689E-01  0.4006E-01
 Relative number of events:
  0.1455E+00  0.1455E+00  0.1450E+00  0.1310E+00  0.1210E+00  0.1070E+00  0.1070E+00  0.9800E-01
 Events:
         291         291         290         262         242         214         214         196
 Iteration  3   Mean: 0.2945E-02 Abs mean: 0.2945E-02   Fluctuation:  0.109E-03   0.129E+00    17.0%
  3    0.2945E-02 0.2945E-02 +- 0.1088E-03      2.34
 Relative summed weights:
  0.1749E+00  0.1952E+00  0.1884E+00  0.1954E+00  0.8064E-01  0.4930E-01  0.5637E-01  0.5977E-01
 Relative number of events:
  0.1353E+00  0.1517E+00  0.1515E+00  0.1405E+00  0.1225E+00  0.9525E-01  0.1050E+00  0.9825E-01
 Events:
         541         607         606         562         490         381         420         393
 Accuracy:    0.027   0.100   0.030   0.832
 Finished due to accuracy    2.7429947488737842E-002  0.10000000000000001     

 -------------------------------------------------------------------------------
 Accumulated results:   Integral =  0.2986E-02
                        Std dev  =  0.8981E-04
                       Cross sec =  0.2986E-02
             Chi**2 per DoF.     =      0.8316
 -------------------------------------------------------------------------------
 Found         1403  events.
 Wrote          195  events.
 Actual xsec    2.9857317244778342E-003
 Correct abs xsec    2.9857317244778342E-003
 Event xsec    2.9857317244778160E-003
 Events wgts > 1:            5
 % Cross section > 1:    2.2249407156101020E-005  0.74519110252587373     
-------------------------------------------------
---------------------------
 Results Last   3 iters: Integral =   0.2986E-02
                     Abs integral =   0.2986E-02
                          Std dev =   0.8981E-04
                  Chi**2 per DoF. =      0.6644
-------------------------------------------------
---------------------------
 Status  0.10000000000000001                4           5

ls status:
events.lhe
ftn26
input_app.txt
results.dat
run1_app.log
