 Process in group number            4
 A PDF is used, so alpha_s(MZ) is going to be modified
 Old value of alpha_s from param_card:   0.13000000000000003     
  ****************************************
 
       NNPDFDriver version 1.0.3
   Grid: NNPDF23_lo_as_0130_qed_mem0.grid
  ****************************************
 New value of alpha_s from PDF nn23lo1:  0.13000000000000000     
 Warning! ptj set to xqcut=   20.000000000000000       to improve integration efficiency
 Note that this might affect non-radiated jets,
 e.g. from decays. Use cut_decays=F in run_card.
 Warning! mmjj set to xqcut=   20.000000000000000       to improve integration efficiency
 Note that this might affect non-radiated jets,
 e.g. from decays. Use cut_decays=F in run_card.
 Define smin to   4000.0000000000000     
 Define smin to   4000.0000000000000     
 *****************************************************
 *               MadGraph/MadEvent                   *
 *        --------------------------------           *
 *          http://madgraph.hep.uiuc.edu             *
 *          http://madgraph.phys.ucl.ac.be           *
 *          http://madgraph.roma2.infn.it            *
 *        --------------------------------           *
 *                                                   *
 *          PARAMETER AND COUPLING VALUES            *
 *                                                   *
 *****************************************************

  External Params
  ---------------------------------
  
 aEWM1 =    132.50700000000001     
 mdl_Gf =    1.1663900000000000E-005
 aS =   0.13000000000000003     
 mdl_ymb =    4.7000000000000002     
 mdl_ymt =    173.00000000000000     
 mdl_ymtau =    1.7769999999999999     
 mdl_MZ =    91.188000000000002     
 mdl_MT =    173.00000000000000     
 mdl_MB =    4.7000000000000002     
 mdl_MH =    125.00000000000000     
 mdl_MTA =    1.7769999999999999     
 mdl_WZ =    2.4414039999999999     
 mdl_WW =    2.0476000000000001     
 mdl_WT =    1.4915000000000000     
 mdl_WH =    6.3823389999999999E-003
  Internal Params
  ---------------------------------
  
 mdl_conjg__CKM1x1 =    1.0000000000000000     
 mdl_CKM3x3 =    1.0000000000000000     
 mdl_conjg__CKM3x3 =    1.0000000000000000     
 mdl_complexi =                (0.0000000000000000,1.0000000000000000)
 mdl_MZ__exp__2 =    8315.2513440000002     
 mdl_MZ__exp__4 =    69143404.913893804     
 mdl_sqrt__2 =    1.4142135623730951     
 mdl_MH__exp__2 =    15625.000000000000     
 mdl_aEW =    7.5467711139788835E-003
 mdl_MW =    80.419002445756163     
 mdl_sqrt__aEW =    8.6872153846781555E-002
 mdl_ee =   0.30795376724436879     
 mdl_MW__exp__2 =    6467.2159543705357     
 mdl_sw2 =   0.22224648578577766     
 mdl_cw =   0.88190334743339216     
 mdl_sqrt__sw2 =   0.47143025548407230     
 mdl_sw =   0.47143025548407230     
 mdl_g1 =   0.34919219678733299     
 mdl_gw =   0.65323293034757990     
 mdl_vev =    246.21845810181637     
 mdl_vev__exp__2 =    60623.529110035903     
 mdl_lam =   0.12886910601690263     
 mdl_yb =    2.6995554250465490E-002
 mdl_yt =   0.99366614581500623     
 mdl_ytau =    1.0206617000654717E-002
 mdl_muH =    88.388347648318430     
 mdl_I1x33 =          (2.69955542504654901E-002,0.0000000000000000)
 mdl_I2x33 =               (0.99366614581500623,0.0000000000000000)
 mdl_I3x33 =               (0.99366614581500623,0.0000000000000000)
 mdl_I4x33 =          (2.69955542504654901E-002,0.0000000000000000)
 mdl_ee__exp__2 =    9.4835522759998875E-002
 mdl_sw__exp__2 =   0.22224648578577769     
 mdl_cw__exp__2 =   0.77775351421422245     
  Internal Params evaluated point by point
  ----------------------------------------
  
 mdl_sqrt__aS =   0.36055512754639896     
 mdl_G__exp__2 =    1.6336281798666927     
  Couplings of sm
  ---------------------------------
  
        GC_10 =  -0.12781E+01   0.00000E+00
        GC_11 =   0.00000E+00   0.12781E+01
        GC_12 =   0.00000E+00   0.16336E+01
       GC_100 =   0.00000E+00   0.46191E+00

 Collider parameters:
 --------------------

 Running at P P   machine @    14000.000000000000       GeV
 PDF set = nn23lo1
 alpha_s(Mz)= 0.1300 running at 2 loops.
 alpha_s(Mz)= 0.1300 running at 2 loops.
 Renormalization scale set on event-by-event basis
 Factorization   scale set on event-by-event basis


 getting user params
Enter number of events and max and min iterations: 
 Number of events and iterations         1000           5           3
Enter desired fractional accuracy: 
 Desired fractional accuracy:   0.10000000000000001     
Enter 0 for fixed, 2 for adjustable grid: 
Suppress amplitude (0 no, 1 yes)? 
 Using suppressed amplitude.
Exact helicity sum (0 yes, n = number/event)? 
 Explicitly summing over helicities
Enter Configuration Number: 
Running Configuration Number:   38
 Not subdividing B.W.
 Attempting mappinvarients           1           7
 Determine nb_t
 T-channel found:            1
 Completed mapping           7
 about to integrate           13        1000           5           3          13           1
 Using non-zero grid deformation.
 13 dimensions   1000 events 13 invarients  5 iterations  1 config(s),  (0.99)
 Using h-tuple random number sequence.
 Error opening grid
 Using Uniform Grid!          28
 Using uniform alpha   1.0000000000000000     
 Grid defined OK
 Masses: 0.000E+00 0.000E+00 0.000E+00 0.000E+00 0.000E+00 0.000E+00 0.000E+00
 Set CM energy to      14000.00
 Mapping Graph          38  to config          38
 Determine nb_t
 T-channel found:            1
Setting grid   1    0.20408E-05   1
Setting grid   2    0.20408E-05   1
 Setting BW          -3           1   80.419002445756163     
Setting grid   4    0.12605E-04   1
 Transforming s_hat 1/s           12   6.1404018171547800E-005   4000.0000000000000        195999999.99999997     
Using random seed offsets    38 :      7
  with seed                   27
 Ranmar initialization seeds        4672        9408
 
 ********************************************
 * You are using the DiscreteSampler module *
 *      part of the MG5_aMC framework       *
 *         Author: Valentin Hirschi         *
 ********************************************
 
  Particle       3       4       5       6       7
      Et >    20.0     0.0    20.0    20.0    20.0
       E >     0.0     0.0     0.0     0.0     0.0
     Eta <     2.5    -1.0     2.8     2.8     2.8
   xqcut:      0.0     0.0    20.0    20.0    20.0
d R # 3  >    -0.0     0.0     0.0     0.0     0.0
d R # 4  >    -0.0    -0.0     0.0     0.0     0.0
d R # 5  >    -0.0    -0.0    -0.0     0.0     0.0
d R # 6  >    -0.0    -0.0    -0.0    -0.0     0.0
s min # 3>     0.0     0.0     0.0     0.0     0.0
s min # 4>     0.0     0.0     0.0     0.0     0.0
s min # 5>     0.0     0.0     0.0   400.0   400.0
s min # 6>     0.0     0.0     0.0     0.0   400.0
xqcutij # 3>     0.0     0.0     0.0     0.0     0.0
xqcutij # 4>     0.0     0.0     0.0     0.0     0.0
xqcutij # 5>     0.0     0.0     0.0    20.0    20.0
xqcutij # 6>     0.0     0.0    20.0     0.0    20.0
 No cut BW           -3           1
 alpha_s for scale    77.906822403336889       is   0.13350987116397325     
 RESET CUMULATIVE VARIABLE
 Iteration  1   Mean: 0.1648E+01 Abs mean: 0.1648E+01   Fluctuation:  0.343E+00   0.246E+03     2.9%
  1    0.1648E+01 0.1648E+01 +- 0.3427E+00      6.58
 Writing out events   1.1178807597603434E-002   6.5756413571996264     
 Relative summed weights:
  0.1080E+00  0.3256E+00  0.7007E-01  0.7096E-01
  0.7654E-01  0.2209E+00  0.6547E-01  0.6249E-01
 Relative number of events:
  0.3667E-01  0.3370E-01  0.2081E+00  0.2161E+00
  0.2874E-01  0.3568E-01  0.2022E+00  0.2389E+00
 Events:
          37          34         210         218
          29          36         204         241
 Iteration  2   Mean: 0.1784E+01 Abs mean: 0.1784E+01   Fluctuation:  0.258E+00   0.372E+03     8.0%
  2    0.1784E+01 0.1784E+01 +- 0.2583E+00      6.47
 Relative summed weights:
  0.2063E+00  0.1383E+00  0.5635E-01  0.6651E-01
  0.1260E+00  0.2785E+00  0.5625E-01  0.7180E-01
 Relative number of events:
  0.2700E-01  0.3000E-01  0.2340E+00  0.2195E+00
  0.2850E-01  0.3100E-01  0.2240E+00  0.2060E+00
 Events:
          54          60         468         439
          57          62         448         412
 Iteration  3   Mean: 0.1439E+01 Abs mean: 0.1439E+01   Fluctuation:  0.148E+00   0.454E+03     9.5%
  3    0.1439E+01 0.1439E+01 +- 0.1483E+00      6.52
 Relative summed weights:
  0.1850E+00  0.1106E+00  0.7736E-01  0.7141E-01
  0.2539E+00  0.1613E+00  0.8559E-01  0.5493E-01
 Relative number of events:
  0.3200E-01  0.3050E-01  0.2188E+00  0.2162E+00
  0.3600E-01  0.3175E-01  0.2208E+00  0.2140E+00
 Events:
         128         122         875         865
         144         127         883         856
 Accuracy:    0.070   0.100   0.078   0.804
 Finished due to accuracy    6.9825709577215192E-002  0.10000000000000001     

 -------------------------------------------------------------------------------
 Accumulated results:   Integral =  0.1568E+01
                        Std dev  =  0.1221E+00
                       Cross sec =  0.1568E+01
             Chi**2 per DoF.     =      0.8043
 -------------------------------------------------------------------------------
 Found         1030  events.
 Wrote           10  events.
 Actual xsec    1.5681463770947359     
 Correct abs xsec    1.5681463770947359     
 Event xsec    1.5681463770947361     
 Events wgts > 1:            1
 % Cross section > 1:    2.2950458311576938E-008   1.4635405627181726E-006
-------------------------------------------------
---------------------------
 Results Last   3 iters: Integral =   0.1568E+01
                     Abs integral =   0.1568E+01
                          Std dev =   0.1221E+00
                  Chi**2 per DoF. =      0.7582
-------------------------------------------------
---------------------------
 Status  0.10000000000000001                4           5

ls status:
events.lhe
ftn26
input_app.txt
log.txt
results.dat
run1_app.log
