 Process in group number            2
 A PDF is used, so alpha_s(MZ) is going to be modified
 Old value of alpha_s from param_card:   0.13000000000000003     
  ****************************************
 
       NNPDFDriver version 1.0.3
   Grid: NNPDF23_lo_as_0130_qed_mem0.grid
  ****************************************
 New value of alpha_s from PDF nn23lo1:  0.13000000000000000     
 Warning! ptj set to xqcut=   20.000000000000000       to improve integration efficiency
 Note that this might affect non-radiated jets,
 e.g. from decays. Use cut_decays=F in run_card.
 Warning! mmjj set to xqcut=   20.000000000000000       to improve integration efficiency
 Note that this might affect non-radiated jets,
 e.g. from decays. Use cut_decays=F in run_card.
 Define smin to   8000.0000000000000     
 Define smin to   8000.0000000000000     
 Define smin to   8000.0000000000000     
 Define smin to   8000.0000000000000     
 *****************************************************
 *               MadGraph/MadEvent                   *
 *        --------------------------------           *
 *          http://madgraph.hep.uiuc.edu             *
 *          http://madgraph.phys.ucl.ac.be           *
 *          http://madgraph.roma2.infn.it            *
 *        --------------------------------           *
 *                                                   *
 *          PARAMETER AND COUPLING VALUES            *
 *                                                   *
 *****************************************************

  External Params
  ---------------------------------
  
 aEWM1 =    132.50700000000001     
 mdl_Gf =    1.1663900000000000E-005
 aS =   0.13000000000000003     
 mdl_ymb =    4.7000000000000002     
 mdl_ymt =    173.00000000000000     
 mdl_ymtau =    1.7769999999999999     
 mdl_MZ =    91.188000000000002     
 mdl_MT =    173.00000000000000     
 mdl_MB =    4.7000000000000002     
 mdl_MH =    125.00000000000000     
 mdl_MTA =    1.7769999999999999     
 mdl_WZ =    2.4414039999999999     
 mdl_WW =    2.0476000000000001     
 mdl_WT =    1.4915000000000000     
 mdl_WH =    6.3823389999999999E-003
  Internal Params
  ---------------------------------
  
 mdl_conjg__CKM1x1 =    1.0000000000000000     
 mdl_CKM3x3 =    1.0000000000000000     
 mdl_conjg__CKM3x3 =    1.0000000000000000     
 mdl_complexi =                (0.0000000000000000,1.0000000000000000)
 mdl_MZ__exp__2 =    8315.2513440000002     
 mdl_MZ__exp__4 =    69143404.913893804     
 mdl_sqrt__2 =    1.4142135623730951     
 mdl_MH__exp__2 =    15625.000000000000     
 mdl_aEW =    7.5467711139788835E-003
 mdl_MW =    80.419002445756163     
 mdl_sqrt__aEW =    8.6872153846781555E-002
 mdl_ee =   0.30795376724436879     
 mdl_MW__exp__2 =    6467.2159543705357     
 mdl_sw2 =   0.22224648578577766     
 mdl_cw =   0.88190334743339216     
 mdl_sqrt__sw2 =   0.47143025548407230     
 mdl_sw =   0.47143025548407230     
 mdl_g1 =   0.34919219678733299     
 mdl_gw =   0.65323293034757990     
 mdl_vev =    246.21845810181637     
 mdl_vev__exp__2 =    60623.529110035903     
 mdl_lam =   0.12886910601690263     
 mdl_yb =    2.6995554250465490E-002
 mdl_yt =   0.99366614581500623     
 mdl_ytau =    1.0206617000654717E-002
 mdl_muH =    88.388347648318430     
 mdl_I1x33 =          (2.69955542504654901E-002,0.0000000000000000)
 mdl_I2x33 =               (0.99366614581500623,0.0000000000000000)
 mdl_I3x33 =               (0.99366614581500623,0.0000000000000000)
 mdl_I4x33 =          (2.69955542504654901E-002,0.0000000000000000)
 mdl_ee__exp__2 =    9.4835522759998875E-002
 mdl_sw__exp__2 =   0.22224648578577769     
 mdl_cw__exp__2 =   0.77775351421422245     
  Internal Params evaluated point by point
  ----------------------------------------
  
 mdl_sqrt__aS =   0.36055512754639896     
 mdl_G__exp__2 =    1.6336281798666927     
  Couplings of sm
  ---------------------------------
  
        GC_10 =  -0.12781E+01   0.00000E+00
        GC_11 =   0.00000E+00   0.12781E+01
        GC_50 =  -0.00000E+00  -0.28804E+00
        GC_58 =  -0.00000E+00  -0.27437E-01
        GC_59 =   0.00000E+00   0.82310E-01

 Collider parameters:
 --------------------

 Running at P P   machine @    13000.000000000000       GeV
 PDF set = nn23lo1
 alpha_s(Mz)= 0.1300 running at 2 loops.
 alpha_s(Mz)= 0.1300 running at 2 loops.
 Renormalization scale set on event-by-event basis
 Factorization   scale set on event-by-event basis


 getting user params
Enter number of events and max and min iterations: 
 Number of events and iterations         1000           5           3
Enter desired fractional accuracy: 
 Desired fractional accuracy:   0.10000000000000001     
Enter 0 for fixed, 2 for adjustable grid: 
Suppress amplitude (0 no, 1 yes)? 
 Using suppressed amplitude.
Exact helicity sum (0 yes, n = number/event)? 
 Explicitly summing over helicities
Enter Configuration Number: 
Running Configuration Number:   24
 Not subdividing B.W.
 Attempting mappinvarients           1           8
 Determine nb_t
 T-channel found:            3
 Completed mapping           8
 about to integrate           16        1000           7           3          16           1
 Using non-zero grid deformation.
 16 dimensions   1000 events 16 invarients  7 iterations  1 config(s),  (0.99)
 Using h-tuple random number sequence.
 Error opening grid
 Using Uniform Grid!          32
 Using uniform alpha   1.0000000000000000     
 Grid defined OK
 Masses: 0.000E+00 0.000E+00 0.000E+00 0.000E+00 0.000E+00 0.000E+00 0.000E+00 0.000E+00
 Set CM energy to      13000.00
 Mapping Graph          24  to config          24
 Determine nb_t
 T-channel found:            3
 Setting BW          -1           1   91.188000000000002     
 Setting BW          -2           2   91.188000000000002     
Setting grid   3    0.23669E-05   1
Setting grid   4    0.17619E-04   1
Setting grid   5    0.23669E-05   1
 Transforming s_hat 1/s           15   1.3160304238967098E-004   8000.0000000000000        168999999.99999997     
Using random seed offsets    24 :      4
  with seed                   30
 Ranmar initialization seeds        8315        9408
 
 ********************************************
 * You are using the DiscreteSampler module *
 *      part of the MG5_aMC framework       *
 *         Author: Valentin Hirschi         *
 ********************************************
 
  Particle       3       4       5       6       7       8
      Et >    20.0    20.0    20.0    20.0    20.0    20.0
       E >     0.0     0.0     0.0     0.0     0.0     0.0
     Eta <     2.5     2.5     2.5     2.5     2.8     2.8
   xqcut:      0.0     0.0     0.0     0.0    20.0    20.0
d R # 3  >    -0.0     0.4     0.4     0.4     0.0     0.0
d R # 4  >    -0.0    -0.0     0.4     0.4     0.0     0.0
d R # 5  >    -0.0    -0.0    -0.0     0.4     0.0     0.0
d R # 6  >    -0.0    -0.0    -0.0    -0.0     0.0     0.0
d R # 7  >    -0.0    -0.0    -0.0    -0.0    -0.0     0.0
s min # 3>     0.0     0.0     0.0     0.0     0.0     0.0
s min # 4>     0.0     0.0     0.0     0.0     0.0     0.0
s min # 5>     0.0     0.0     0.0     0.0     0.0     0.0
s min # 6>     0.0     0.0     0.0     0.0     0.0     0.0
s min # 7>     0.0     0.0     0.0     0.0     0.0   400.0
xqcutij # 3>     0.0     0.0     0.0     0.0     0.0     0.0
xqcutij # 4>     0.0     0.0     0.0     0.0     0.0     0.0
xqcutij # 5>     0.0     0.0     0.0     0.0     0.0     0.0
xqcutij # 6>     0.0     0.0     0.0     0.0     0.0     0.0
xqcutij # 7>     0.0     0.0     0.0     0.0     0.0    20.0
 No cut BW           -1           1
 No cut BW           -2           2
 alpha_s for scale    181.06844140789147       is   0.11667729740842098     
 RESET CUMULATIVE VARIABLE
 Iteration  1   Mean: 0.3358E-04 Abs mean: 0.3358E-04   Fluctuation:  0.265E-05   0.105E-02     2.3%
  1    0.3358E-04 0.3358E-04 +- 0.2649E-05      2.50
 Writing out events   2.0451032635599290E-007   2.4950399028758663     
 Relative summed weights:
  0.4763E-01  0.6885E-01  0.5942E-01  0.5707E-01  0.5593E-01  0.1046E+00  0.7737E-01  0.7789E-01
  0.5168E-01  0.2719E-01  0.3959E-01  0.3824E-01  0.6523E-01  0.6135E-01  0.1040E+00  0.6391E-01
 Relative number of events:
  0.4559E-01  0.5253E-01  0.5055E-01  0.5550E-01  0.7929E-01  0.9019E-01  0.7136E-01  0.7631E-01
  0.4955E-01  0.4063E-01  0.4361E-01  0.4163E-01  0.7532E-01  0.7433E-01  0.7929E-01  0.7433E-01
 Events:
          46          53          51          56          80          91          72          77
          50          41          44          42          76          75          80          75
 Iteration  2   Mean: 0.4460E-04 Abs mean: 0.4460E-04   Fluctuation:  0.725E-05   0.101E-01    11.4%
  2    0.4460E-04 0.4460E-04 +- 0.7247E-05      7.27
 Relative summed weights:
  0.2862E-01  0.3195E-01  0.9014E-01  0.3848E-01  0.5069E-01  0.1731E+00  0.1399E+00  0.6302E-01
  0.4753E-01  0.3109E-01  0.3160E-01  0.5666E-01  0.4865E-01  0.3707E-01  0.4799E-01  0.8352E-01
 Relative number of events:
  0.4950E-01  0.4650E-01  0.4300E-01  0.4550E-01  0.7600E-01  0.8800E-01  0.8700E-01  0.8450E-01
  0.5100E-01  0.4900E-01  0.4200E-01  0.4650E-01  0.7900E-01  0.6150E-01  0.8200E-01  0.6900E-01
 Events:
          99          93          86          91         152         176         174         169
         102          98          84          93         158         123         164         138
 Iteration  3   Mean: 0.3792E-04 Abs mean: 0.3792E-04   Fluctuation:  0.220E-05   0.696E-02    15.2%
  3    0.3792E-04 0.3792E-04 +- 0.2200E-05      3.67
 Relative summed weights:
  0.4247E-01  0.3977E-01  0.9388E-01  0.4057E-01  0.6815E-01  0.6439E-01  0.7697E-01  0.8205E-01
  0.4905E-01  0.5454E-01  0.4352E-01  0.4784E-01  0.6981E-01  0.7250E-01  0.8409E-01  0.7040E-01
 Relative number of events:
  0.4050E-01  0.4300E-01  0.4700E-01  0.4750E-01  0.7725E-01  0.7550E-01  0.8750E-01  0.7975E-01
  0.4975E-01  0.4525E-01  0.4475E-01  0.4375E-01  0.8050E-01  0.7975E-01  0.8300E-01  0.7525E-01
 Events:
         162         172         188         190         309         302         350         319
         199         181         179         175         322         319         332         301
 Accuracy:    0.056   0.100   0.045   1.576
 Finished due to accuracy    5.6391020721567119E-002  0.10000000000000001     

 -------------------------------------------------------------------------------
 Accumulated results:   Integral =  0.3702E-04
                        Std dev  =  0.1663E-05
                       Cross sec =  0.3702E-04
             Chi**2 per DoF.     =      1.5762
 -------------------------------------------------------------------------------
 Found         1409  events.
 Wrote           25  events.
 Actual xsec    3.7022095270947739E-005
 Correct abs xsec    3.7022095270947739E-005
 Event xsec    3.7022095270947746E-005
 Events wgts > 1:            0
 % Cross section > 1:    0.0000000000000000        0.0000000000000000     
-------------------------------------------------
---------------------------
 Results Last   3 iters: Integral =   0.3702E-04
                     Abs integral =   0.3702E-04
                          Std dev =   0.1663E-05
                  Chi**2 per DoF. =      1.4749
-------------------------------------------------
---------------------------
 Status  0.10000000000000001                4           7

ls status:
events.lhe
ftn26
input_app.txt
results.dat
run_01_log.txt
run1_app.log
