 Process in group number            4
 A PDF is used, so alpha_s(MZ) is going to be modified
 Old value of alpha_s from param_card:   0.13000000000000003     
  ****************************************
 
       NNPDFDriver version 1.0.3
   Grid: NNPDF23_lo_as_0130_qed_mem0.grid
  ****************************************
 New value of alpha_s from PDF nn23lo1:  0.13000000000000000     
 Warning! ptj set to xqcut=   20.000000000000000       to improve integration efficiency
 Note that this might affect non-radiated jets,
 e.g. from decays. Use cut_decays=F in run_card.
 Warning! mmjj set to xqcut=   20.000000000000000       to improve integration efficiency
 Note that this might affect non-radiated jets,
 e.g. from decays. Use cut_decays=F in run_card.
 Define smin to   4000.0000000000000     
 Define smin to   4000.0000000000000     
 *****************************************************
 *               MadGraph/MadEvent                   *
 *        --------------------------------           *
 *          http://madgraph.hep.uiuc.edu             *
 *          http://madgraph.phys.ucl.ac.be           *
 *          http://madgraph.roma2.infn.it            *
 *        --------------------------------           *
 *                                                   *
 *          PARAMETER AND COUPLING VALUES            *
 *                                                   *
 *****************************************************

  External Params
  ---------------------------------
  
 aEWM1 =    132.50700000000001     
 mdl_Gf =    1.1663900000000000E-005
 aS =   0.13000000000000003     
 mdl_ymb =    4.7000000000000002     
 mdl_ymt =    173.00000000000000     
 mdl_ymtau =    1.7769999999999999     
 mdl_MZ =    91.188000000000002     
 mdl_MT =    173.00000000000000     
 mdl_MB =    4.7000000000000002     
 mdl_MH =    125.00000000000000     
 mdl_MTA =    1.7769999999999999     
 mdl_WZ =    2.4414039999999999     
 mdl_WW =    2.0476000000000001     
 mdl_WT =    1.4915000000000000     
 mdl_WH =    6.3823389999999999E-003
  Internal Params
  ---------------------------------
  
 mdl_conjg__CKM1x1 =    1.0000000000000000     
 mdl_CKM3x3 =    1.0000000000000000     
 mdl_conjg__CKM3x3 =    1.0000000000000000     
 mdl_complexi =                (0.0000000000000000,1.0000000000000000)
 mdl_MZ__exp__2 =    8315.2513440000002     
 mdl_MZ__exp__4 =    69143404.913893804     
 mdl_sqrt__2 =    1.4142135623730951     
 mdl_MH__exp__2 =    15625.000000000000     
 mdl_aEW =    7.5467711139788835E-003
 mdl_MW =    80.419002445756163     
 mdl_sqrt__aEW =    8.6872153846781555E-002
 mdl_ee =   0.30795376724436879     
 mdl_MW__exp__2 =    6467.2159543705357     
 mdl_sw2 =   0.22224648578577766     
 mdl_cw =   0.88190334743339216     
 mdl_sqrt__sw2 =   0.47143025548407230     
 mdl_sw =   0.47143025548407230     
 mdl_g1 =   0.34919219678733299     
 mdl_gw =   0.65323293034757990     
 mdl_vev =    246.21845810181637     
 mdl_vev__exp__2 =    60623.529110035903     
 mdl_lam =   0.12886910601690263     
 mdl_yb =    2.6995554250465490E-002
 mdl_yt =   0.99366614581500623     
 mdl_ytau =    1.0206617000654717E-002
 mdl_muH =    88.388347648318430     
 mdl_I1x33 =          (2.69955542504654901E-002,0.0000000000000000)
 mdl_I2x33 =               (0.99366614581500623,0.0000000000000000)
 mdl_I3x33 =               (0.99366614581500623,0.0000000000000000)
 mdl_I4x33 =          (2.69955542504654901E-002,0.0000000000000000)
 mdl_ee__exp__2 =    9.4835522759998875E-002
 mdl_sw__exp__2 =   0.22224648578577769     
 mdl_cw__exp__2 =   0.77775351421422245     
  Internal Params evaluated point by point
  ----------------------------------------
  
 mdl_sqrt__aS =   0.36055512754639896     
 mdl_G__exp__2 =    1.6336281798666927     
  Couplings of sm
  ---------------------------------
  
        GC_10 =  -0.12781E+01   0.00000E+00
        GC_11 =   0.00000E+00   0.12781E+01
        GC_12 =   0.00000E+00   0.16336E+01
       GC_100 =   0.00000E+00   0.46191E+00

 Collider parameters:
 --------------------

 Running at P P   machine @    14000.000000000000       GeV
 PDF set = nn23lo1
 alpha_s(Mz)= 0.1300 running at 2 loops.
 alpha_s(Mz)= 0.1300 running at 2 loops.
 Renormalization scale set on event-by-event basis
 Factorization   scale set on event-by-event basis


 getting user params
Enter number of events and max and min iterations: 
 Number of events and iterations         1000           5           3
Enter desired fractional accuracy: 
 Desired fractional accuracy:   0.10000000000000001     
Enter 0 for fixed, 2 for adjustable grid: 
Suppress amplitude (0 no, 1 yes)? 
 Using suppressed amplitude.
Exact helicity sum (0 yes, n = number/event)? 
 Explicitly summing over helicities
Enter Configuration Number: 
Running Configuration Number:   28
 Not subdividing B.W.
 Attempting mappinvarients           1           7
 Determine nb_t
 T-channel found:            0
 Completed mapping           7
 about to integrate           13        1000           5           3          13           1
 Using non-zero grid deformation.
 13 dimensions   1000 events 13 invarients  5 iterations  1 config(s),  (0.99)
 Using h-tuple random number sequence.
 Error opening grid
 Using Uniform Grid!          28
 Using uniform alpha   1.0000000000000000     
 Grid defined OK
 Masses: 0.000E+00 0.000E+00 0.000E+00 0.000E+00 0.000E+00 0.000E+00 0.000E+00
 Set CM energy to      14000.00
 Mapping Graph          28  to config          28
 Determine nb_t
 T-channel found:            0
Setting grid   1    0.20408E-05   1
 Setting BW          -2           1   80.419002445756163     
Setting grid   3    0.24790E-04   1
 Transforming s_hat 1/s           12   6.1404018171547800E-005   4000.0000000000000        195999999.99999997     
Using random seed offsets    28 :      7
  with seed                   27
 Ranmar initialization seeds        4662        9408
 
 ********************************************
 * You are using the DiscreteSampler module *
 *      part of the MG5_aMC framework       *
 *         Author: Valentin Hirschi         *
 ********************************************
 
  Particle       3       4       5       6       7
      Et >    20.0     0.0    20.0    20.0    20.0
       E >     0.0     0.0     0.0     0.0     0.0
     Eta <     2.5    -1.0     2.8     2.8     2.8
   xqcut:      0.0     0.0    20.0    20.0    20.0
d R # 3  >    -0.0     0.0     0.0     0.0     0.0
d R # 4  >    -0.0    -0.0     0.0     0.0     0.0
d R # 5  >    -0.0    -0.0    -0.0     0.0     0.0
d R # 6  >    -0.0    -0.0    -0.0    -0.0     0.0
s min # 3>     0.0     0.0     0.0     0.0     0.0
s min # 4>     0.0     0.0     0.0     0.0     0.0
s min # 5>     0.0     0.0     0.0   400.0   400.0
s min # 6>     0.0     0.0     0.0     0.0   400.0
xqcutij # 3>     0.0     0.0     0.0     0.0     0.0
xqcutij # 4>     0.0     0.0     0.0     0.0     0.0
xqcutij # 5>     0.0     0.0     0.0    20.0    20.0
xqcutij # 6>     0.0     0.0    20.0     0.0    20.0
 No cut BW           -2           1
 alpha_s for scale    516.17967265916297       is   0.10096399672072644     
 RESET CUMULATIVE VARIABLE
 Iteration  1   Mean: 0.8212E-01 Abs mean: 0.8212E-01   Fluctuation:  0.578E-02   0.152E+01     4.5%
  1    0.8212E-01 0.8212E-01 +- 0.5777E-02      2.22
 Writing out events   3.6472285365834870E-004   2.2248750618163249     
 Relative summed weights:
  0.1664E+00  0.1724E+00  0.4355E-01  0.1022E+00
  0.2059E+00  0.2033E+00  0.4608E-01  0.6025E-01
 Relative number of events:
  0.1685E+00  0.1734E+00  0.6145E-01  0.8920E-01
  0.1754E+00  0.1814E+00  0.7532E-01  0.7532E-01
 Events:
         170         175          62          90
         177         183          76          76
 Iteration  2   Mean: 0.8698E-01 Abs mean: 0.8698E-01   Fluctuation:  0.525E-02   0.599E+01    11.8%
  2    0.8698E-01 0.8698E-01 +- 0.5251E-02      2.70
 Relative summed weights:
  0.1907E+00  0.1909E+00  0.8014E-01  0.8791E-01
  0.1435E+00  0.1602E+00  0.7371E-01  0.7291E-01
 Relative number of events:
  0.1760E+00  0.1700E+00  0.6900E-01  0.8200E-01
  0.1875E+00  0.1695E+00  0.7200E-01  0.7400E-01
 Events:
         352         340         138         164
         375         339         144         148
 Iteration  3   Mean: 0.8242E-01 Abs mean: 0.8242E-01   Fluctuation:  0.268E-02   0.240E+01    14.7%
  3    0.8242E-01 0.8242E-01 +- 0.2679E-02      2.06
 Relative summed weights:
  0.1778E+00  0.1745E+00  0.7272E-01  0.6777E-01
  0.1729E+00  0.1744E+00  0.7293E-01  0.8706E-01
 Relative number of events:
  0.1678E+00  0.1785E+00  0.7500E-01  0.7000E-01
  0.1795E+00  0.1835E+00  0.6950E-01  0.7625E-01
 Events:
         671         714         300         280
         718         734         278         305
 Accuracy:    0.015   0.100   0.027   0.341
 Finished due to accuracy    1.5471631305363224E-002  0.10000000000000001     

 -------------------------------------------------------------------------------
 Accumulated results:   Integral =  0.8326E-01
                        Std dev  =  0.2207E-02
                       Cross sec =  0.8326E-01
             Chi**2 per DoF.     =      0.3407
 -------------------------------------------------------------------------------
 Found         1668  events.
 Wrote          185  events.
 Actual xsec    8.3258185888608907E-002
 Correct abs xsec    8.3258185888608907E-002
 Event xsec    8.3258185888608532E-002
 Events wgts > 1:            7
 % Cross section > 1:    5.5011447679613077E-004  0.66073320109584321     
-------------------------------------------------
---------------------------
 Results Last   3 iters: Integral =   0.8326E-01
                     Abs integral =   0.8326E-01
                          Std dev =   0.2207E-02
                  Chi**2 per DoF. =      0.3192
-------------------------------------------------
---------------------------
 Status  0.10000000000000001                4           5

ls status:
events.lhe
ftn26
input_app.txt
log.txt
results.dat
run1_app.log
