 Process in group number            2
 A PDF is used, so alpha_s(MZ) is going to be modified
 Old value of alpha_s from param_card:   0.13000000000000003     
  ****************************************
 
       NNPDFDriver version 1.0.3
   Grid: NNPDF23_lo_as_0130_qed_mem0.grid
  ****************************************
 New value of alpha_s from PDF nn23lo1:  0.13000000000000000     
 Warning! ptj set to xqcut=   20.000000000000000       to improve integration efficiency
 Note that this might affect non-radiated jets,
 e.g. from decays. Use cut_decays=F in run_card.
 Warning! mmjj set to xqcut=   20.000000000000000       to improve integration efficiency
 Note that this might affect non-radiated jets,
 e.g. from decays. Use cut_decays=F in run_card.
 Define smin to   8000.0000000000000     
 Define smin to   8000.0000000000000     
 Define smin to   8000.0000000000000     
 Define smin to   8000.0000000000000     
 Define smin to   8000.0000000000000     
 Define smin to   8000.0000000000000     
 Define smin to   8000.0000000000000     
 Define smin to   8000.0000000000000     
 *****************************************************
 *               MadGraph/MadEvent                   *
 *        --------------------------------           *
 *          http://madgraph.hep.uiuc.edu             *
 *          http://madgraph.phys.ucl.ac.be           *
 *          http://madgraph.roma2.infn.it            *
 *        --------------------------------           *
 *                                                   *
 *          PARAMETER AND COUPLING VALUES            *
 *                                                   *
 *****************************************************

  External Params
  ---------------------------------
  
 aEWM1 =    132.50700000000001     
 mdl_Gf =    1.1663900000000000E-005
 aS =   0.13000000000000003     
 mdl_ymb =    4.7000000000000002     
 mdl_ymt =    173.00000000000000     
 mdl_ymtau =    1.7769999999999999     
 mdl_MZ =    91.188000000000002     
 mdl_MT =    173.00000000000000     
 mdl_MB =    4.7000000000000002     
 mdl_MH =    125.00000000000000     
 mdl_MTA =    1.7769999999999999     
 mdl_WZ =    2.4414039999999999     
 mdl_WW =    2.0476000000000001     
 mdl_WT =    1.4915000000000000     
 mdl_WH =    6.3823389999999999E-003
  Internal Params
  ---------------------------------
  
 mdl_conjg__CKM1x1 =    1.0000000000000000     
 mdl_CKM3x3 =    1.0000000000000000     
 mdl_conjg__CKM3x3 =    1.0000000000000000     
 mdl_complexi =                (0.0000000000000000,1.0000000000000000)
 mdl_MZ__exp__2 =    8315.2513440000002     
 mdl_MZ__exp__4 =    69143404.913893804     
 mdl_sqrt__2 =    1.4142135623730951     
 mdl_MH__exp__2 =    15625.000000000000     
 mdl_aEW =    7.5467711139788835E-003
 mdl_MW =    80.419002445756163     
 mdl_sqrt__aEW =    8.6872153846781555E-002
 mdl_ee =   0.30795376724436879     
 mdl_MW__exp__2 =    6467.2159543705357     
 mdl_sw2 =   0.22224648578577766     
 mdl_cw =   0.88190334743339216     
 mdl_sqrt__sw2 =   0.47143025548407230     
 mdl_sw =   0.47143025548407230     
 mdl_g1 =   0.34919219678733299     
 mdl_gw =   0.65323293034757990     
 mdl_vev =    246.21845810181637     
 mdl_vev__exp__2 =    60623.529110035903     
 mdl_lam =   0.12886910601690263     
 mdl_yb =    2.6995554250465490E-002
 mdl_yt =   0.99366614581500623     
 mdl_ytau =    1.0206617000654717E-002
 mdl_muH =    88.388347648318430     
 mdl_I1x33 =          (2.69955542504654901E-002,0.0000000000000000)
 mdl_I2x33 =               (0.99366614581500623,0.0000000000000000)
 mdl_I3x33 =               (0.99366614581500623,0.0000000000000000)
 mdl_I4x33 =          (2.69955542504654901E-002,0.0000000000000000)
 mdl_ee__exp__2 =    9.4835522759998875E-002
 mdl_sw__exp__2 =   0.22224648578577769     
 mdl_cw__exp__2 =   0.77775351421422245     
  Internal Params evaluated point by point
  ----------------------------------------
  
 mdl_sqrt__aS =   0.36055512754639896     
 mdl_G__exp__2 =    1.6336281798666927     
  Couplings of sm
  ---------------------------------
  
        GC_10 =  -0.12781E+01   0.00000E+00
        GC_11 =   0.00000E+00   0.12781E+01
        GC_50 =  -0.00000E+00  -0.28804E+00
        GC_58 =  -0.00000E+00  -0.27437E-01
        GC_59 =   0.00000E+00   0.82310E-01

 Collider parameters:
 --------------------

 Running at P P   machine @    13000.000000000000       GeV
 PDF set = nn23lo1
 alpha_s(Mz)= 0.1300 running at 2 loops.
 alpha_s(Mz)= 0.1300 running at 2 loops.
 Renormalization scale set on event-by-event basis
 Factorization   scale set on event-by-event basis


 getting user params
Enter number of events and max and min iterations: 
 Number of events and iterations         1000           5           3
Enter desired fractional accuracy: 
 Desired fractional accuracy:   0.10000000000000001     
Enter 0 for fixed, 2 for adjustable grid: 
Suppress amplitude (0 no, 1 yes)? 
 Using suppressed amplitude.
Exact helicity sum (0 yes, n = number/event)? 
 Explicitly summing over helicities
Enter Configuration Number: 
Running Configuration Number:   16
 Not subdividing B.W.
 Attempting mappinvarients           1           8
 Determine nb_t
 T-channel found:            0
 Completed mapping           8
 about to integrate           16        1000           5           3          16           1
 Using non-zero grid deformation.
 16 dimensions   1000 events 16 invarients  5 iterations  1 config(s),  (0.99)
 Using h-tuple random number sequence.
 Error opening grid
 Using Uniform Grid!          32
 Using uniform alpha   1.0000000000000000     
 Grid defined OK
 Masses: 0.000E+00 0.000E+00 0.000E+00 0.000E+00 0.000E+00 0.000E+00 0.000E+00 0.000E+00
 Set CM energy to      13000.00
 Mapping Graph          16  to config          16
 Determine nb_t
 T-channel found:            0
 Setting BW          -1           1   91.188000000000002     
Setting grid   2    0.17619E-04   1
Setting grid   3    0.17619E-04   1
 Setting BW          -4           2   91.188000000000002     
 Transforming s_hat 1/s           15   1.3160304238967098E-004   8000.0000000000000        168999999.99999997     
Using random seed offsets    16 :      2
  with seed                   30
 Ranmar initialization seeds        8307        9406
 
 ********************************************
 * You are using the DiscreteSampler module *
 *      part of the MG5_aMC framework       *
 *         Author: Valentin Hirschi         *
 ********************************************
 
  Particle       3       4       5       6       7       8
      Et >    20.0    20.0    20.0    20.0    20.0    20.0
       E >     0.0     0.0     0.0     0.0     0.0     0.0
     Eta <     2.5     2.5     2.5     2.5     2.8     2.8
   xqcut:      0.0     0.0     0.0     0.0    20.0    20.0
d R # 3  >    -0.0     0.4     0.4     0.4     0.0     0.0
d R # 4  >    -0.0    -0.0     0.4     0.4     0.0     0.0
d R # 5  >    -0.0    -0.0    -0.0     0.4     0.0     0.0
d R # 6  >    -0.0    -0.0    -0.0    -0.0     0.0     0.0
d R # 7  >    -0.0    -0.0    -0.0    -0.0    -0.0     0.0
s min # 3>     0.0     0.0     0.0     0.0     0.0     0.0
s min # 4>     0.0     0.0     0.0     0.0     0.0     0.0
s min # 5>     0.0     0.0     0.0     0.0     0.0     0.0
s min # 6>     0.0     0.0     0.0     0.0     0.0     0.0
s min # 7>     0.0     0.0     0.0     0.0     0.0   400.0
xqcutij # 3>     0.0     0.0     0.0     0.0     0.0     0.0
xqcutij # 4>     0.0     0.0     0.0     0.0     0.0     0.0
xqcutij # 5>     0.0     0.0     0.0     0.0     0.0     0.0
xqcutij # 6>     0.0     0.0     0.0     0.0     0.0     0.0
xqcutij # 7>     0.0     0.0     0.0     0.0     0.0    20.0
 No cut BW           -1           1
 No cut BW           -4           2
 alpha_s for scale    3294.2167859124465       is    8.1643683417991053E-002
 RESET CUMULATIVE VARIABLE
 Iteration  1   Mean: 0.2306E-05 Abs mean: 0.2306E-05   Fluctuation:  0.254E-06   0.182E-03     2.9%
  1    0.2306E-05 0.2306E-05 +- 0.2536E-06      3.48
 Writing out events   1.5858191050059019E-008   3.4778252607155875     
 Relative summed weights:
  0.3023E-01  0.2702E-01  0.4548E-01  0.1755E-01  0.3771E-01  0.4405E-01  0.7468E-01  0.3959E-01  0.7324E-02  0.2269E-01  0.5460E-02  0.7536E-02  0.1561E-01  0.7647E-02  0.3189E-01  0.2725E-01
  0.4115E-01  0.7209E-01  0.4742E-01  0.1011E+00  0.2506E-01  0.4499E-01  0.7282E-01  0.3956E-01  0.6333E-02  0.1995E-02  0.2370E-02  0.5878E-02  0.2192E-01  0.1591E-01  0.4716E-01  0.1257E-01
 Relative number of events:
  0.4063E-01  0.3271E-01  0.3964E-01  0.2775E-01  0.6046E-01  0.4163E-01  0.4955E-01  0.5154E-01  0.8920E-02  0.1189E-01  0.1090E-01  0.9911E-02  0.2081E-01  0.2676E-01  0.3072E-01  0.3072E-01
  0.4757E-01  0.3667E-01  0.3766E-01  0.3171E-01  0.4658E-01  0.5253E-01  0.5847E-01  0.5352E-01  0.1090E-01  0.9911E-02  0.7929E-02  0.1090E-01  0.2775E-01  0.2478E-01  0.2775E-01  0.2081E-01
 Events:
          41          33          40          28          61          42          50          52           9          12          11          10          21          27          31          31
          48          37          38          32          47          53          59          54          11          10           8          11          28          25          28          21
 Iteration  2   Mean: 0.2737E-05 Abs mean: 0.2737E-05   Fluctuation:  0.218E-06   0.185E-03    11.7%
  2    0.2737E-05 0.2737E-05 +- 0.2178E-06      3.56
 Relative summed weights:
  0.2866E-01  0.5333E-01  0.2504E-01  0.2563E-01  0.4618E-01  0.6844E-01  0.9234E-01  0.3784E-01  0.6271E-02  0.8666E-02  0.2833E-02  0.7781E-02  0.1570E-01  0.2325E-01  0.2428E-01  0.2636E-01
  0.3627E-01  0.4386E-01  0.5748E-01  0.3135E-01  0.4398E-01  0.4465E-01  0.3993E-01  0.8185E-01  0.9411E-02  0.2080E-02  0.6407E-02  0.3763E-02  0.1882E-01  0.2271E-01  0.2182E-01  0.4302E-01
 Relative number of events:
  0.4200E-01  0.3950E-01  0.3100E-01  0.3600E-01  0.5050E-01  0.4650E-01  0.4700E-01  0.4700E-01  0.9500E-02  0.1350E-01  0.9000E-02  0.1100E-01  0.2400E-01  0.2800E-01  0.2950E-01  0.2850E-01
  0.3850E-01  0.3750E-01  0.4250E-01  0.4000E-01  0.4850E-01  0.4950E-01  0.5750E-01  0.4950E-01  0.9000E-02  0.5500E-02  0.8000E-02  0.8500E-02  0.2700E-01  0.2600E-01  0.2950E-01  0.3050E-01
 Events:
          84          79          62          72         101          93          94          94          19          27          18          22          48          56          59          57
          77          75          85          80          97          99         115          99          18          11          16          17          54          52          59          61
 Iteration  3   Mean: 0.2504E-05 Abs mean: 0.2504E-05   Fluctuation:  0.107E-06   0.157E-03    16.1%
  3    0.2504E-05 0.2504E-05 +- 0.1074E-06      2.71
 Relative summed weights:
  0.3701E-01  0.5205E-01  0.2993E-01  0.5599E-01  0.5178E-01  0.6114E-01  0.6572E-01  0.5523E-01  0.1733E-01  0.1271E-01  0.8439E-02  0.7550E-02  0.1947E-01  0.2436E-01  0.2120E-01  0.2706E-01
  0.3319E-01  0.3942E-01  0.2814E-01  0.3662E-01  0.5780E-01  0.4329E-01  0.4515E-01  0.5410E-01  0.6458E-02  0.1185E-01  0.1087E-01  0.1045E-01  0.1646E-01  0.1987E-01  0.2193E-01  0.1745E-01
 Relative number of events:
  0.3750E-01  0.3675E-01  0.3475E-01  0.4000E-01  0.5525E-01  0.4475E-01  0.5175E-01  0.5025E-01  0.1075E-01  0.1275E-01  0.1150E-01  0.1000E-01  0.2450E-01  0.2500E-01  0.2625E-01  0.2275E-01
  0.3850E-01  0.3550E-01  0.3400E-01  0.4050E-01  0.5675E-01  0.4750E-01  0.5200E-01  0.5600E-01  0.1000E-01  0.1250E-01  0.1075E-01  0.1125E-01  0.2275E-01  0.2600E-01  0.2475E-01  0.2675E-01
 Events:
         150         147         139         160         221         179         207         201          43          51          46          40          98         100         105          91
         154         142         136         162         227         190         208         224          40          50          43          45          91         104          99         107
 Accuracy:    0.034   0.100   0.036   0.883
 Finished due to accuracy    3.3552136268031024E-002  0.10000000000000001     

 -------------------------------------------------------------------------------
 Accumulated results:   Integral =  0.2530E-05
                        Std dev  =  0.9035E-07
                       Cross sec =  0.2530E-05
             Chi**2 per DoF.     =      0.8830
 -------------------------------------------------------------------------------
 Found         1384  events.
 Wrote           92  events.
 Actual xsec    2.5303858104353545E-006
 Correct abs xsec    2.5303858104353545E-006
 Event xsec    2.5303858104353613E-006
 Events wgts > 1:            3
 % Cross section > 1:    1.6048618860967196E-008  0.63423604395750133     
-------------------------------------------------
---------------------------
 Results Last   3 iters: Integral =   0.2530E-05
                     Abs integral =   0.2530E-05
                          Std dev =   0.9035E-07
                  Chi**2 per DoF. =      0.8728
-------------------------------------------------
---------------------------
 Status  0.10000000000000001                4           5

ls status:
events.lhe
ftn26
input_app.txt
results.dat
run_01_log.txt
run1_app.log
